<?xml version="1.0" encoding="utf-8" ?>
<!-- DO NOT EDIT THIS FILE -->

<log version='2.0' source='tcet'>
	<!-- Opened annotation file /work/scitas-ge/richart/test_stacks/syrah/v1/opt/spack/linux-rhel7-skylake_avx512/gcc-8.4.0/intel-oneapi-advisor-2021.4.0-any7cfov5s4ujprr7plf7ks7xzoyqljz/advisor/2021.4.0/lib64/../config/tc/qt.ant -->
	<!-- Opened annotation file /work/scitas-ge/richart/test_stacks/syrah/v1/opt/spack/linux-rhel7-skylake_avx512/gcc-8.4.0/intel-oneapi-advisor-2021.4.0-any7cfov5s4ujprr7plf7ks7xzoyqljz/advisor/2021.4.0/lib64/../config/tc/cpp11.ant -->
	<!-- Opened annotation file /work/scitas-ge/richart/test_stacks/syrah/v1/opt/spack/linux-rhel7-skylake_avx512/gcc-8.4.0/intel-oneapi-advisor-2021.4.0-any7cfov5s4ujprr7plf7ks7xzoyqljz/advisor/2021.4.0/lib64/../config/tc/cpp11_atomics.ant -->
	<!-- Opened annotation file /work/scitas-ge/richart/test_stacks/syrah/v1/opt/spack/linux-rhel7-skylake_avx512/gcc-8.4.0/intel-oneapi-advisor-2021.4.0-any7cfov5s4ujprr7plf7ks7xzoyqljz/advisor/2021.4.0/lib64/../config/tc/opencl.ant -->
	<!-- Opened annotation file /work/scitas-ge/richart/test_stacks/syrah/v1/opt/spack/linux-rhel7-skylake_avx512/gcc-8.4.0/intel-oneapi-advisor-2021.4.0-any7cfov5s4ujprr7plf7ks7xzoyqljz/advisor/2021.4.0/lib64/../config/tc/fortran.ant -->
	<!-- Opened annotation file /work/scitas-ge/richart/test_stacks/syrah/v1/opt/spack/linux-rhel7-skylake_avx512/gcc-8.4.0/intel-oneapi-advisor-2021.4.0-any7cfov5s4ujprr7plf7ks7xzoyqljz/advisor/2021.4.0/lib64/../config/tc/icl.ant -->
	<!-- Opened annotation file /work/scitas-ge/richart/test_stacks/syrah/v1/opt/spack/linux-rhel7-skylake_avx512/gcc-8.4.0/intel-oneapi-advisor-2021.4.0-any7cfov5s4ujprr7plf7ks7xzoyqljz/advisor/2021.4.0/lib64/../config/tc/allocators.ant -->
	<!-- Opened annotation file /work/scitas-ge/richart/test_stacks/syrah/v1/opt/spack/linux-rhel7-skylake_avx512/gcc-8.4.0/intel-oneapi-advisor-2021.4.0-any7cfov5s4ujprr7plf7ks7xzoyqljz/advisor/2021.4.0/lib64/../config/tc/userapi.ant -->
	<msg id='1' display='false' source='tccore'>
		<type>START</type>
		<severity>INFO</severity>
		<timestamp>Thu Jul 21 22:05:52 2022</timestamp>
	</msg>
	<!-- Successfully loaded CCRT 13.10.9 at address 0x2b8380604000 - 0x2b838060d000 -->
	<!-- Successfully loaded the TC Analysis Core 8.18.12 at address 0x2b838244f000 - 0x2b8382480000 -->
	<!-- Successfully loaded the TC Instrumentation Engine 8.18.12 at address 0x2b837ff45000 - 0x2b83801ac000 -->
	<!-- Environment: INTEL_LIBITTNOTIFY32=/work/scitas-ge/richart/test_stacks/syrah/v1/opt/spack/linux-rhel7-skylake_avx512/gcc-8.4.0/intel-oneapi-advisor-2021.4.0-any7cfov5s4ujprr7plf7ks7xzoyqljz/advisor/2021.4.0/lib32/runtime/libittnotify.so -->
	<!-- Environment: INTEL_LIBITTNOTIFY64=/work/scitas-ge/richart/test_stacks/syrah/v1/opt/spack/linux-rhel7-skylake_avx512/gcc-8.4.0/intel-oneapi-advisor-2021.4.0-any7cfov5s4ujprr7plf7ks7xzoyqljz/advisor/2021.4.0/lib64/runtime/libittnotify.so -->
	<!-- Environment: INTEL_JIT_PROFILER32=/work/scitas-ge/richart/test_stacks/syrah/v1/opt/spack/linux-rhel7-skylake_avx512/gcc-8.4.0/intel-oneapi-advisor-2021.4.0-any7cfov5s4ujprr7plf7ks7xzoyqljz/advisor/2021.4.0/lib32/libpinjitprofiling.so -->
	<!-- Environment: INTEL_JIT_PROFILER64=/work/scitas-ge/richart/test_stacks/syrah/v1/opt/spack/linux-rhel7-skylake_avx512/gcc-8.4.0/intel-oneapi-advisor-2021.4.0-any7cfov5s4ujprr7plf7ks7xzoyqljz/advisor/2021.4.0/lib64/libpinjitprofiling.so -->
	<!-- This is the instance of interest -->
	<msg id='2' source='tcet'>
		<type>EXEC_OF_INTEREST</type>
		<severity>INFO</severity>
		<timestamp>Thu Jul 21 22:05:52 2022</timestamp>
		<arg name='process'>/home/llopis/src/coral-demo-cor23/advisor-roofline/mult-many</arg>
		<arg name='pid'>30859</arg>
	</msg>
	<msg id='3' source='tcet'>
		<type>LOAD_MODULE</type>
		<severity>INFO</severity>
		<timestamp>Thu Jul 21 22:05:52 2022</timestamp>
		<arg name='module'>/home/llopis/src/coral-demo-cor23/advisor-roofline/mult-many</arg>
		<arg name='basement'>0x400000</arg>
		<arg name='ceiling'>0x6057ef</arg>
		<arg name='id'>2</arg>
	</msg>
	<msg id='4' source='tcet'>
		<type>LOAD_MODULE</type>
		<severity>INFO</severity>
		<timestamp>Thu Jul 21 22:05:52 2022</timestamp>
		<arg name='module'>/lib64/ld-linux-x86-64.so.2</arg>
		<arg name='basement'>0x2b837dcfd000</arg>
		<arg name='ceiling'>0x2b837df2014f</arg>
		<arg name='id'>3</arg>
	</msg>
	<msg id='5' source='tcet'>
		<type>LOAD_MODULE</type>
		<severity>INFO</severity>
		<timestamp>Thu Jul 21 22:05:52 2022</timestamp>
		<arg name='module'>[vdso]</arg>
		<arg name='basement'>0x7ffde0547000</arg>
		<arg name='ceiling'>0x7ffde0547e6c</arg>
		<arg name='id'>4</arg>
	</msg>
	<msg id='6' source='tcet'>
		<type>LOAD_MODULE</type>
		<severity>INFO</severity>
		<timestamp>Thu Jul 21 22:05:52 2022</timestamp>
		<arg name='module'>/lib64/libm.so.6</arg>
		<arg name='basement'>0x2b83946ac000</arg>
		<arg name='ceiling'>0x2b83949ad127</arg>
		<arg name='id'>5</arg>
	</msg>
	<msg id='7' source='tcet'>
		<type>LOAD_MODULE</type>
		<severity>INFO</severity>
		<timestamp>Thu Jul 21 22:05:52 2022</timestamp>
		<arg name='module'>/ssoft/spack/arvine/v1/opt/spack/linux-rhel7-haswell/gcc-4.8.5/intel-19.0.5-wvfmqbnhon3gjhmctxz4bfs6z7udbgix/compilers_and_libraries_2019.5.281/linux/compiler/lib/intel64/libiomp5.so</arg>
		<arg name='basement'>0x2b8394a08000</arg>
		<arg name='ceiling'>0x2b8394dfc33f</arg>
		<arg name='id'>6</arg>
	</msg>
	<msg id='8' source='tcet'>
		<type>LOAD_MODULE</type>
		<severity>INFO</severity>
		<timestamp>Thu Jul 21 22:05:52 2022</timestamp>
		<arg name='module'>/ssoft/spack/arvine/v1/opt/spack/linux-rhel7-haswell/gcc-4.8.5/gcc-8.4.0-fgpbrrd26pxv56imea5tnqj67vxh3a64/lib64/libgcc_s.so.1</arg>
		<arg name='basement'>0x2b8394dfe000</arg>
		<arg name='ceiling'>0x2b839501544f</arg>
		<arg name='id'>7</arg>
	</msg>
	<msg id='9' source='tcet'>
		<type>LOAD_MODULE</type>
		<severity>INFO</severity>
		<timestamp>Thu Jul 21 22:05:52 2022</timestamp>
		<arg name='module'>/lib64/libpthread.so.0</arg>
		<arg name='basement'>0x2b839501c000</arg>
		<arg name='ceiling'>0x2b8395237487</arg>
		<arg name='id'>8</arg>
	</msg>
	<msg id='10' source='tcet'>
		<type>LOAD_MODULE</type>
		<severity>INFO</severity>
		<timestamp>Thu Jul 21 22:05:53 2022</timestamp>
		<arg name='module'>/lib64/libc.so.6</arg>
		<arg name='basement'>0x2b8395238000</arg>
		<arg name='ceiling'>0x2b83956041df</arg>
		<arg name='id'>9</arg>
	</msg>
	<msg id='11' source='tcet'>
		<type>LOAD_MODULE</type>
		<severity>INFO</severity>
		<timestamp>Thu Jul 21 22:05:53 2022</timestamp>
		<arg name='module'>/lib64/libdl.so.2</arg>
		<arg name='basement'>0x2b8395622000</arg>
		<arg name='ceiling'>0x2b839582510f</arg>
		<arg name='id'>10</arg>
	</msg>
	<msg id='12' source='tcet'>
		<type>LOAD_MODULE</type>
		<severity>INFO</severity>
		<timestamp>Thu Jul 21 22:05:53 2022</timestamp>
		<arg name='module'>/work/scitas-ge/richart/test_stacks/syrah/v1/opt/spack/linux-rhel7-skylake_avx512/gcc-8.4.0/intel-oneapi-advisor-2021.4.0-any7cfov5s4ujprr7plf7ks7xzoyqljz/advisor/2021.4.0/lib64/runtime/libittnotify.so</arg>
		<arg name='basement'>0x2b839714d000</arg>
		<arg name='ceiling'>0x2b839735965f</arg>
		<arg name='id'>11</arg>
	</msg>
	<msg id='13' source='tcet'>
		<type>UNLOAD_MODULE</type>
		<severity>INFO</severity>
		<timestamp>Thu Jul 21 22:05:58 2022</timestamp>
		<arg name='module'>/home/llopis/src/coral-demo-cor23/advisor-roofline/mult-many</arg>
		<arg name='id'>2</arg>
	</msg>
	<msg id='14' source='tcet'>
		<type>UNLOAD_MODULE</type>
		<severity>INFO</severity>
		<timestamp>Thu Jul 21 22:05:58 2022</timestamp>
		<arg name='module'>/lib64/ld-linux-x86-64.so.2</arg>
		<arg name='id'>3</arg>
	</msg>
	<msg id='15' source='tcet'>
		<type>UNLOAD_MODULE</type>
		<severity>INFO</severity>
		<timestamp>Thu Jul 21 22:05:58 2022</timestamp>
		<arg name='module'>[vdso]</arg>
		<arg name='id'>4</arg>
	</msg>
	<msg id='16' source='tcet'>
		<type>UNLOAD_MODULE</type>
		<severity>INFO</severity>
		<timestamp>Thu Jul 21 22:05:58 2022</timestamp>
		<arg name='module'>/lib64/libm.so.6</arg>
		<arg name='id'>5</arg>
	</msg>
	<msg id='17' source='tcet'>
		<type>UNLOAD_MODULE</type>
		<severity>INFO</severity>
		<timestamp>Thu Jul 21 22:05:58 2022</timestamp>
		<arg name='module'>/ssoft/spack/arvine/v1/opt/spack/linux-rhel7-haswell/gcc-4.8.5/intel-19.0.5-wvfmqbnhon3gjhmctxz4bfs6z7udbgix/compilers_and_libraries_2019.5.281/linux/compiler/lib/intel64/libiomp5.so</arg>
		<arg name='id'>6</arg>
	</msg>
	<msg id='18' source='tcet'>
		<type>UNLOAD_MODULE</type>
		<severity>INFO</severity>
		<timestamp>Thu Jul 21 22:05:58 2022</timestamp>
		<arg name='module'>/ssoft/spack/arvine/v1/opt/spack/linux-rhel7-haswell/gcc-4.8.5/gcc-8.4.0-fgpbrrd26pxv56imea5tnqj67vxh3a64/lib64/libgcc_s.so.1</arg>
		<arg name='id'>7</arg>
	</msg>
	<msg id='19' source='tcet'>
		<type>UNLOAD_MODULE</type>
		<severity>INFO</severity>
		<timestamp>Thu Jul 21 22:05:58 2022</timestamp>
		<arg name='module'>/lib64/libpthread.so.0</arg>
		<arg name='id'>8</arg>
	</msg>
	<msg id='20' source='tcet'>
		<type>UNLOAD_MODULE</type>
		<severity>INFO</severity>
		<timestamp>Thu Jul 21 22:05:58 2022</timestamp>
		<arg name='module'>/lib64/libc.so.6</arg>
		<arg name='id'>9</arg>
	</msg>
	<msg id='21' source='tcet'>
		<type>UNLOAD_MODULE</type>
		<severity>INFO</severity>
		<timestamp>Thu Jul 21 22:05:58 2022</timestamp>
		<arg name='module'>/lib64/libdl.so.2</arg>
		<arg name='id'>10</arg>
	</msg>
	<msg id='22' source='tcet'>
		<type>UNLOAD_MODULE</type>
		<severity>INFO</severity>
		<timestamp>Thu Jul 21 22:05:58 2022</timestamp>
		<arg name='module'>/work/scitas-ge/richart/test_stacks/syrah/v1/opt/spack/linux-rhel7-skylake_avx512/gcc-8.4.0/intel-oneapi-advisor-2021.4.0-any7cfov5s4ujprr7plf7ks7xzoyqljz/advisor/2021.4.0/lib64/runtime/libittnotify.so</arg>
		<arg name='id'>11</arg>
	</msg>
	<msg id='23' source='tcet'>
		<type>PROCESS_TERMINATE</type>
		<severity>INFO</severity>
		<timestamp>Thu Jul 21 22:05:58 2022</timestamp>
		<arg name='process'>/home/llopis/src/coral-demo-cor23/advisor-roofline/mult-many</arg>
		<arg name='pid'>30859</arg>
	</msg>
	<msg id='24' source='tccore'>
		<type>NO_ANNOTATIONS</type>
		<severity>WARNING</severity>
		<timestamp>Thu Jul 21 22:05:58 2022</timestamp>
	</msg>
	<msg id='25' display='false' source='tccore'>
		<type>ANALYSIS_COMPLETE</type>
		<severity>INFO</severity>
		<timestamp>Thu Jul 21 22:05:58 2022</timestamp>
	</msg>
	<msg id='26' display='false' source='tccore'>
		<type>STOP</type>
		<severity>INFO</severity>
		<timestamp>Thu Jul 21 22:05:58 2022</timestamp>
	</msg>
</log>