<?xml version="1.0" encoding="utf-8" ?>
<!-- DO NOT EDIT THIS FILE -->

<log version='2.0' source='tcet'>
	<!-- Opened annotation file /work/scitas-ge/richart/test_stacks/syrah/v1/opt/spack/linux-rhel7-skylake_avx512/gcc-8.4.0/intel-oneapi-advisor-2021.4.0-any7cfov5s4ujprr7plf7ks7xzoyqljz/advisor/2021.4.0/lib64/../config/tc/map.ant -->
	<!-- Opened annotation file /work/scitas-ge/richart/test_stacks/syrah/v1/opt/spack/linux-rhel7-skylake_avx512/gcc-8.4.0/intel-oneapi-advisor-2021.4.0-any7cfov5s4ujprr7plf7ks7xzoyqljz/advisor/2021.4.0/lib64/../config/tc/allocators.ant -->
	<msg id='1' display='false' source='map'>
		<type>START</type>
		<severity>INFO</severity>
		<timestamp>Thu Jul 21 22:05:39 2022</timestamp>
	</msg>
	<!-- Successfully loaded CCRT 13.10.9 at address 0x2adc905b2000 - 0x2adc905bb000 -->
	<!-- Successfully loaded the TC Analysis Core 8.18.12 at address 0x2adc923fd000 - 0x2adc9245d000 -->
	<!-- Successfully loaded the TC Instrumentation Engine 8.18.12 at address 0x2adc8fef3000 - 0x2adc9015a000 -->
	<!-- Environment: INTEL_LIBITTNOTIFY32=/work/scitas-ge/richart/test_stacks/syrah/v1/opt/spack/linux-rhel7-skylake_avx512/gcc-8.4.0/intel-oneapi-advisor-2021.4.0-any7cfov5s4ujprr7plf7ks7xzoyqljz/advisor/2021.4.0/lib32/runtime/libittnotify.so -->
	<!-- Environment: INTEL_LIBITTNOTIFY64=/work/scitas-ge/richart/test_stacks/syrah/v1/opt/spack/linux-rhel7-skylake_avx512/gcc-8.4.0/intel-oneapi-advisor-2021.4.0-any7cfov5s4ujprr7plf7ks7xzoyqljz/advisor/2021.4.0/lib64/runtime/libittnotify.so -->
	<!-- Environment: INTEL_JIT_PROFILER32=/work/scitas-ge/richart/test_stacks/syrah/v1/opt/spack/linux-rhel7-skylake_avx512/gcc-8.4.0/intel-oneapi-advisor-2021.4.0-any7cfov5s4ujprr7plf7ks7xzoyqljz/advisor/2021.4.0/lib32/libpinjitprofiling.so -->
	<!-- Environment: INTEL_JIT_PROFILER64=/work/scitas-ge/richart/test_stacks/syrah/v1/opt/spack/linux-rhel7-skylake_avx512/gcc-8.4.0/intel-oneapi-advisor-2021.4.0-any7cfov5s4ujprr7plf7ks7xzoyqljz/advisor/2021.4.0/lib64/libpinjitprofiling.so -->
	<!-- This is the instance of interest -->
	<msg id='2' source='tcet'>
		<type>EXEC_OF_INTEREST</type>
		<severity>INFO</severity>
		<timestamp>Thu Jul 21 22:05:39 2022</timestamp>
		<arg name='process'>/home/llopis/src/coral-demo-cor23/advisor-roofline/mult-many</arg>
		<arg name='pid'>30745</arg>
	</msg>
	<msg id='3' source='tcet'>
		<type>LOAD_MODULE</type>
		<severity>INFO</severity>
		<timestamp>Thu Jul 21 22:05:39 2022</timestamp>
		<arg name='module'>/home/llopis/src/coral-demo-cor23/advisor-roofline/mult-many</arg>
		<arg name='basement'>0x400000</arg>
		<arg name='ceiling'>0x6057ef</arg>
		<arg name='id'>1</arg>
	</msg>
	<msg id='4' source='tcet'>
		<type>LOAD_MODULE</type>
		<severity>INFO</severity>
		<timestamp>Thu Jul 21 22:05:39 2022</timestamp>
		<arg name='module'>/lib64/ld-linux-x86-64.so.2</arg>
		<arg name='basement'>0x2adc8dcab000</arg>
		<arg name='ceiling'>0x2adc8dece14f</arg>
		<arg name='id'>2</arg>
	</msg>
	<msg id='5' source='tcet'>
		<type>LOAD_MODULE</type>
		<severity>INFO</severity>
		<timestamp>Thu Jul 21 22:05:39 2022</timestamp>
		<arg name='module'>[vdso]</arg>
		<arg name='basement'>0x7fff60de4000</arg>
		<arg name='ceiling'>0x7fff60de4e6c</arg>
		<arg name='id'>3</arg>
	</msg>
	<msg id='6' source='tcet'>
		<type>LOAD_MODULE</type>
		<severity>INFO</severity>
		<timestamp>Thu Jul 21 22:05:40 2022</timestamp>
		<arg name='module'>/lib64/libm.so.6</arg>
		<arg name='basement'>0x2adca4026000</arg>
		<arg name='ceiling'>0x2adca4327127</arg>
		<arg name='id'>4</arg>
	</msg>
	<msg id='7' source='tcet'>
		<type>LOAD_MODULE</type>
		<severity>INFO</severity>
		<timestamp>Thu Jul 21 22:05:40 2022</timestamp>
		<arg name='module'>/ssoft/spack/arvine/v1/opt/spack/linux-rhel7-haswell/gcc-4.8.5/intel-19.0.5-wvfmqbnhon3gjhmctxz4bfs6z7udbgix/compilers_and_libraries_2019.5.281/linux/compiler/lib/intel64/libiomp5.so</arg>
		<arg name='basement'>0x2adca43a6000</arg>
		<arg name='ceiling'>0x2adca479a33f</arg>
		<arg name='id'>5</arg>
	</msg>
	<msg id='8' source='tcet'>
		<type>LOAD_MODULE</type>
		<severity>INFO</severity>
		<timestamp>Thu Jul 21 22:05:40 2022</timestamp>
		<arg name='module'>/ssoft/spack/arvine/v1/opt/spack/linux-rhel7-haswell/gcc-4.8.5/gcc-8.4.0-fgpbrrd26pxv56imea5tnqj67vxh3a64/lib64/libgcc_s.so.1</arg>
		<arg name='basement'>0x2adca479b000</arg>
		<arg name='ceiling'>0x2adca49b244f</arg>
		<arg name='id'>6</arg>
	</msg>
	<msg id='9' source='tcet'>
		<type>LOAD_MODULE</type>
		<severity>INFO</severity>
		<timestamp>Thu Jul 21 22:05:40 2022</timestamp>
		<arg name='module'>/lib64/libpthread.so.0</arg>
		<arg name='basement'>0x2adca49b3000</arg>
		<arg name='ceiling'>0x2adca4bce487</arg>
		<arg name='id'>7</arg>
	</msg>
	<msg id='10' source='tcet'>
		<type>LOAD_MODULE</type>
		<severity>INFO</severity>
		<timestamp>Thu Jul 21 22:05:40 2022</timestamp>
		<arg name='module'>/lib64/libc.so.6</arg>
		<arg name='basement'>0x2adca4bcf000</arg>
		<arg name='ceiling'>0x2adca4f9b1df</arg>
		<arg name='id'>8</arg>
	</msg>
	<msg id='11' source='tcet'>
		<type>LOAD_MODULE</type>
		<severity>INFO</severity>
		<timestamp>Thu Jul 21 22:05:40 2022</timestamp>
		<arg name='module'>/lib64/libdl.so.2</arg>
		<arg name='basement'>0x2adca4f9c000</arg>
		<arg name='ceiling'>0x2adca519f10f</arg>
		<arg name='id'>9</arg>
	</msg>
	<msg id='12' source='tcet'>
		<type>LOAD_MODULE</type>
		<severity>INFO</severity>
		<timestamp>Thu Jul 21 22:05:40 2022</timestamp>
		<arg name='module'>/work/scitas-ge/richart/test_stacks/syrah/v1/opt/spack/linux-rhel7-skylake_avx512/gcc-8.4.0/intel-oneapi-advisor-2021.4.0-any7cfov5s4ujprr7plf7ks7xzoyqljz/advisor/2021.4.0/lib64/runtime/libittnotify.so</arg>
		<arg name='basement'>0x2adca6b1e000</arg>
		<arg name='ceiling'>0x2adca6d2a65f</arg>
		<arg name='id'>10</arg>
	</msg>
	<msg id='13' source='tcet'>
		<type>UNLOAD_MODULE</type>
		<severity>INFO</severity>
		<timestamp>Thu Jul 21 22:05:46 2022</timestamp>
		<arg name='module'>/home/llopis/src/coral-demo-cor23/advisor-roofline/mult-many</arg>
		<arg name='id'>1</arg>
	</msg>
	<msg id='14' source='tcet'>
		<type>UNLOAD_MODULE</type>
		<severity>INFO</severity>
		<timestamp>Thu Jul 21 22:05:46 2022</timestamp>
		<arg name='module'>/lib64/ld-linux-x86-64.so.2</arg>
		<arg name='id'>2</arg>
	</msg>
	<msg id='15' source='tcet'>
		<type>UNLOAD_MODULE</type>
		<severity>INFO</severity>
		<timestamp>Thu Jul 21 22:05:46 2022</timestamp>
		<arg name='module'>[vdso]</arg>
		<arg name='id'>3</arg>
	</msg>
	<msg id='16' source='tcet'>
		<type>UNLOAD_MODULE</type>
		<severity>INFO</severity>
		<timestamp>Thu Jul 21 22:05:46 2022</timestamp>
		<arg name='module'>/lib64/libm.so.6</arg>
		<arg name='id'>4</arg>
	</msg>
	<msg id='17' source='tcet'>
		<type>UNLOAD_MODULE</type>
		<severity>INFO</severity>
		<timestamp>Thu Jul 21 22:05:46 2022</timestamp>
		<arg name='module'>/ssoft/spack/arvine/v1/opt/spack/linux-rhel7-haswell/gcc-4.8.5/intel-19.0.5-wvfmqbnhon3gjhmctxz4bfs6z7udbgix/compilers_and_libraries_2019.5.281/linux/compiler/lib/intel64/libiomp5.so</arg>
		<arg name='id'>5</arg>
	</msg>
	<msg id='18' source='tcet'>
		<type>UNLOAD_MODULE</type>
		<severity>INFO</severity>
		<timestamp>Thu Jul 21 22:05:46 2022</timestamp>
		<arg name='module'>/ssoft/spack/arvine/v1/opt/spack/linux-rhel7-haswell/gcc-4.8.5/gcc-8.4.0-fgpbrrd26pxv56imea5tnqj67vxh3a64/lib64/libgcc_s.so.1</arg>
		<arg name='id'>6</arg>
	</msg>
	<msg id='19' source='tcet'>
		<type>UNLOAD_MODULE</type>
		<severity>INFO</severity>
		<timestamp>Thu Jul 21 22:05:46 2022</timestamp>
		<arg name='module'>/lib64/libpthread.so.0</arg>
		<arg name='id'>7</arg>
	</msg>
	<msg id='20' source='tcet'>
		<type>UNLOAD_MODULE</type>
		<severity>INFO</severity>
		<timestamp>Thu Jul 21 22:05:46 2022</timestamp>
		<arg name='module'>/lib64/libc.so.6</arg>
		<arg name='id'>8</arg>
	</msg>
	<msg id='21' source='tcet'>
		<type>UNLOAD_MODULE</type>
		<severity>INFO</severity>
		<timestamp>Thu Jul 21 22:05:46 2022</timestamp>
		<arg name='module'>/lib64/libdl.so.2</arg>
		<arg name='id'>9</arg>
	</msg>
	<msg id='22' source='tcet'>
		<type>UNLOAD_MODULE</type>
		<severity>INFO</severity>
		<timestamp>Thu Jul 21 22:05:46 2022</timestamp>
		<arg name='module'>/work/scitas-ge/richart/test_stacks/syrah/v1/opt/spack/linux-rhel7-skylake_avx512/gcc-8.4.0/intel-oneapi-advisor-2021.4.0-any7cfov5s4ujprr7plf7ks7xzoyqljz/advisor/2021.4.0/lib64/runtime/libittnotify.so</arg>
		<arg name='id'>10</arg>
	</msg>
	<msg id='23' source='tcet'>
		<type>PROCESS_TERMINATE</type>
		<severity>INFO</severity>
		<timestamp>Thu Jul 21 22:05:46 2022</timestamp>
		<arg name='process'>/home/llopis/src/coral-demo-cor23/advisor-roofline/mult-many</arg>
		<arg name='pid'>30745</arg>
	</msg>
	<msg id='24' display='false' source='map'>
		<type>ANALYSIS_COMPLETE</type>
		<severity>INFO</severity>
		<timestamp>Thu Jul 21 22:05:46 2022</timestamp>
	</msg>
	<msg id='25' display='false' source='map'>
		<type>STOP</type>
		<severity>INFO</severity>
		<timestamp>Thu Jul 21 22:05:46 2022</timestamp>
	</msg>
</log>