<?xml version="1.0" encoding="utf-8"?>
<log version="1.0" tool="runtool">

<msg id="1" tool="runtool">
  <type>log-start</type>
  <arg>2022/07/21 20:25:01</arg>
</msg>
<msg id="2" tool="runtool">
  <type>collector-starts</type>
</msg>
<msg id="3" tool="runtool">
  <type>marker-file</type>
  <arg>/home/llopis/src/coral-demo-cor23/advisor-roofline/roofline-mult-many/e000/mp003/mp003.advixe</arg>
</msg>
<msg id="4" tool="tc">
  <type>START</type>
  <severity>INFO</severity>
  <timestamp>Thu Jul 21 20:25:01 2022</timestamp>
</msg>
<msg id="5" tool="tc">
  <type>EXEC_OF_INTEREST</type>
  <arg>/home/llopis/src/coral-demo-cor23/advisor-roofline/mult-many</arg>
  <arg>17989</arg>
  <severity>INFO</severity>
  <timestamp>Thu Jul 21 20:25:01 2022</timestamp>
</msg>
<msg id="6" tool="tc">
  <type>LOAD_MODULE</type>
  <arg>/home/llopis/src/coral-demo-cor23/advisor-roofline/mult-many</arg>
  <arg>0x400000</arg>
  <arg>0x6057ef</arg>
  <arg>1</arg>
  <severity>INFO</severity>
  <timestamp>Thu Jul 21 20:25:01 2022</timestamp>
</msg>
<msg id="7" tool="tc">
  <type>LOAD_MODULE</type>
  <arg>/lib64/ld-linux-x86-64.so.2</arg>
  <arg>0x2b2b8e6b6000</arg>
  <arg>0x2b2b8e8d914f</arg>
  <arg>2</arg>
  <severity>INFO</severity>
  <timestamp>Thu Jul 21 20:25:01 2022</timestamp>
</msg>
<msg id="8" tool="tc">
  <type>LOAD_MODULE</type>
  <arg>[vdso]</arg>
  <arg>0x7ffd72482000</arg>
  <arg>0x7ffd72482e6c</arg>
  <arg>3</arg>
  <severity>INFO</severity>
  <timestamp>Thu Jul 21 20:25:01 2022</timestamp>
</msg>
<msg id="9" tool="tc">
  <type>LOAD_MODULE</type>
  <arg>/lib64/libm.so.6</arg>
  <arg>0x2b2ba4a31000</arg>
  <arg>0x2b2ba4d32127</arg>
  <arg>4</arg>
  <severity>INFO</severity>
  <timestamp>Thu Jul 21 20:25:01 2022</timestamp>
</msg>
<msg id="10" tool="tc">
  <type>LOAD_MODULE</type>
  <arg>/ssoft/spack/arvine/v1/opt/spack/linux-rhel7-haswell/gcc-4.8.5/intel-19.0.5-wvfmqbnhon3gjhmctxz4bfs6z7udbgix/compilers_and_libraries_2019.5.281/linux/compiler/lib/intel64/libiomp5.so</arg>
  <arg>0x2b2ba4db1000</arg>
  <arg>0x2b2ba51a533f</arg>
  <arg>5</arg>
  <severity>INFO</severity>
  <timestamp>Thu Jul 21 20:25:01 2022</timestamp>
</msg>
<msg id="11" tool="tc">
  <type>LOAD_MODULE</type>
  <arg>/ssoft/spack/arvine/v1/opt/spack/linux-rhel7-haswell/gcc-4.8.5/gcc-8.4.0-fgpbrrd26pxv56imea5tnqj67vxh3a64/lib64/libgcc_s.so.1</arg>
  <arg>0x2b2ba51a6000</arg>
  <arg>0x2b2ba53bd44f</arg>
  <arg>6</arg>
  <severity>INFO</severity>
  <timestamp>Thu Jul 21 20:25:01 2022</timestamp>
</msg>
<msg id="12" tool="tc">
  <type>LOAD_MODULE</type>
  <arg>/lib64/libpthread.so.0</arg>
  <arg>0x2b2ba53be000</arg>
  <arg>0x2b2ba55d9487</arg>
  <arg>7</arg>
  <severity>INFO</severity>
  <timestamp>Thu Jul 21 20:25:01 2022</timestamp>
</msg>
<msg id="13" tool="tc">
  <type>LOAD_MODULE</type>
  <arg>/lib64/libc.so.6</arg>
  <arg>0x2b2ba55da000</arg>
  <arg>0x2b2ba59a61df</arg>
  <arg>8</arg>
  <severity>INFO</severity>
  <timestamp>Thu Jul 21 20:25:01 2022</timestamp>
</msg>
<msg id="14" tool="tc">
  <type>LOAD_MODULE</type>
  <arg>/lib64/libdl.so.2</arg>
  <arg>0x2b2ba59a7000</arg>
  <arg>0x2b2ba5baa10f</arg>
  <arg>9</arg>
  <severity>INFO</severity>
  <timestamp>Thu Jul 21 20:25:01 2022</timestamp>
</msg>
<msg id="15" tool="tc">
  <type>LOAD_MODULE</type>
  <arg>/work/scitas-ge/richart/test_stacks/syrah/v1/opt/spack/linux-rhel7-skylake_avx512/gcc-8.4.0/intel-oneapi-advisor-2021.4.0-any7cfov5s4ujprr7plf7ks7xzoyqljz/advisor/2021.4.0/lib64/runtime/libittnotify.so</arg>
  <arg>0x2b2ba7527000</arg>
  <arg>0x2b2ba773365f</arg>
  <arg>10</arg>
  <severity>INFO</severity>
  <timestamp>Thu Jul 21 20:25:02 2022</timestamp>
</msg>
<msg id="16" tool="tc">
  <type>UNLOAD_MODULE</type>
  <arg>/home/llopis/src/coral-demo-cor23/advisor-roofline/mult-many</arg>
  <arg>1</arg>
  <severity>INFO</severity>
  <timestamp>Thu Jul 21 20:25:07 2022</timestamp>
</msg>
<msg id="17" tool="tc">
  <type>UNLOAD_MODULE</type>
  <arg>/lib64/ld-linux-x86-64.so.2</arg>
  <arg>2</arg>
  <severity>INFO</severity>
  <timestamp>Thu Jul 21 20:25:07 2022</timestamp>
</msg>
<msg id="18" tool="tc">
  <type>UNLOAD_MODULE</type>
  <arg>[vdso]</arg>
  <arg>3</arg>
  <severity>INFO</severity>
  <timestamp>Thu Jul 21 20:25:07 2022</timestamp>
</msg>
<msg id="19" tool="tc">
  <type>UNLOAD_MODULE</type>
  <arg>/lib64/libm.so.6</arg>
  <arg>4</arg>
  <severity>INFO</severity>
  <timestamp>Thu Jul 21 20:25:07 2022</timestamp>
</msg>
<msg id="20" tool="tc">
  <type>UNLOAD_MODULE</type>
  <arg>/ssoft/spack/arvine/v1/opt/spack/linux-rhel7-haswell/gcc-4.8.5/intel-19.0.5-wvfmqbnhon3gjhmctxz4bfs6z7udbgix/compilers_and_libraries_2019.5.281/linux/compiler/lib/intel64/libiomp5.so</arg>
  <arg>5</arg>
  <severity>INFO</severity>
  <timestamp>Thu Jul 21 20:25:07 2022</timestamp>
</msg>
<msg id="21" tool="tc">
  <type>UNLOAD_MODULE</type>
  <arg>/ssoft/spack/arvine/v1/opt/spack/linux-rhel7-haswell/gcc-4.8.5/gcc-8.4.0-fgpbrrd26pxv56imea5tnqj67vxh3a64/lib64/libgcc_s.so.1</arg>
  <arg>6</arg>
  <severity>INFO</severity>
  <timestamp>Thu Jul 21 20:25:08 2022</timestamp>
</msg>
<msg id="22" tool="tc">
  <type>UNLOAD_MODULE</type>
  <arg>/lib64/libpthread.so.0</arg>
  <arg>7</arg>
  <severity>INFO</severity>
  <timestamp>Thu Jul 21 20:25:08 2022</timestamp>
</msg>
<msg id="23" tool="tc">
  <type>UNLOAD_MODULE</type>
  <arg>/lib64/libc.so.6</arg>
  <arg>8</arg>
  <severity>INFO</severity>
  <timestamp>Thu Jul 21 20:25:08 2022</timestamp>
</msg>
<msg id="24" tool="tc">
  <type>UNLOAD_MODULE</type>
  <arg>/lib64/libdl.so.2</arg>
  <arg>9</arg>
  <severity>INFO</severity>
  <timestamp>Thu Jul 21 20:25:08 2022</timestamp>
</msg>
<msg id="25" tool="tc">
  <type>UNLOAD_MODULE</type>
  <arg>/work/scitas-ge/richart/test_stacks/syrah/v1/opt/spack/linux-rhel7-skylake_avx512/gcc-8.4.0/intel-oneapi-advisor-2021.4.0-any7cfov5s4ujprr7plf7ks7xzoyqljz/advisor/2021.4.0/lib64/runtime/libittnotify.so</arg>
  <arg>10</arg>
  <severity>INFO</severity>
  <timestamp>Thu Jul 21 20:25:08 2022</timestamp>
</msg>
<msg id="26" tool="tc">
  <type>PROCESS_TERMINATE</type>
  <arg>/home/llopis/src/coral-demo-cor23/advisor-roofline/mult-many</arg>
  <arg>17989</arg>
  <severity>INFO</severity>
  <timestamp>Thu Jul 21 20:25:08 2022</timestamp>
</msg>
<msg id="27" tool="tc">
  <type>ANALYSIS_COMPLETE</type>
  <severity>INFO</severity>
  <timestamp>Thu Jul 21 20:25:08 2022</timestamp>
</msg>
<msg id="28" tool="tc">
  <type>STOP</type>
  <severity>INFO</severity>
  <timestamp>Thu Jul 21 20:25:08 2022</timestamp>
</msg>
<msg id="29" tool="runtool">
  <type>app-exit-code</type>
  <arg>0</arg>
</msg>
<msg id="30" tool="runtool">
  <type>marker-file</type>
  <arg>/home/llopis/src/coral-demo-cor23/advisor-roofline/roofline-mult-many/e000/mp003/mp003.advixe</arg>
</msg>
<msg id="31" tool="runtool">
  <type>collector-done</type>
</msg>
<msg id="32" tool="runtool">
  <type>log-end</type>
  <arg>2022/07/21 20:25:12</arg>
</msg>

</log>

