13 [47199191679232] INFO perfrun.launcher <> - Launcher main begin
16 [47199191679232] INFO perfrun.launcher <> - MessageCatalogInit finished
16 [47199191679232] INFO perfrun.launcher <> - Launcher instance created
16 [47199191679232] INFO perfrun.launcher <> - argc = 6; cmdline = /work/scitas-ge/richart/test_stacks/syrah/v1/opt/spack/linux-rhel7-skylake_avx512/gcc-8.4.0/intel-oneapi-advisor-2021.4.0-any7cfov5s4ujprr7plf7ks7xzoyqljz/advisor/2021.4.0/bin64/advixe-runss -dump-vdso -r /tmp/advixe-tmp-llopis/advixe-res-22596-36135635242369340 --tmp-dir /tmp/advixe-tmp-llopis 
73 [47199191679232] INFO perfrun.launcher <> - create msngr2::ICliToolContext
74 [47199191679232] INFO perfrun.launcher <> - create file finder object
77 [47199316612864] INFO perfrun.launcher <> - plugin [remoteplug] was disabled because it doesn't support the given collection type.
77 [47199316612864] INFO perfrun.launcher <> - plugin [system] was disabled because it doesn't support the given collection type.
77 [47199316612864] INFO perfrun.vdso <> - dumping [vdso] pseudomodule
79 [47199316612864] INFO perfrun.launcher <> - plugin [itt] was disabled because it doesn't support the given collection type.
79 [47199316612864] INFO perfrun.launcher <> - plugin [] was disabled because it doesn't support the given collection type.
79 [47199316612864] INFO perfrun.launcher <> - plugin [gpu] was disabled because it doesn't support the given collection type.
79 [47199316612864] INFO perfrun.launcher <> - plugin [] was disabled because it doesn't support the given collection type.
79 [47199316612864] INFO perfrun.launcher <> - plugin [] was disabled because it doesn't support the given collection type.
79 [47199316612864] INFO perfrun.launcher <> - plugin [] was disabled because it doesn't support the given collection type.
79 [47199316612864] INFO perfrun.launcher <> - plugin [mrte] was disabled because it doesn't support the given collection type.
79 [47199316612864] INFO perfrun.launcher <> - plugin [] was disabled because it doesn't support the given collection type.
79 [47199316612864] INFO perfrun.launcher <> - plugin [] was disabled because it doesn't support the given collection type.
79 [47199316612864] INFO perfrun.launcher <> - plugin [] was disabled because it doesn't support the given collection type.
79 [47199316612864] INFO perfrun.launcher <> - plugin [] was disabled because it doesn't support the given collection type.
79 [47199316612864] INFO perfrun.launcher <> - plugin [] was disabled because it doesn't support the given collection type.
79 [47199316612864] INFO perfrun.launcher <> - plugin [] was disabled because it doesn't support the given collection type.
80 [47199316612864] INFO perfrun.launcher <> - plugin [] was disabled because it doesn't support the given collection type.
80 [47199316612864] INFO perfrun.launcher <> - plugin [tpss] was disabled because it doesn't support the given collection type.
80 [47199316612864] INFO perfrun.launcher <> - plugin [] was disabled because it doesn't support the given collection type.
80 [47199316612864] INFO perfrun.launcher <> - plugin [] was disabled because it doesn't support the given collection type.
80 [47199316612864] INFO perfrun.launcher <> - plugin [] was disabled because it doesn't support the given collection type.
80 [47199316612864] INFO perfrun.launcher <> - plugin [] was disabled because it doesn't support the given collection type.
80 [47199316612864] INFO perfrun.launcher <> - plugin [] was disabled because it doesn't support the given collection type.
80 [47199316612864] INFO perfrun.launcher <> - plugin [] was disabled because it doesn't support the given collection type.
80 [47199316612864] INFO perfrun.launcher <> - plugin [] was disabled because it doesn't support the given collection type.
80 [47199316612864] INFO perfrun.launcher <> - plugin [] was disabled because it doesn't support the given collection type.
80 [47199316612864] INFO perfrun.launcher <> - plugin [] was disabled because it doesn't support the given collection type.
80 [47199316612864] INFO perfrun.launcher <> - plugin [] was disabled because it doesn't support the given collection type.
80 [47199191679232] INFO perfrun.launcher <> - Application exit code: 0
80 [47199191679232] INFO perfrun.launcher <> - Exit code: 0
