
22602 : 0x316dff5c08f7cd : 1 : spill_jit_data :  Jit agent is not initialized
22602 : 0x316dff5c0a38c2 : 2 : ittapi_config_mask_get :  --itt-config mask to be applied: 183
22602 : 0x316dff5c0a6f05 : 2 : ittapi_config_apply_per_lib :  ITTAPI function instrumented: __itt_domain_create
22602 : 0x316dff5c0a7cc1 : 2 : ittapi_config_apply_per_lib :  ITTAPI function instrumented: __itt_string_handle_create
22602 : 0x316dff5c0a861a : 2 : ittapi_config_apply_per_lib :  ITTAPI function instrumented: __itt_counter_create
22602 : 0x316dff5c0a8ef2 : 2 : ittapi_config_apply_per_lib :  ITTAPI function instrumented: __itt_counter_create_typed
22602 : 0x316dff5c0a985f : 2 : ittapi_config_apply_per_lib :  ITTAPI function instrumented: __itt_pause
22602 : 0x316dff5c0aa1cc : 2 : ittapi_config_apply_per_lib :  ITTAPI function instrumented: __itt_resume
22602 : 0x316dff5c0aaa4e : 2 : ittapi_config_apply_per_lib :  ITTAPI function instrumented: __itt_thread_set_name
22602 : 0x316dff5c0ab405 : 2 : ittapi_config_apply_per_lib :  ITTAPI function instrumented: __itt_thread_ignore
22602 : 0x316dff5c0b3aa4 : 2 : ittapi_config_apply_per_lib :  ITTAPI function instrumented: __itt_thr_name_set
22602 : 0x316dff5c0b4639 : 2 : ittapi_config_apply_per_lib :  ITTAPI function instrumented: __itt_thr_ignore
22602 : 0x316dff5c0b56da : 2 : ittapi_config_apply_per_lib :  ITTAPI function not implemented: __itt_enable_attach
22602 : 0x316dff5c0b66a1 : 2 : ittapi_config_apply_per_lib :  ITTAPI function instrumented: __itt_detach
22602 : 0x316dff5c0b6edd : 2 : ittapi_config_apply_per_lib :  ITTAPI function NOT instrumented (not matched by --itt-config option): __itt_sync_create

22602 : 0x316dff5c0b8288 : 2 : ittapi_config_apply_per_lib :  ITTAPI function NOT instrumented (not matched by --itt-config option): __itt_sync_rename

22602 : 0x316dff5c0b8b1e : 2 : ittapi_config_apply_per_lib :  ITTAPI function NOT instrumented (not matched by --itt-config option): __itt_sync_destroy

22602 : 0x316dff5c0b925a : 2 : ittapi_config_apply_per_lib :  ITTAPI function NOT instrumented (not matched by --itt-config option): __itt_sync_prepare

22602 : 0x316dff5c0b9a43 : 2 : ittapi_config_apply_per_lib :  ITTAPI function NOT instrumented (not matched by --itt-config option): __itt_sync_cancel

22602 : 0x316dff5c0ba1a9 : 2 : ittapi_config_apply_per_lib :  ITTAPI function NOT instrumented (not matched by --itt-config option): __itt_sync_acquired

22602 : 0x316dff5c0bcf51 : 2 : ittapi_config_apply_per_lib :  ITTAPI function NOT instrumented (not matched by --itt-config option): __itt_sync_releasing

22602 : 0x316dff5c0bdce0 : 2 : ittapi_config_apply_per_lib :  ITTAPI function not implemented: __itt_suppress_push
22602 : 0x316dff5c0be804 : 2 : ittapi_config_apply_per_lib :  ITTAPI function not implemented: __itt_suppress_pop
22602 : 0x316dff5c0bf2ad : 2 : ittapi_config_apply_per_lib :  ITTAPI function not implemented: __itt_suppress_mark_range
22602 : 0x316dff5c0bfd6d : 2 : ittapi_config_apply_per_lib :  ITTAPI function not implemented: __itt_suppress_clear_range
22602 : 0x316dff5c0c04f2 : 2 : ittapi_config_apply_per_lib :  ITTAPI function NOT instrumented (not matched by --itt-config option): __itt_sync_prepare

22602 : 0x316dff5c0c0c87 : 2 : ittapi_config_apply_per_lib :  ITTAPI function NOT instrumented (not matched by --itt-config option): __itt_sync_cancel

22602 : 0x316dff5c0c13f0 : 2 : ittapi_config_apply_per_lib :  ITTAPI function NOT instrumented (not matched by --itt-config option): __itt_sync_acquired

22602 : 0x316dff5c0c1b51 : 2 : ittapi_config_apply_per_lib :  ITTAPI function NOT instrumented (not matched by --itt-config option): __itt_sync_releasing

22602 : 0x316dff5c0c2504 : 2 : ittapi_config_apply_per_lib :  ITTAPI function instrumented: __itt_model_site_begin
22602 : 0x316dff5c0c4fdc : 2 : ittapi_config_apply_per_lib :  ITTAPI function instrumented: __itt_model_site_end
22602 : 0x316dff5c0c5960 : 2 : ittapi_config_apply_per_lib :  ITTAPI function instrumented: __itt_model_task_begin
22602 : 0x316dff5c0c6202 : 2 : ittapi_config_apply_per_lib :  ITTAPI function instrumented: __itt_model_task_end
22602 : 0x316dff5c0c6a85 : 2 : ittapi_config_apply_per_lib :  ITTAPI function instrumented: __itt_model_lock_acquire
22602 : 0x316dff5c0c7310 : 2 : ittapi_config_apply_per_lib :  ITTAPI function instrumented: __itt_model_lock_release
22602 : 0x316dff5c0c7de9 : 2 : ittapi_config_apply_per_lib :  ITTAPI function not implemented: __itt_model_record_allocation
22602 : 0x316dff5c0c8853 : 2 : ittapi_config_apply_per_lib :  ITTAPI function not implemented: __itt_model_record_deallocation
22602 : 0x316dff5c0c934b : 2 : ittapi_config_apply_per_lib :  ITTAPI function not implemented: __itt_model_induction_uses
22602 : 0x316dff5c0c9dc3 : 2 : ittapi_config_apply_per_lib :  ITTAPI function not implemented: __itt_model_reduction_uses
22602 : 0x316dff5c0ca7cb : 2 : ittapi_config_apply_per_lib :  ITTAPI function not implemented: __itt_model_observe_uses
22602 : 0x316dff5c0ce2b5 : 2 : ittapi_config_apply_per_lib :  ITTAPI function not implemented: __itt_model_clear_uses
22602 : 0x316dff5c0ceca1 : 2 : ittapi_config_apply_per_lib :  ITTAPI function instrumented: __itt_model_site_beginA
22602 : 0x316dff5c0cf538 : 2 : ittapi_config_apply_per_lib :  ITTAPI function instrumented: __itt_model_site_beginAL
22602 : 0x316dff5c0cfdde : 2 : ittapi_config_apply_per_lib :  ITTAPI function instrumented: __itt_model_task_beginA
22602 : 0x316dff5c0d0692 : 2 : ittapi_config_apply_per_lib :  ITTAPI function instrumented: __itt_model_task_beginAL
22602 : 0x316dff5c0d0f00 : 2 : ittapi_config_apply_per_lib :  ITTAPI function instrumented: __itt_model_iteration_taskA
22602 : 0x316dff5c0d17a4 : 2 : ittapi_config_apply_per_lib :  ITTAPI function instrumented: __itt_model_iteration_taskAL
22602 : 0x316dff5c0d1fe3 : 2 : ittapi_config_apply_per_lib :  ITTAPI function instrumented: __itt_model_site_end_2
22602 : 0x316dff5c0d2868 : 2 : ittapi_config_apply_per_lib :  ITTAPI function instrumented: __itt_model_task_end_2
22602 : 0x316dff5c0d309b : 2 : ittapi_config_apply_per_lib :  ITTAPI function instrumented: __itt_model_lock_acquire_2
22602 : 0x316dff5c0d53da : 2 : ittapi_config_apply_per_lib :  ITTAPI function instrumented: __itt_model_lock_release_2
22602 : 0x316dff5c0d5ca7 : 2 : ittapi_config_apply_per_lib :  ITTAPI function instrumented: __itt_model_aggregate_task
22602 : 0x316dff5c0d650e : 2 : ittapi_config_apply_per_lib :  ITTAPI function instrumented: __itt_model_disable_push
22602 : 0x316dff5c0d6d58 : 2 : ittapi_config_apply_per_lib :  ITTAPI function instrumented: __itt_model_disable_pop
22602 : 0x316dff5c0d7594 : 2 : ittapi_config_apply_per_lib :  ITTAPI function instrumented: __itt_heap_function_create
22602 : 0x316dff5c0d7de6 : 2 : ittapi_config_apply_per_lib :  ITTAPI function instrumented: __itt_heap_allocate_begin
22602 : 0x316dff5c0d8686 : 2 : ittapi_config_apply_per_lib :  ITTAPI function instrumented: __itt_heap_allocate_end
22602 : 0x316dff5c0d8ef8 : 2 : ittapi_config_apply_per_lib :  ITTAPI function instrumented: __itt_heap_free_begin
22602 : 0x316dff5c0d9778 : 2 : ittapi_config_apply_per_lib :  ITTAPI function instrumented: __itt_heap_free_end
22602 : 0x316dff5c0d9ff6 : 2 : ittapi_config_apply_per_lib :  ITTAPI function instrumented: __itt_heap_reallocate_begin
22602 : 0x316dff5c0dc185 : 2 : ittapi_config_apply_per_lib :  ITTAPI function instrumented: __itt_heap_reallocate_end
22602 : 0x316dff5c0dccc0 : 2 : ittapi_config_apply_per_lib :  ITTAPI function not implemented: __itt_heap_internal_access_begin
22602 : 0x316dff5c0dd748 : 2 : ittapi_config_apply_per_lib :  ITTAPI function not implemented: __itt_heap_internal_access_end
22602 : 0x316dff5c0de1bd : 2 : ittapi_config_apply_per_lib :  ITTAPI function not implemented: __itt_heap_record_memory_growth_begin
22602 : 0x316dff5c0dec8a : 2 : ittapi_config_apply_per_lib :  ITTAPI function not implemented: __itt_heap_record_memory_growth_end
22602 : 0x316dff5c0df6c1 : 2 : ittapi_config_apply_per_lib :  ITTAPI function not implemented: __itt_heap_reset_detection
22602 : 0x316dff5c0e00c7 : 2 : ittapi_config_apply_per_lib :  ITTAPI function not implemented: __itt_heap_record
22602 : 0x316dff5c0e0a9f : 2 : ittapi_config_apply_per_lib :  ITTAPI function not implemented: __itt_id_create
22602 : 0x316dff5c0e1465 : 2 : ittapi_config_apply_per_lib :  ITTAPI function not implemented: __itt_id_destroy
22602 : 0x316dff5c0e1cf0 : 2 : ittapi_config_apply_per_lib :  ITTAPI function instrumented: __itt_get_timestamp
22602 : 0x316dff5c0e4f72 : 2 : ittapi_config_apply_per_lib :  ITTAPI function not implemented: __itt_region_begin
22602 : 0x316dff5c0e5a2f : 2 : ittapi_config_apply_per_lib :  ITTAPI function not implemented: __itt_region_end
22602 : 0x316dff5c0e631b : 2 : ittapi_config_apply_per_lib :  ITTAPI function instrumented: __itt_frame_begin_v3
22602 : 0x316dff5c0e6bda : 2 : ittapi_config_apply_per_lib :  ITTAPI function instrumented: __itt_frame_end_v3
22602 : 0x316dff5c0e748d : 2 : ittapi_config_apply_per_lib :  ITTAPI function instrumented: __itt_frame_submit_v3
22602 : 0x316dff5c0e7e44 : 2 : ittapi_config_apply_per_lib :  ITTAPI function not implemented: __itt_task_group
22602 : 0x316dff5c0e8748 : 2 : ittapi_config_apply_per_lib :  ITTAPI function instrumented: __itt_task_begin
22602 : 0x316dff5c0e8fe8 : 2 : ittapi_config_apply_per_lib :  ITTAPI function instrumented: __itt_task_begin_fn
22602 : 0x316dff5c0e9886 : 2 : ittapi_config_apply_per_lib :  ITTAPI function instrumented: __itt_task_end
22602 : 0x316dff5c0ea2ee : 2 : ittapi_config_apply_per_lib :  ITTAPI function not implemented: __itt_counter_inc_v3
22602 : 0x316dff5c0ec73f : 2 : ittapi_config_apply_per_lib :  ITTAPI function not implemented: __itt_counter_inc_delta_v3
22602 : 0x316dff5c0ed1ed : 2 : ittapi_config_apply_per_lib :  ITTAPI function not implemented: __itt_counter_dec_v3
22602 : 0x316dff5c0edc64 : 2 : ittapi_config_apply_per_lib :  ITTAPI function not implemented: __itt_counter_dec_delta_v3
22602 : 0x316dff5c0ee67c : 2 : ittapi_config_apply_per_lib :  ITTAPI function not implemented: __itt_marker
22602 : 0x316dff5c0eef74 : 2 : ittapi_config_apply_per_lib :  ITTAPI function instrumented: __itt_metadata_add
22602 : 0x316dff5c0ef98c : 2 : ittapi_config_apply_per_lib :  ITTAPI function not implemented: __itt_metadata_str_add
22602 : 0x316dff5c0f0359 : 2 : ittapi_config_apply_per_lib :  ITTAPI function not implemented: __itt_relation_add_to_current
22602 : 0x316dff5c0f0d3d : 2 : ittapi_config_apply_per_lib :  ITTAPI function not implemented: __itt_relation_add
22602 : 0x316dff5c0f15a3 : 2 : ittapi_config_apply_per_lib :  ITTAPI function instrumented: __itt_event_create
22602 : 0x316dff5c0f1e2a : 2 : ittapi_config_apply_per_lib :  ITTAPI function instrumented: __itt_event_start
22602 : 0x316dff5c0f40c4 : 2 : ittapi_config_apply_per_lib :  ITTAPI function instrumented: __itt_event_end
22602 : 0x316dff5c0f48a6 : 2 : ittapi_config_apply_per_lib :  ITTAPI function NOT instrumented (not matched by --itt-config option): __itt_sync_set_name

22602 : 0x316dff5c0f5043 : 2 : ittapi_config_apply_per_lib :  ITTAPI function NOT instrumented (not matched by --itt-config option): __itt_notify_sync_name

22602 : 0x316dff5c0f57f8 : 2 : ittapi_config_apply_per_lib :  ITTAPI function NOT instrumented (not matched by --itt-config option): __itt_notify_sync_prepare

22602 : 0x316dff5c0f5f8d : 2 : ittapi_config_apply_per_lib :  ITTAPI function NOT instrumented (not matched by --itt-config option): __itt_notify_sync_cancel

22602 : 0x316dff5c0f66f0 : 2 : ittapi_config_apply_per_lib :  ITTAPI function NOT instrumented (not matched by --itt-config option): __itt_notify_sync_acquired

22602 : 0x316dff5c0f6e85 : 2 : ittapi_config_apply_per_lib :  ITTAPI function NOT instrumented (not matched by --itt-config option): __itt_notify_sync_releasing

22602 : 0x316dff5c0f786c : 2 : ittapi_config_apply_per_lib :  ITTAPI function not implemented: __itt_memory_read
22602 : 0x316dff5c0f82ae : 2 : ittapi_config_apply_per_lib :  ITTAPI function not implemented: __itt_memory_write
22602 : 0x316dff5c0f8c67 : 2 : ittapi_config_apply_per_lib :  ITTAPI function not implemented: __itt_memory_update
22602 : 0x316dff5c0faf90 : 2 : ittapi_config_apply_per_lib :  ITTAPI function not implemented: __itt_state_get
22602 : 0x316dff5c0fb991 : 2 : ittapi_config_apply_per_lib :  ITTAPI function not implemented: __itt_state_set
22602 : 0x316dff5c0fc341 : 2 : ittapi_config_apply_per_lib :  ITTAPI function not implemented: __itt_obj_mode_set
22602 : 0x316dff5c0fcd04 : 2 : ittapi_config_apply_per_lib :  ITTAPI function not implemented: __itt_thr_mode_set
22602 : 0x316dff5c0fd53f : 2 : ittapi_config_apply_per_lib :  ITTAPI function instrumented: __itt_frame_create
22602 : 0x316dff5c0fdded : 2 : ittapi_config_apply_per_lib :  ITTAPI function instrumented: __itt_frame_begin
22602 : 0x316dff5c0fe65f : 2 : ittapi_config_apply_per_lib :  ITTAPI function instrumented: __itt_frame_end
22602 : 0x316dff5c0ff047 : 2 : ittapi_config_apply_per_lib :  ITTAPI function not implemented: __itt_counter_destroy
22602 : 0x316dff5c0ff91f : 2 : ittapi_config_apply_per_lib :  ITTAPI function instrumented: __itt_counter_inc
22602 : 0x316dff5c1001b1 : 2 : ittapi_config_apply_per_lib :  ITTAPI function instrumented: __itt_counter_inc_delta
22602 : 0x316dff5c10308e : 2 : ittapi_config_apply_per_lib :  ITTAPI function instrumented: __itt_counter_dec
22602 : 0x316dff5c1039c6 : 2 : ittapi_config_apply_per_lib :  ITTAPI function instrumented: __itt_counter_dec_delta
22602 : 0x316dff5c104202 : 2 : ittapi_config_apply_per_lib :  ITTAPI function instrumented: __itt_counter_set_value
22602 : 0x316dff5c104bb7 : 2 : ittapi_config_apply_per_lib :  ITTAPI function not implemented: __itt_counter_set_value_ex
22602 : 0x316dff5c10559d : 2 : ittapi_config_apply_per_lib :  ITTAPI function not implemented: __itt_mark_create
22602 : 0x316dff5c105f6e : 2 : ittapi_config_apply_per_lib :  ITTAPI function not implemented: __itt_mark
22602 : 0x316dff5c1069c6 : 2 : ittapi_config_apply_per_lib :  ITTAPI function not implemented: __itt_mark_off
22602 : 0x316dff5c107390 : 2 : ittapi_config_apply_per_lib :  ITTAPI function not implemented: __itt_mark_global
22602 : 0x316dff5c107d30 : 2 : ittapi_config_apply_per_lib :  ITTAPI function not implemented: __itt_mark_global_off
22602 : 0x316dff5c108623 : 2 : ittapi_config_apply_per_lib :  ITTAPI function instrumented: __itt_stack_caller_create
22602 : 0x316dff5c10a835 : 2 : ittapi_config_apply_per_lib :  ITTAPI function instrumented: __itt_stack_caller_destroy
22602 : 0x316dff5c10b198 : 2 : ittapi_config_apply_per_lib :  ITTAPI function instrumented: __itt_stack_callee_enter
22602 : 0x316dff5c10ba64 : 2 : ittapi_config_apply_per_lib :  ITTAPI function instrumented: __itt_stack_callee_leave
22602 : 0x316dff5c10c46d : 2 : ittapi_config_apply_per_lib :  ITTAPI function not implemented: __itt_clock_domain_create
22602 : 0x316dff5c10ce91 : 2 : ittapi_config_apply_per_lib :  ITTAPI function not implemented: __itt_clock_domain_reset
22602 : 0x316dff5c10d823 : 2 : ittapi_config_apply_per_lib :  ITTAPI function not implemented: __itt_id_create_ex
22602 : 0x316dff5c10e1f0 : 2 : ittapi_config_apply_per_lib :  ITTAPI function not implemented: __itt_id_destroy_ex
22602 : 0x316dff5c10ebb8 : 2 : ittapi_config_apply_per_lib :  ITTAPI function not implemented: __itt_task_begin_ex
22602 : 0x316dff5c10f5e3 : 2 : ittapi_config_apply_per_lib :  ITTAPI function not implemented: __itt_task_begin_fn_ex
22602 : 0x316dff5c10ffd6 : 2 : ittapi_config_apply_per_lib :  ITTAPI function not implemented: __itt_task_end_ex
22602 : 0x316dff5c1121f1 : 2 : ittapi_config_apply_per_lib :  ITTAPI function instrumented: __itt_task_begin_overlapped
22602 : 0x316dff5c112cc0 : 2 : ittapi_config_apply_per_lib :  ITTAPI function not implemented: __itt_task_begin_overlapped_ex
22602 : 0x316dff5c113554 : 2 : ittapi_config_apply_per_lib :  ITTAPI function instrumented: __itt_task_end_overlapped
22602 : 0x316dff5c113fa4 : 2 : ittapi_config_apply_per_lib :  ITTAPI function not implemented: __itt_task_end_overlapped_ex
22602 : 0x316dff5c114986 : 2 : ittapi_config_apply_per_lib :  ITTAPI function not implemented: __itt_marker_ex
22602 : 0x316dff5c1153e8 : 2 : ittapi_config_apply_per_lib :  ITTAPI function not implemented: __itt_metadata_add_with_scope
22602 : 0x316dff5c115e46 : 2 : ittapi_config_apply_per_lib :  ITTAPI function not implemented: __itt_metadata_str_add_with_scope
22602 : 0x316dff5c116876 : 2 : ittapi_config_apply_per_lib :  ITTAPI function not implemented: __itt_relation_add_to_current_ex
22602 : 0x316dff5c11720d : 2 : ittapi_config_apply_per_lib :  ITTAPI function not implemented: __itt_relation_add_ex
22602 : 0x316dff5c117bf8 : 2 : ittapi_config_apply_per_lib :  ITTAPI function not implemented: __itt_track_group_create
22602 : 0x316dff5c11ba08 : 2 : ittapi_config_apply_per_lib :  ITTAPI function not implemented: __itt_track_create
22602 : 0x316dff5c11c4d2 : 2 : ittapi_config_apply_per_lib :  ITTAPI function not implemented: __itt_set_track
22602 : 0x316dff5c11cdba : 2 : ittapi_config_apply_per_lib :  ITTAPI function instrumented: __itt_api_version
22602 : 0x316dff5c11d735 : 2 : ittapi_config_apply_per_lib :  ITTAPI function not implemented: __itt_av_save
22602 : 0x316dff5c11e00c : 2 : ittapi_config_apply_per_lib :  ITTAPI function instrumented: __itt_module_load
22602 : 0x316dff5c1c0395 : 2 : ittapi_config_mask_get :  --itt-config mask to be applied: 183
22602 : 0x316dff5c1c15bd : 2 : ittapi_config_apply_per_lib :  ITTAPI function instrumented: __itt_domain_create
22602 : 0x316dff5c1c1f02 : 2 : ittapi_config_apply_per_lib :  ITTAPI function instrumented: __itt_string_handle_create
22602 : 0x316dff5c1c2802 : 2 : ittapi_config_apply_per_lib :  ITTAPI function instrumented: __itt_pause
22602 : 0x316dff5c1c30f7 : 2 : ittapi_config_apply_per_lib :  ITTAPI function instrumented: __itt_resume
22602 : 0x316dff5c1c739f : 2 : ittapi_config_apply_per_lib :  ITTAPI function instrumented: __itt_thread_set_name
22602 : 0x316dff5c1c7e20 : 2 : ittapi_config_apply_per_lib :  ITTAPI function instrumented: __itt_thread_ignore
22602 : 0x316dff5c1c86f4 : 2 : ittapi_config_apply_per_lib :  ITTAPI function instrumented: __itt_thr_name_set
22602 : 0x316dff5c1c8f7f : 2 : ittapi_config_apply_per_lib :  ITTAPI function instrumented: __itt_thr_ignore
22602 : 0x316dff5c1c9d49 : 2 : ittapi_config_apply_per_lib :  ITTAPI function not implemented: __itt_enable_attach
22602 : 0x316dff5c1ca74f : 2 : ittapi_config_apply_per_lib :  ITTAPI function instrumented: __itt_detach
22602 : 0x316dff5c1caf55 : 2 : ittapi_config_apply_per_lib :  ITTAPI function NOT instrumented (not matched by --itt-config option): __itt_sync_create

22602 : 0x316dff5c1cb7e1 : 2 : ittapi_config_apply_per_lib :  ITTAPI function NOT instrumented (not matched by --itt-config option): __itt_sync_rename

22602 : 0x316dff5c1cbf72 : 2 : ittapi_config_apply_per_lib :  ITTAPI function NOT instrumented (not matched by --itt-config option): __itt_sync_destroy

22602 : 0x316dff5c1cc6d9 : 2 : ittapi_config_apply_per_lib :  ITTAPI function NOT instrumented (not matched by --itt-config option): __itt_sync_prepare

22602 : 0x316dff5c1cea22 : 2 : ittapi_config_apply_per_lib :  ITTAPI function NOT instrumented (not matched by --itt-config option): __itt_sync_cancel

22602 : 0x316dff5c1cf20c : 2 : ittapi_config_apply_per_lib :  ITTAPI function NOT instrumented (not matched by --itt-config option): __itt_sync_acquired

22602 : 0x316dff5c1cf983 : 2 : ittapi_config_apply_per_lib :  ITTAPI function NOT instrumented (not matched by --itt-config option): __itt_sync_releasing

22602 : 0x316dff5c1d05bf : 2 : ittapi_config_apply_per_lib :  ITTAPI function not implemented: __itt_suppress_push
22602 : 0x316dff5c1d1073 : 2 : ittapi_config_apply_per_lib :  ITTAPI function not implemented: __itt_suppress_pop
22602 : 0x316dff5c1d1b58 : 2 : ittapi_config_apply_per_lib :  ITTAPI function not implemented: __itt_suppress_mark_range
22602 : 0x316dff5c1d2659 : 2 : ittapi_config_apply_per_lib :  ITTAPI function not implemented: __itt_suppress_clear_range
22602 : 0x316dff5c1d2dd9 : 2 : ittapi_config_apply_per_lib :  ITTAPI function NOT instrumented (not matched by --itt-config option): __itt_sync_prepare

22602 : 0x316dff5c1d358c : 2 : ittapi_config_apply_per_lib :  ITTAPI function NOT instrumented (not matched by --itt-config option): __itt_sync_cancel

22602 : 0x316dff5c1d3d51 : 2 : ittapi_config_apply_per_lib :  ITTAPI function NOT instrumented (not matched by --itt-config option): __itt_sync_acquired

22602 : 0x316dff5c1d6f5e : 2 : ittapi_config_apply_per_lib :  ITTAPI function NOT instrumented (not matched by --itt-config option): __itt_sync_releasing

22602 : 0x316dff5c1d7a92 : 2 : ittapi_config_apply_per_lib :  ITTAPI function instrumented: __itt_model_site_begin
22602 : 0x316dff5c1d8371 : 2 : ittapi_config_apply_per_lib :  ITTAPI function instrumented: __itt_model_site_end
22602 : 0x316dff5c1d8c6a : 2 : ittapi_config_apply_per_lib :  ITTAPI function instrumented: __itt_model_task_begin
22602 : 0x316dff5c1d94c3 : 2 : ittapi_config_apply_per_lib :  ITTAPI function instrumented: __itt_model_task_end
22602 : 0x316dff5c1d9d11 : 2 : ittapi_config_apply_per_lib :  ITTAPI function instrumented: __itt_model_lock_acquire
22602 : 0x316dff5c1da5a5 : 2 : ittapi_config_apply_per_lib :  ITTAPI function instrumented: __itt_model_lock_release
22602 : 0x316dff5c1db033 : 2 : ittapi_config_apply_per_lib :  ITTAPI function not implemented: __itt_model_record_allocation
22602 : 0x316dff5c1dba7b : 2 : ittapi_config_apply_per_lib :  ITTAPI function not implemented: __itt_model_record_deallocation
22602 : 0x316dff5c1dc4ea : 2 : ittapi_config_apply_per_lib :  ITTAPI function not implemented: __itt_model_induction_uses
22602 : 0x316dff5c1de9ec : 2 : ittapi_config_apply_per_lib :  ITTAPI function not implemented: __itt_model_reduction_uses
22602 : 0x316dff5c1df4f0 : 2 : ittapi_config_apply_per_lib :  ITTAPI function not implemented: __itt_model_observe_uses
22602 : 0x316dff5c1dff18 : 2 : ittapi_config_apply_per_lib :  ITTAPI function not implemented: __itt_model_clear_uses
22602 : 0x316dff5c1e07f0 : 2 : ittapi_config_apply_per_lib :  ITTAPI function instrumented: __itt_model_site_beginA
22602 : 0x316dff5c1e1088 : 2 : ittapi_config_apply_per_lib :  ITTAPI function instrumented: __itt_model_site_beginAL
22602 : 0x316dff5c1e1936 : 2 : ittapi_config_apply_per_lib :  ITTAPI function instrumented: __itt_model_task_beginA
22602 : 0x316dff5c1e21ab : 2 : ittapi_config_apply_per_lib :  ITTAPI function instrumented: __itt_model_task_beginAL
22602 : 0x316dff5c1e2a16 : 2 : ittapi_config_apply_per_lib :  ITTAPI function instrumented: __itt_model_iteration_taskA
22602 : 0x316dff5c1e32bc : 2 : ittapi_config_apply_per_lib :  ITTAPI function instrumented: __itt_model_iteration_taskAL
22602 : 0x316dff5c1e3ae4 : 2 : ittapi_config_apply_per_lib :  ITTAPI function instrumented: __itt_model_site_end_2
22602 : 0x316dff5c1e5cbe : 2 : ittapi_config_apply_per_lib :  ITTAPI function instrumented: __itt_model_task_end_2
22602 : 0x316dff5c1e65c2 : 2 : ittapi_config_apply_per_lib :  ITTAPI function instrumented: __itt_model_lock_acquire_2
22602 : 0x316dff5c1e6e91 : 2 : ittapi_config_apply_per_lib :  ITTAPI function instrumented: __itt_model_lock_release_2
22602 : 0x316dff5c1e76ce : 2 : ittapi_config_apply_per_lib :  ITTAPI function instrumented: __itt_model_aggregate_task
22602 : 0x316dff5c1e7ef8 : 2 : ittapi_config_apply_per_lib :  ITTAPI function instrumented: __itt_model_disable_push
22602 : 0x316dff5c1e871d : 2 : ittapi_config_apply_per_lib :  ITTAPI function instrumented: __itt_model_disable_pop
22602 : 0x316dff5c1e8f66 : 2 : ittapi_config_apply_per_lib :  ITTAPI function instrumented: __itt_heap_function_create
22602 : 0x316dff5c1e97c6 : 2 : ittapi_config_apply_per_lib :  ITTAPI function instrumented: __itt_heap_allocate_begin
22602 : 0x316dff5c1ea05b : 2 : ittapi_config_apply_per_lib :  ITTAPI function instrumented: __itt_heap_allocate_end
22602 : 0x316dff5c1ea8e0 : 2 : ittapi_config_apply_per_lib :  ITTAPI function instrumented: __itt_heap_free_begin
22602 : 0x316dff5c1eca34 : 2 : ittapi_config_apply_per_lib :  ITTAPI function instrumented: __itt_heap_free_end
22602 : 0x316dff5c1ed31f : 2 : ittapi_config_apply_per_lib :  ITTAPI function instrumented: __itt_heap_reallocate_begin
22602 : 0x316dff5c1edb8d : 2 : ittapi_config_apply_per_lib :  ITTAPI function instrumented: __itt_heap_reallocate_end
22602 : 0x316dff5c1ee630 : 2 : ittapi_config_apply_per_lib :  ITTAPI function not implemented: __itt_heap_internal_access_begin
22602 : 0x316dff5c1ef0b6 : 2 : ittapi_config_apply_per_lib :  ITTAPI function not implemented: __itt_heap_internal_access_end
22602 : 0x316dff5c1efb3f : 2 : ittapi_config_apply_per_lib :  ITTAPI function not implemented: __itt_heap_record_memory_growth_begin
22602 : 0x316dff5c1f05d0 : 2 : ittapi_config_apply_per_lib :  ITTAPI function not implemented: __itt_heap_record_memory_growth_end
22602 : 0x316dff5c1f0ff3 : 2 : ittapi_config_apply_per_lib :  ITTAPI function not implemented: __itt_heap_reset_detection
22602 : 0x316dff5c1f1a13 : 2 : ittapi_config_apply_per_lib :  ITTAPI function not implemented: __itt_heap_record
22602 : 0x316dff5c1f243e : 2 : ittapi_config_apply_per_lib :  ITTAPI function not implemented: __itt_id_create
22602 : 0x316dff5c1f5629 : 2 : ittapi_config_apply_per_lib :  ITTAPI function not implemented: __itt_id_destroy
22602 : 0x316dff5c1f5fad : 2 : ittapi_config_apply_per_lib :  ITTAPI function instrumented: __itt_get_timestamp
22602 : 0x316dff5c1f69aa : 2 : ittapi_config_apply_per_lib :  ITTAPI function not implemented: __itt_region_begin
22602 : 0x316dff5c1f7372 : 2 : ittapi_config_apply_per_lib :  ITTAPI function not implemented: __itt_region_end
22602 : 0x316dff5c1f7c21 : 2 : ittapi_config_apply_per_lib :  ITTAPI function instrumented: __itt_frame_begin_v3
22602 : 0x316dff5c1f84cb : 2 : ittapi_config_apply_per_lib :  ITTAPI function instrumented: __itt_frame_end_v3
22602 : 0x316dff5c1f8d5a : 2 : ittapi_config_apply_per_lib :  ITTAPI function instrumented: __itt_frame_submit_v3
22602 : 0x316dff5c1f9732 : 2 : ittapi_config_apply_per_lib :  ITTAPI function not implemented: __itt_task_group
22602 : 0x316dff5c1f9fb3 : 2 : ittapi_config_apply_per_lib :  ITTAPI function instrumented: __itt_task_begin
22602 : 0x316dff5c1fa864 : 2 : ittapi_config_apply_per_lib :  ITTAPI function instrumented: __itt_task_begin_fn
22602 : 0x316dff5c1fcb08 : 2 : ittapi_config_apply_per_lib :  ITTAPI function instrumented: __itt_task_end
22602 : 0x316dff5c1fd611 : 2 : ittapi_config_apply_per_lib :  ITTAPI function not implemented: __itt_counter_inc_v3
22602 : 0x316dff5c1fe06b : 2 : ittapi_config_apply_per_lib :  ITTAPI function not implemented: __itt_counter_inc_delta_v3
22602 : 0x316dff5c1fea96 : 2 : ittapi_config_apply_per_lib :  ITTAPI function not implemented: __itt_marker
22602 : 0x316dff5c1ff34d : 2 : ittapi_config_apply_per_lib :  ITTAPI function instrumented: __itt_metadata_add
22602 : 0x316dff5c1ffdd4 : 2 : ittapi_config_apply_per_lib :  ITTAPI function not implemented: __itt_metadata_str_add
22602 : 0x316dff5c2007d4 : 2 : ittapi_config_apply_per_lib :  ITTAPI function not implemented: __itt_relation_add_to_current
22602 : 0x316dff5c2011e5 : 2 : ittapi_config_apply_per_lib :  ITTAPI function not implemented: __itt_relation_add
22602 : 0x316dff5c201a54 : 2 : ittapi_config_apply_per_lib :  ITTAPI function instrumented: __itt_event_create
22602 : 0x316dff5c2022e6 : 2 : ittapi_config_apply_per_lib :  ITTAPI function instrumented: __itt_event_start
22602 : 0x316dff5c2044c9 : 2 : ittapi_config_apply_per_lib :  ITTAPI function instrumented: __itt_event_end
22602 : 0x316dff5c204caa : 2 : ittapi_config_apply_per_lib :  ITTAPI function NOT instrumented (not matched by --itt-config option): __itt_sync_set_name

22602 : 0x316dff5c20549f : 2 : ittapi_config_apply_per_lib :  ITTAPI function NOT instrumented (not matched by --itt-config option): __itt_notify_sync_name

22602 : 0x316dff5c205c6f : 2 : ittapi_config_apply_per_lib :  ITTAPI function NOT instrumented (not matched by --itt-config option): __itt_notify_sync_prepare

22602 : 0x316dff5c206419 : 2 : ittapi_config_apply_per_lib :  ITTAPI function NOT instrumented (not matched by --itt-config option): __itt_notify_sync_cancel

22602 : 0x316dff5c206ba3 : 2 : ittapi_config_apply_per_lib :  ITTAPI function NOT instrumented (not matched by --itt-config option): __itt_notify_sync_acquired

22602 : 0x316dff5c20733f : 2 : ittapi_config_apply_per_lib :  ITTAPI function NOT instrumented (not matched by --itt-config option): __itt_notify_sync_releasing

22602 : 0x316dff5c207d76 : 2 : ittapi_config_apply_per_lib :  ITTAPI function not implemented: __itt_memory_read
22602 : 0x316dff5c208771 : 2 : ittapi_config_apply_per_lib :  ITTAPI function not implemented: __itt_memory_write
22602 : 0x316dff5c20917a : 2 : ittapi_config_apply_per_lib :  ITTAPI function not implemented: __itt_memory_update
22602 : 0x316dff5c20c02b : 2 : ittapi_config_apply_per_lib :  ITTAPI function not implemented: __itt_state_get
22602 : 0x316dff5c20ca8c : 2 : ittapi_config_apply_per_lib :  ITTAPI function not implemented: __itt_state_set
22602 : 0x316dff5c20d407 : 2 : ittapi_config_apply_per_lib :  ITTAPI function not implemented: __itt_obj_mode_set
22602 : 0x316dff5c20dde5 : 2 : ittapi_config_apply_per_lib :  ITTAPI function not implemented: __itt_thr_mode_set
22602 : 0x316dff5c20e653 : 2 : ittapi_config_apply_per_lib :  ITTAPI function instrumented: __itt_frame_create
22602 : 0x316dff5c20ef33 : 2 : ittapi_config_apply_per_lib :  ITTAPI function instrumented: __itt_frame_begin
22602 : 0x316dff5c20f7a6 : 2 : ittapi_config_apply_per_lib :  ITTAPI function instrumented: __itt_frame_end
22602 : 0x316dff5c210003 : 2 : ittapi_config_apply_per_lib :  ITTAPI function instrumented: __itt_counter_create
22602 : 0x316dff5c2109ee : 2 : ittapi_config_apply_per_lib :  ITTAPI function not implemented: __itt_counter_destroy
22602 : 0x316dff5c2112b2 : 2 : ittapi_config_apply_per_lib :  ITTAPI function instrumented: __itt_counter_inc
22602 : 0x316dff5c213484 : 2 : ittapi_config_apply_per_lib :  ITTAPI function instrumented: __itt_counter_inc_delta
22602 : 0x316dff5c213ed7 : 2 : ittapi_config_apply_per_lib :  ITTAPI function not implemented: __itt_mark_create
22602 : 0x316dff5c2148ba : 2 : ittapi_config_apply_per_lib :  ITTAPI function not implemented: __itt_mark
22602 : 0x316dff5c215390 : 2 : ittapi_config_apply_per_lib :  ITTAPI function not implemented: __itt_mark_off
22602 : 0x316dff5c215d88 : 2 : ittapi_config_apply_per_lib :  ITTAPI function not implemented: __itt_mark_global
22602 : 0x316dff5c21671d : 2 : ittapi_config_apply_per_lib :  ITTAPI function not implemented: __itt_mark_global_off
22602 : 0x316dff5c21701f : 2 : ittapi_config_apply_per_lib :  ITTAPI function instrumented: __itt_stack_caller_create
22602 : 0x316dff5c2178ca : 2 : ittapi_config_apply_per_lib :  ITTAPI function instrumented: __itt_stack_caller_destroy
22602 : 0x316dff5c2181b7 : 2 : ittapi_config_apply_per_lib :  ITTAPI function instrumented: __itt_stack_callee_enter
22602 : 0x316dff5c218a9b : 2 : ittapi_config_apply_per_lib :  ITTAPI function instrumented: __itt_stack_callee_leave
22602 : 0x316dff5c21add3 : 2 : ittapi_config_apply_per_lib :  ITTAPI function not implemented: __itt_clock_domain_create
22602 : 0x316dff5c21b8ae : 2 : ittapi_config_apply_per_lib :  ITTAPI function not implemented: __itt_clock_domain_reset
22602 : 0x316dff5c21c24b : 2 : ittapi_config_apply_per_lib :  ITTAPI function not implemented: __itt_id_create_ex
22602 : 0x316dff5c21cc15 : 2 : ittapi_config_apply_per_lib :  ITTAPI function not implemented: __itt_id_destroy_ex
22602 : 0x316dff5c21d5cf : 2 : ittapi_config_apply_per_lib :  ITTAPI function not implemented: __itt_task_begin_ex
22602 : 0x316dff5c21dfde : 2 : ittapi_config_apply_per_lib :  ITTAPI function not implemented: __itt_task_begin_fn_ex
22602 : 0x316dff5c21e9de : 2 : ittapi_config_apply_per_lib :  ITTAPI function not implemented: __itt_task_end_ex
22602 : 0x316dff5c21f275 : 2 : ittapi_config_apply_per_lib :  ITTAPI function instrumented: __itt_task_begin_overlapped
22602 : 0x316dff5c21fc8a : 2 : ittapi_config_apply_per_lib :  ITTAPI function not implemented: __itt_task_begin_overlapped_ex
22602 : 0x316dff5c22053c : 2 : ittapi_config_apply_per_lib :  ITTAPI function instrumented: __itt_task_end_overlapped
22602 : 0x316dff5c2229b1 : 2 : ittapi_config_apply_per_lib :  ITTAPI function not implemented: __itt_task_end_overlapped_ex
22602 : 0x316dff5c223419 : 2 : ittapi_config_apply_per_lib :  ITTAPI function not implemented: __itt_marker_ex
22602 : 0x316dff5c223e51 : 2 : ittapi_config_apply_per_lib :  ITTAPI function not implemented: __itt_metadata_add_with_scope
22602 : 0x316dff5c2248ee : 2 : ittapi_config_apply_per_lib :  ITTAPI function not implemented: __itt_metadata_str_add_with_scope
22602 : 0x316dff5c225335 : 2 : ittapi_config_apply_per_lib :  ITTAPI function not implemented: __itt_relation_add_to_current_ex
22602 : 0x316dff5c225ce0 : 2 : ittapi_config_apply_per_lib :  ITTAPI function not implemented: __itt_relation_add_ex
22602 : 0x316dff5c226702 : 2 : ittapi_config_apply_per_lib :  ITTAPI function not implemented: __itt_track_group_create
22602 : 0x316dff5c22706c : 2 : ittapi_config_apply_per_lib :  ITTAPI function not implemented: __itt_track_create
22602 : 0x316dff5c227a0f : 2 : ittapi_config_apply_per_lib :  ITTAPI function not implemented: __itt_set_track
22602 : 0x316dff5c228295 : 2 : ittapi_config_apply_per_lib :  ITTAPI function instrumented: __itt_api_version
22602 : 0x316dff5c22b141 : 2 : ittapi_config_apply_per_lib :  ITTAPI function not implemented: __itt_av_save