
28182 : 0x31701f0206bda3 : 1 : spill_jit_data :  Jit agent is not initialized
28182 : 0x31701f02080d84 : 2 : ittapi_config_mask_get :  --itt-config mask to be applied: 183
28182 : 0x31701f0208498a : 2 : ittapi_config_apply_per_lib :  ITTAPI function instrumented: __itt_domain_create
28182 : 0x31701f020855a1 : 2 : ittapi_config_apply_per_lib :  ITTAPI function instrumented: __itt_string_handle_create
28182 : 0x31701f02085f8f : 2 : ittapi_config_apply_per_lib :  ITTAPI function instrumented: __itt_counter_create
28182 : 0x31701f020868fa : 2 : ittapi_config_apply_per_lib :  ITTAPI function instrumented: __itt_counter_create_typed
28182 : 0x31701f02087344 : 2 : ittapi_config_apply_per_lib :  ITTAPI function instrumented: __itt_pause
28182 : 0x31701f02087de7 : 2 : ittapi_config_apply_per_lib :  ITTAPI function instrumented: __itt_resume
28182 : 0x31701f0208871b : 2 : ittapi_config_apply_per_lib :  ITTAPI function instrumented: __itt_thread_set_name
28182 : 0x31701f02089179 : 2 : ittapi_config_apply_per_lib :  ITTAPI function instrumented: __itt_thread_ignore
28182 : 0x31701f02094403 : 2 : ittapi_config_apply_per_lib :  ITTAPI function instrumented: __itt_thr_name_set
28182 : 0x31701f02095006 : 2 : ittapi_config_apply_per_lib :  ITTAPI function instrumented: __itt_thr_ignore
28182 : 0x31701f020963f6 : 2 : ittapi_config_apply_per_lib :  ITTAPI function not implemented: __itt_enable_attach
28182 : 0x31701f0209761c : 2 : ittapi_config_apply_per_lib :  ITTAPI function instrumented: __itt_detach
28182 : 0x31701f02097e1a : 2 : ittapi_config_apply_per_lib :  ITTAPI function NOT instrumented (not matched by --itt-config option): __itt_sync_create

28182 : 0x31701f02098f7b : 2 : ittapi_config_apply_per_lib :  ITTAPI function NOT instrumented (not matched by --itt-config option): __itt_sync_rename

28182 : 0x31701f02099737 : 2 : ittapi_config_apply_per_lib :  ITTAPI function NOT instrumented (not matched by --itt-config option): __itt_sync_destroy

28182 : 0x31701f02099ed9 : 2 : ittapi_config_apply_per_lib :  ITTAPI function NOT instrumented (not matched by --itt-config option): __itt_sync_prepare

28182 : 0x31701f0209a6c1 : 2 : ittapi_config_apply_per_lib :  ITTAPI function NOT instrumented (not matched by --itt-config option): __itt_sync_cancel

28182 : 0x31701f0209ae7c : 2 : ittapi_config_apply_per_lib :  ITTAPI function NOT instrumented (not matched by --itt-config option): __itt_sync_acquired

28182 : 0x31701f0209dfed : 2 : ittapi_config_apply_per_lib :  ITTAPI function NOT instrumented (not matched by --itt-config option): __itt_sync_releasing

28182 : 0x31701f0209edb9 : 2 : ittapi_config_apply_per_lib :  ITTAPI function not implemented: __itt_suppress_push
28182 : 0x31701f0209f9a4 : 2 : ittapi_config_apply_per_lib :  ITTAPI function not implemented: __itt_suppress_pop
28182 : 0x31701f020a04e6 : 2 : ittapi_config_apply_per_lib :  ITTAPI function not implemented: __itt_suppress_mark_range
28182 : 0x31701f020a1057 : 2 : ittapi_config_apply_per_lib :  ITTAPI function not implemented: __itt_suppress_clear_range
28182 : 0x31701f020a17fb : 2 : ittapi_config_apply_per_lib :  ITTAPI function NOT instrumented (not matched by --itt-config option): __itt_sync_prepare

28182 : 0x31701f020a1fee : 2 : ittapi_config_apply_per_lib :  ITTAPI function NOT instrumented (not matched by --itt-config option): __itt_sync_cancel

28182 : 0x31701f020a275f : 2 : ittapi_config_apply_per_lib :  ITTAPI function NOT instrumented (not matched by --itt-config option): __itt_sync_acquired

28182 : 0x31701f020a2f38 : 2 : ittapi_config_apply_per_lib :  ITTAPI function NOT instrumented (not matched by --itt-config option): __itt_sync_releasing

28182 : 0x31701f020a3922 : 2 : ittapi_config_apply_per_lib :  ITTAPI function instrumented: __itt_model_site_begin
28182 : 0x31701f020a6188 : 2 : ittapi_config_apply_per_lib :  ITTAPI function instrumented: __itt_model_site_end
28182 : 0x31701f020a6cdb : 2 : ittapi_config_apply_per_lib :  ITTAPI function instrumented: __itt_model_task_begin
28182 : 0x31701f020a75a2 : 2 : ittapi_config_apply_per_lib :  ITTAPI function instrumented: __itt_model_task_end
28182 : 0x31701f020a7f42 : 2 : ittapi_config_apply_per_lib :  ITTAPI function instrumented: __itt_model_lock_acquire
28182 : 0x31701f020a883d : 2 : ittapi_config_apply_per_lib :  ITTAPI function instrumented: __itt_model_lock_release
28182 : 0x31701f020a931e : 2 : ittapi_config_apply_per_lib :  ITTAPI function not implemented: __itt_model_record_allocation
28182 : 0x31701f020a9e6a : 2 : ittapi_config_apply_per_lib :  ITTAPI function not implemented: __itt_model_record_deallocation
28182 : 0x31701f020aa9e3 : 2 : ittapi_config_apply_per_lib :  ITTAPI function not implemented: __itt_model_induction_uses
28182 : 0x31701f020ab408 : 2 : ittapi_config_apply_per_lib :  ITTAPI function not implemented: __itt_model_reduction_uses
28182 : 0x31701f020abe3f : 2 : ittapi_config_apply_per_lib :  ITTAPI function not implemented: __itt_model_observe_uses
28182 : 0x31701f020af516 : 2 : ittapi_config_apply_per_lib :  ITTAPI function not implemented: __itt_model_clear_uses
28182 : 0x31701f020aff39 : 2 : ittapi_config_apply_per_lib :  ITTAPI function instrumented: __itt_model_site_beginA
28182 : 0x31701f020b082e : 2 : ittapi_config_apply_per_lib :  ITTAPI function instrumented: __itt_model_site_beginAL
28182 : 0x31701f020b116f : 2 : ittapi_config_apply_per_lib :  ITTAPI function instrumented: __itt_model_task_beginA
28182 : 0x31701f020b1ae5 : 2 : ittapi_config_apply_per_lib :  ITTAPI function instrumented: __itt_model_task_beginAL
28182 : 0x31701f020b237e : 2 : ittapi_config_apply_per_lib :  ITTAPI function instrumented: __itt_model_iteration_taskA
28182 : 0x31701f020b2c5a : 2 : ittapi_config_apply_per_lib :  ITTAPI function instrumented: __itt_model_iteration_taskAL
28182 : 0x31701f020b3590 : 2 : ittapi_config_apply_per_lib :  ITTAPI function instrumented: __itt_model_site_end_2
28182 : 0x31701f020b3f77 : 2 : ittapi_config_apply_per_lib :  ITTAPI function instrumented: __itt_model_task_end_2
28182 : 0x31701f020b485f : 2 : ittapi_config_apply_per_lib :  ITTAPI function instrumented: __itt_model_lock_acquire_2
28182 : 0x31701f020b6bf9 : 2 : ittapi_config_apply_per_lib :  ITTAPI function instrumented: __itt_model_lock_release_2
28182 : 0x31701f020b749f : 2 : ittapi_config_apply_per_lib :  ITTAPI function instrumented: __itt_model_aggregate_task
28182 : 0x31701f020b7d50 : 2 : ittapi_config_apply_per_lib :  ITTAPI function instrumented: __itt_model_disable_push
28182 : 0x31701f020b858e : 2 : ittapi_config_apply_per_lib :  ITTAPI function instrumented: __itt_model_disable_pop
28182 : 0x31701f020b8e1e : 2 : ittapi_config_apply_per_lib :  ITTAPI function instrumented: __itt_heap_function_create
28182 : 0x31701f020b96a0 : 2 : ittapi_config_apply_per_lib :  ITTAPI function instrumented: __itt_heap_allocate_begin
28182 : 0x31701f020b9f35 : 2 : ittapi_config_apply_per_lib :  ITTAPI function instrumented: __itt_heap_allocate_end
28182 : 0x31701f020ba7d5 : 2 : ittapi_config_apply_per_lib :  ITTAPI function instrumented: __itt_heap_free_begin
28182 : 0x31701f020bb049 : 2 : ittapi_config_apply_per_lib :  ITTAPI function instrumented: __itt_heap_free_end
28182 : 0x31701f020bb8b1 : 2 : ittapi_config_apply_per_lib :  ITTAPI function instrumented: __itt_heap_reallocate_begin
28182 : 0x31701f020bd9b8 : 2 : ittapi_config_apply_per_lib :  ITTAPI function instrumented: __itt_heap_reallocate_end
28182 : 0x31701f020be524 : 2 : ittapi_config_apply_per_lib :  ITTAPI function not implemented: __itt_heap_internal_access_begin
28182 : 0x31701f020bf02a : 2 : ittapi_config_apply_per_lib :  ITTAPI function not implemented: __itt_heap_internal_access_end
28182 : 0x31701f020bfabf : 2 : ittapi_config_apply_per_lib :  ITTAPI function not implemented: __itt_heap_record_memory_growth_begin
28182 : 0x31701f020c063a : 2 : ittapi_config_apply_per_lib :  ITTAPI function not implemented: __itt_heap_record_memory_growth_end
28182 : 0x31701f020c1043 : 2 : ittapi_config_apply_per_lib :  ITTAPI function not implemented: __itt_heap_reset_detection
28182 : 0x31701f020c1ae4 : 2 : ittapi_config_apply_per_lib :  ITTAPI function not implemented: __itt_heap_record
28182 : 0x31701f020c2504 : 2 : ittapi_config_apply_per_lib :  ITTAPI function not implemented: __itt_id_create
28182 : 0x31701f020c2f40 : 2 : ittapi_config_apply_per_lib :  ITTAPI function not implemented: __itt_id_destroy
28182 : 0x31701f020c37e4 : 2 : ittapi_config_apply_per_lib :  ITTAPI function instrumented: __itt_get_timestamp
28182 : 0x31701f020c6df7 : 2 : ittapi_config_apply_per_lib :  ITTAPI function not implemented: __itt_region_begin
28182 : 0x31701f020c78c4 : 2 : ittapi_config_apply_per_lib :  ITTAPI function not implemented: __itt_region_end
28182 : 0x31701f020c821c : 2 : ittapi_config_apply_per_lib :  ITTAPI function instrumented: __itt_frame_begin_v3
28182 : 0x31701f020c8aac : 2 : ittapi_config_apply_per_lib :  ITTAPI function instrumented: __itt_frame_end_v3
28182 : 0x31701f020c93b1 : 2 : ittapi_config_apply_per_lib :  ITTAPI function instrumented: __itt_frame_submit_v3
28182 : 0x31701f020c9d96 : 2 : ittapi_config_apply_per_lib :  ITTAPI function not implemented: __itt_task_group
28182 : 0x31701f020ca6b8 : 2 : ittapi_config_apply_per_lib :  ITTAPI function instrumented: __itt_task_begin
28182 : 0x31701f020cb07d : 2 : ittapi_config_apply_per_lib :  ITTAPI function instrumented: __itt_task_begin_fn
28182 : 0x31701f020cb98c : 2 : ittapi_config_apply_per_lib :  ITTAPI function instrumented: __itt_task_end
28182 : 0x31701f020cc39f : 2 : ittapi_config_apply_per_lib :  ITTAPI function not implemented: __itt_counter_inc_v3
28182 : 0x31701f020ce896 : 2 : ittapi_config_apply_per_lib :  ITTAPI function not implemented: __itt_counter_inc_delta_v3
28182 : 0x31701f020cf325 : 2 : ittapi_config_apply_per_lib :  ITTAPI function not implemented: __itt_counter_dec_v3
28182 : 0x31701f020cfdf7 : 2 : ittapi_config_apply_per_lib :  ITTAPI function not implemented: __itt_counter_dec_delta_v3
28182 : 0x31701f020d087d : 2 : ittapi_config_apply_per_lib :  ITTAPI function not implemented: __itt_marker
28182 : 0x31701f020d11c2 : 2 : ittapi_config_apply_per_lib :  ITTAPI function instrumented: __itt_metadata_add
28182 : 0x31701f020d1c96 : 2 : ittapi_config_apply_per_lib :  ITTAPI function not implemented: __itt_metadata_str_add
28182 : 0x31701f020d2684 : 2 : ittapi_config_apply_per_lib :  ITTAPI function not implemented: __itt_relation_add_to_current
28182 : 0x31701f020d3060 : 2 : ittapi_config_apply_per_lib :  ITTAPI function not implemented: __itt_relation_add
28182 : 0x31701f020d38d0 : 2 : ittapi_config_apply_per_lib :  ITTAPI function instrumented: __itt_event_create
28182 : 0x31701f020d41bb : 2 : ittapi_config_apply_per_lib :  ITTAPI function instrumented: __itt_event_start
28182 : 0x31701f020d631c : 2 : ittapi_config_apply_per_lib :  ITTAPI function instrumented: __itt_event_end
28182 : 0x31701f020d6ae8 : 2 : ittapi_config_apply_per_lib :  ITTAPI function NOT instrumented (not matched by --itt-config option): __itt_sync_set_name

28182 : 0x31701f020d732f : 2 : ittapi_config_apply_per_lib :  ITTAPI function NOT instrumented (not matched by --itt-config option): __itt_notify_sync_name

28182 : 0x31701f020d7b1d : 2 : ittapi_config_apply_per_lib :  ITTAPI function NOT instrumented (not matched by --itt-config option): __itt_notify_sync_prepare

28182 : 0x31701f020d8316 : 2 : ittapi_config_apply_per_lib :  ITTAPI function NOT instrumented (not matched by --itt-config option): __itt_notify_sync_cancel

28182 : 0x31701f020d8ad5 : 2 : ittapi_config_apply_per_lib :  ITTAPI function NOT instrumented (not matched by --itt-config option): __itt_notify_sync_acquired

28182 : 0x31701f020d924b : 2 : ittapi_config_apply_per_lib :  ITTAPI function NOT instrumented (not matched by --itt-config option): __itt_notify_sync_releasing

28182 : 0x31701f020d9c75 : 2 : ittapi_config_apply_per_lib :  ITTAPI function not implemented: __itt_memory_read
28182 : 0x31701f020da681 : 2 : ittapi_config_apply_per_lib :  ITTAPI function not implemented: __itt_memory_write
28182 : 0x31701f020db0b8 : 2 : ittapi_config_apply_per_lib :  ITTAPI function not implemented: __itt_memory_update
28182 : 0x31701f020dd39b : 2 : ittapi_config_apply_per_lib :  ITTAPI function not implemented: __itt_state_get
28182 : 0x31701f020dddaf : 2 : ittapi_config_apply_per_lib :  ITTAPI function not implemented: __itt_state_set
28182 : 0x31701f020de738 : 2 : ittapi_config_apply_per_lib :  ITTAPI function not implemented: __itt_obj_mode_set
28182 : 0x31701f020df0ec : 2 : ittapi_config_apply_per_lib :  ITTAPI function not implemented: __itt_thr_mode_set
28182 : 0x31701f020df919 : 2 : ittapi_config_apply_per_lib :  ITTAPI function instrumented: __itt_frame_create
28182 : 0x31701f020e0185 : 2 : ittapi_config_apply_per_lib :  ITTAPI function instrumented: __itt_frame_begin
28182 : 0x31701f020e0a04 : 2 : ittapi_config_apply_per_lib :  ITTAPI function instrumented: __itt_frame_end
28182 : 0x31701f020e13d7 : 2 : ittapi_config_apply_per_lib :  ITTAPI function not implemented: __itt_counter_destroy
28182 : 0x31701f020e1ce4 : 2 : ittapi_config_apply_per_lib :  ITTAPI function instrumented: __itt_counter_inc
28182 : 0x31701f020e257c : 2 : ittapi_config_apply_per_lib :  ITTAPI function instrumented: __itt_counter_inc_delta
28182 : 0x31701f020e51f5 : 2 : ittapi_config_apply_per_lib :  ITTAPI function instrumented: __itt_counter_dec
28182 : 0x31701f020e5b18 : 2 : ittapi_config_apply_per_lib :  ITTAPI function instrumented: __itt_counter_dec_delta
28182 : 0x31701f020e6376 : 2 : ittapi_config_apply_per_lib :  ITTAPI function instrumented: __itt_counter_set_value
28182 : 0x31701f020e6d5f : 2 : ittapi_config_apply_per_lib :  ITTAPI function not implemented: __itt_counter_set_value_ex
28182 : 0x31701f020e775a : 2 : ittapi_config_apply_per_lib :  ITTAPI function not implemented: __itt_mark_create
28182 : 0x31701f020e8152 : 2 : ittapi_config_apply_per_lib :  ITTAPI function not implemented: __itt_mark
28182 : 0x31701f020e8c45 : 2 : ittapi_config_apply_per_lib :  ITTAPI function not implemented: __itt_mark_off
28182 : 0x31701f020e965a : 2 : ittapi_config_apply_per_lib :  ITTAPI function not implemented: __itt_mark_global
28182 : 0x31701f020e9ff4 : 2 : ittapi_config_apply_per_lib :  ITTAPI function not implemented: __itt_mark_global_off
28182 : 0x31701f020ea937 : 2 : ittapi_config_apply_per_lib :  ITTAPI function instrumented: __itt_stack_caller_create
28182 : 0x31701f020ecbdc : 2 : ittapi_config_apply_per_lib :  ITTAPI function instrumented: __itt_stack_caller_destroy
28182 : 0x31701f020ed551 : 2 : ittapi_config_apply_per_lib :  ITTAPI function instrumented: __itt_stack_callee_enter
28182 : 0x31701f020ede34 : 2 : ittapi_config_apply_per_lib :  ITTAPI function instrumented: __itt_stack_callee_leave
28182 : 0x31701f020ee84c : 2 : ittapi_config_apply_per_lib :  ITTAPI function not implemented: __itt_clock_domain_create
28182 : 0x31701f020ef2cc : 2 : ittapi_config_apply_per_lib :  ITTAPI function not implemented: __itt_clock_domain_reset
28182 : 0x31701f020efcad : 2 : ittapi_config_apply_per_lib :  ITTAPI function not implemented: __itt_id_create_ex
28182 : 0x31701f020f066f : 2 : ittapi_config_apply_per_lib :  ITTAPI function not implemented: __itt_id_destroy_ex
28182 : 0x31701f020f1048 : 2 : ittapi_config_apply_per_lib :  ITTAPI function not implemented: __itt_task_begin_ex
28182 : 0x31701f020f1a70 : 2 : ittapi_config_apply_per_lib :  ITTAPI function not implemented: __itt_task_begin_fn_ex
28182 : 0x31701f020f246a : 2 : ittapi_config_apply_per_lib :  ITTAPI function not implemented: __itt_task_end_ex
28182 : 0x31701f020f4517 : 2 : ittapi_config_apply_per_lib :  ITTAPI function instrumented: __itt_task_begin_overlapped
28182 : 0x31701f020f4fb3 : 2 : ittapi_config_apply_per_lib :  ITTAPI function not implemented: __itt_task_begin_overlapped_ex
28182 : 0x31701f020f58fc : 2 : ittapi_config_apply_per_lib :  ITTAPI function instrumented: __itt_task_end_overlapped
28182 : 0x31701f020f63da : 2 : ittapi_config_apply_per_lib :  ITTAPI function not implemented: __itt_task_end_overlapped_ex
28182 : 0x31701f020f6da5 : 2 : ittapi_config_apply_per_lib :  ITTAPI function not implemented: __itt_marker_ex
28182 : 0x31701f020f7841 : 2 : ittapi_config_apply_per_lib :  ITTAPI function not implemented: __itt_metadata_add_with_scope
28182 : 0x31701f020f82d2 : 2 : ittapi_config_apply_per_lib :  ITTAPI function not implemented: __itt_metadata_str_add_with_scope
28182 : 0x31701f020f8d0b : 2 : ittapi_config_apply_per_lib :  ITTAPI function not implemented: __itt_relation_add_to_current_ex
28182 : 0x31701f020f96c0 : 2 : ittapi_config_apply_per_lib :  ITTAPI function not implemented: __itt_relation_add_ex
28182 : 0x31701f020fa0ba : 2 : ittapi_config_apply_per_lib :  ITTAPI function not implemented: __itt_track_group_create
28182 : 0x31701f020fcc61 : 2 : ittapi_config_apply_per_lib :  ITTAPI function not implemented: __itt_track_create
28182 : 0x31701f020fd6bc : 2 : ittapi_config_apply_per_lib :  ITTAPI function not implemented: __itt_set_track
28182 : 0x31701f020fdfdc : 2 : ittapi_config_apply_per_lib :  ITTAPI function instrumented: __itt_api_version
28182 : 0x31701f020fe9b2 : 2 : ittapi_config_apply_per_lib :  ITTAPI function not implemented: __itt_av_save
28182 : 0x31701f020ff280 : 2 : ittapi_config_apply_per_lib :  ITTAPI function instrumented: __itt_module_load
28182 : 0x31701f021a5bff : 2 : ittapi_config_mask_get :  --itt-config mask to be applied: 183
28182 : 0x31701f021a6e33 : 2 : ittapi_config_apply_per_lib :  ITTAPI function instrumented: __itt_domain_create
28182 : 0x31701f021a7770 : 2 : ittapi_config_apply_per_lib :  ITTAPI function instrumented: __itt_string_handle_create
28182 : 0x31701f021a80f5 : 2 : ittapi_config_apply_per_lib :  ITTAPI function instrumented: __itt_pause
28182 : 0x31701f021a89f0 : 2 : ittapi_config_apply_per_lib :  ITTAPI function instrumented: __itt_resume
28182 : 0x31701f021acada : 2 : ittapi_config_apply_per_lib :  ITTAPI function instrumented: __itt_thread_set_name
28182 : 0x31701f021ad551 : 2 : ittapi_config_apply_per_lib :  ITTAPI function instrumented: __itt_thread_ignore
28182 : 0x31701f021ade3f : 2 : ittapi_config_apply_per_lib :  ITTAPI function instrumented: __itt_thr_name_set
28182 : 0x31701f021ae72e : 2 : ittapi_config_apply_per_lib :  ITTAPI function instrumented: __itt_thr_ignore
28182 : 0x31701f021af491 : 2 : ittapi_config_apply_per_lib :  ITTAPI function not implemented: __itt_enable_attach
28182 : 0x31701f021afe9d : 2 : ittapi_config_apply_per_lib :  ITTAPI function instrumented: __itt_detach
28182 : 0x31701f021b0662 : 2 : ittapi_config_apply_per_lib :  ITTAPI function NOT instrumented (not matched by --itt-config option): __itt_sync_create

28182 : 0x31701f021b0eff : 2 : ittapi_config_apply_per_lib :  ITTAPI function NOT instrumented (not matched by --itt-config option): __itt_sync_rename

28182 : 0x31701f021b16be : 2 : ittapi_config_apply_per_lib :  ITTAPI function NOT instrumented (not matched by --itt-config option): __itt_sync_destroy

28182 : 0x31701f021b1e58 : 2 : ittapi_config_apply_per_lib :  ITTAPI function NOT instrumented (not matched by --itt-config option): __itt_sync_prepare

28182 : 0x31701f021b41a9 : 2 : ittapi_config_apply_per_lib :  ITTAPI function NOT instrumented (not matched by --itt-config option): __itt_sync_cancel

28182 : 0x31701f021b495c : 2 : ittapi_config_apply_per_lib :  ITTAPI function NOT instrumented (not matched by --itt-config option): __itt_sync_acquired

28182 : 0x31701f021b50f6 : 2 : ittapi_config_apply_per_lib :  ITTAPI function NOT instrumented (not matched by --itt-config option): __itt_sync_releasing

28182 : 0x31701f021b5cd5 : 2 : ittapi_config_apply_per_lib :  ITTAPI function not implemented: __itt_suppress_push
28182 : 0x31701f021b681a : 2 : ittapi_config_apply_per_lib :  ITTAPI function not implemented: __itt_suppress_pop
28182 : 0x31701f021b729a : 2 : ittapi_config_apply_per_lib :  ITTAPI function not implemented: __itt_suppress_mark_range
28182 : 0x31701f021b7df8 : 2 : ittapi_config_apply_per_lib :  ITTAPI function not implemented: __itt_suppress_clear_range
28182 : 0x31701f021b8587 : 2 : ittapi_config_apply_per_lib :  ITTAPI function NOT instrumented (not matched by --itt-config option): __itt_sync_prepare

28182 : 0x31701f021b8d70 : 2 : ittapi_config_apply_per_lib :  ITTAPI function NOT instrumented (not matched by --itt-config option): __itt_sync_cancel

28182 : 0x31701f021b94fd : 2 : ittapi_config_apply_per_lib :  ITTAPI function NOT instrumented (not matched by --itt-config option): __itt_sync_acquired

28182 : 0x31701f021bc84c : 2 : ittapi_config_apply_per_lib :  ITTAPI function NOT instrumented (not matched by --itt-config option): __itt_sync_releasing

28182 : 0x31701f021bd33e : 2 : ittapi_config_apply_per_lib :  ITTAPI function instrumented: __itt_model_site_begin
28182 : 0x31701f021bdc61 : 2 : ittapi_config_apply_per_lib :  ITTAPI function instrumented: __itt_model_site_end
28182 : 0x31701f021be597 : 2 : ittapi_config_apply_per_lib :  ITTAPI function instrumented: __itt_model_task_begin
28182 : 0x31701f021beea9 : 2 : ittapi_config_apply_per_lib :  ITTAPI function instrumented: __itt_model_task_end
28182 : 0x31701f021bf74a : 2 : ittapi_config_apply_per_lib :  ITTAPI function instrumented: __itt_model_lock_acquire
28182 : 0x31701f021bffc5 : 2 : ittapi_config_apply_per_lib :  ITTAPI function instrumented: __itt_model_lock_release
28182 : 0x31701f021c0a6d : 2 : ittapi_config_apply_per_lib :  ITTAPI function not implemented: __itt_model_record_allocation
28182 : 0x31701f021c14f7 : 2 : ittapi_config_apply_per_lib :  ITTAPI function not implemented: __itt_model_record_deallocation
28182 : 0x31701f021c1f88 : 2 : ittapi_config_apply_per_lib :  ITTAPI function not implemented: __itt_model_induction_uses
28182 : 0x31701f021c451d : 2 : ittapi_config_apply_per_lib :  ITTAPI function not implemented: __itt_model_reduction_uses
28182 : 0x31701f021c4fed : 2 : ittapi_config_apply_per_lib :  ITTAPI function not implemented: __itt_model_observe_uses
28182 : 0x31701f021c5ab3 : 2 : ittapi_config_apply_per_lib :  ITTAPI function not implemented: __itt_model_clear_uses
28182 : 0x31701f021c6378 : 2 : ittapi_config_apply_per_lib :  ITTAPI function instrumented: __itt_model_site_beginA
28182 : 0x31701f021c6c74 : 2 : ittapi_config_apply_per_lib :  ITTAPI function instrumented: __itt_model_site_beginAL
28182 : 0x31701f021c7559 : 2 : ittapi_config_apply_per_lib :  ITTAPI function instrumented: __itt_model_task_beginA
28182 : 0x31701f021c7e04 : 2 : ittapi_config_apply_per_lib :  ITTAPI function instrumented: __itt_model_task_beginAL
28182 : 0x31701f021c8665 : 2 : ittapi_config_apply_per_lib :  ITTAPI function instrumented: __itt_model_iteration_taskA
28182 : 0x31701f021c8ef0 : 2 : ittapi_config_apply_per_lib :  ITTAPI function instrumented: __itt_model_iteration_taskAL
28182 : 0x31701f021c9739 : 2 : ittapi_config_apply_per_lib :  ITTAPI function instrumented: __itt_model_site_end_2
28182 : 0x31701f021cb9fe : 2 : ittapi_config_apply_per_lib :  ITTAPI function instrumented: __itt_model_task_end_2
28182 : 0x31701f021cc290 : 2 : ittapi_config_apply_per_lib :  ITTAPI function instrumented: __itt_model_lock_acquire_2
28182 : 0x31701f021ccb56 : 2 : ittapi_config_apply_per_lib :  ITTAPI function instrumented: __itt_model_lock_release_2
28182 : 0x31701f021cd3c9 : 2 : ittapi_config_apply_per_lib :  ITTAPI function instrumented: __itt_model_aggregate_task
28182 : 0x31701f021cdc0e : 2 : ittapi_config_apply_per_lib :  ITTAPI function instrumented: __itt_model_disable_push
28182 : 0x31701f021ce44f : 2 : ittapi_config_apply_per_lib :  ITTAPI function instrumented: __itt_model_disable_pop
28182 : 0x31701f021cec85 : 2 : ittapi_config_apply_per_lib :  ITTAPI function instrumented: __itt_heap_function_create
28182 : 0x31701f021cf4de : 2 : ittapi_config_apply_per_lib :  ITTAPI function instrumented: __itt_heap_allocate_begin
28182 : 0x31701f021cfdb9 : 2 : ittapi_config_apply_per_lib :  ITTAPI function instrumented: __itt_heap_allocate_end
28182 : 0x31701f021d062c : 2 : ittapi_config_apply_per_lib :  ITTAPI function instrumented: __itt_heap_free_begin
28182 : 0x31701f021d26b0 : 2 : ittapi_config_apply_per_lib :  ITTAPI function instrumented: __itt_heap_free_end
28182 : 0x31701f021d2f78 : 2 : ittapi_config_apply_per_lib :  ITTAPI function instrumented: __itt_heap_reallocate_begin
28182 : 0x31701f021d37f0 : 2 : ittapi_config_apply_per_lib :  ITTAPI function instrumented: __itt_heap_reallocate_end
28182 : 0x31701f021d4250 : 2 : ittapi_config_apply_per_lib :  ITTAPI function not implemented: __itt_heap_internal_access_begin
28182 : 0x31701f021d4cfc : 2 : ittapi_config_apply_per_lib :  ITTAPI function not implemented: __itt_heap_internal_access_end
28182 : 0x31701f021d5777 : 2 : ittapi_config_apply_per_lib :  ITTAPI function not implemented: __itt_heap_record_memory_growth_begin
28182 : 0x31701f021d6232 : 2 : ittapi_config_apply_per_lib :  ITTAPI function not implemented: __itt_heap_record_memory_growth_end
28182 : 0x31701f021d6c14 : 2 : ittapi_config_apply_per_lib :  ITTAPI function not implemented: __itt_heap_reset_detection
28182 : 0x31701f021d765c : 2 : ittapi_config_apply_per_lib :  ITTAPI function not implemented: __itt_heap_record
28182 : 0x31701f021d8035 : 2 : ittapi_config_apply_per_lib :  ITTAPI function not implemented: __itt_id_create
28182 : 0x31701f021dadf8 : 2 : ittapi_config_apply_per_lib :  ITTAPI function not implemented: __itt_id_destroy
28182 : 0x31701f021db71a : 2 : ittapi_config_apply_per_lib :  ITTAPI function instrumented: __itt_get_timestamp
28182 : 0x31701f021dc13c : 2 : ittapi_config_apply_per_lib :  ITTAPI function not implemented: __itt_region_begin
28182 : 0x31701f021dcafb : 2 : ittapi_config_apply_per_lib :  ITTAPI function not implemented: __itt_region_end
28182 : 0x31701f021dd432 : 2 : ittapi_config_apply_per_lib :  ITTAPI function instrumented: __itt_frame_begin_v3
28182 : 0x31701f021ddcbc : 2 : ittapi_config_apply_per_lib :  ITTAPI function instrumented: __itt_frame_end_v3
28182 : 0x31701f021de5ae : 2 : ittapi_config_apply_per_lib :  ITTAPI function instrumented: __itt_frame_submit_v3
28182 : 0x31701f021defd9 : 2 : ittapi_config_apply_per_lib :  ITTAPI function not implemented: __itt_task_group
28182 : 0x31701f021df859 : 2 : ittapi_config_apply_per_lib :  ITTAPI function instrumented: __itt_task_begin
28182 : 0x31701f021e0179 : 2 : ittapi_config_apply_per_lib :  ITTAPI function instrumented: __itt_task_begin_fn
28182 : 0x31701f021e2239 : 2 : ittapi_config_apply_per_lib :  ITTAPI function instrumented: __itt_task_end
28182 : 0x31701f021e2ce9 : 2 : ittapi_config_apply_per_lib :  ITTAPI function not implemented: __itt_counter_inc_v3
28182 : 0x31701f021e379f : 2 : ittapi_config_apply_per_lib :  ITTAPI function not implemented: __itt_counter_inc_delta_v3
28182 : 0x31701f021e4209 : 2 : ittapi_config_apply_per_lib :  ITTAPI function not implemented: __itt_marker
28182 : 0x31701f021e4a73 : 2 : ittapi_config_apply_per_lib :  ITTAPI function instrumented: __itt_metadata_add
28182 : 0x31701f021e5502 : 2 : ittapi_config_apply_per_lib :  ITTAPI function not implemented: __itt_metadata_str_add
28182 : 0x31701f021e5f13 : 2 : ittapi_config_apply_per_lib :  ITTAPI function not implemented: __itt_relation_add_to_current
28182 : 0x31701f021e695b : 2 : ittapi_config_apply_per_lib :  ITTAPI function not implemented: __itt_relation_add
28182 : 0x31701f021e71bd : 2 : ittapi_config_apply_per_lib :  ITTAPI function instrumented: __itt_event_create
28182 : 0x31701f021e7ac0 : 2 : ittapi_config_apply_per_lib :  ITTAPI function instrumented: __itt_event_start
28182 : 0x31701f021e9bb5 : 2 : ittapi_config_apply_per_lib :  ITTAPI function instrumented: __itt_event_end
28182 : 0x31701f021ea394 : 2 : ittapi_config_apply_per_lib :  ITTAPI function NOT instrumented (not matched by --itt-config option): __itt_sync_set_name

28182 : 0x31701f021eaba0 : 2 : ittapi_config_apply_per_lib :  ITTAPI function NOT instrumented (not matched by --itt-config option): __itt_notify_sync_name

28182 : 0x31701f021eb367 : 2 : ittapi_config_apply_per_lib :  ITTAPI function NOT instrumented (not matched by --itt-config option): __itt_notify_sync_prepare

28182 : 0x31701f021ebb18 : 2 : ittapi_config_apply_per_lib :  ITTAPI function NOT instrumented (not matched by --itt-config option): __itt_notify_sync_cancel

28182 : 0x31701f021ec2ea : 2 : ittapi_config_apply_per_lib :  ITTAPI function NOT instrumented (not matched by --itt-config option): __itt_notify_sync_acquired

28182 : 0x31701f021eca56 : 2 : ittapi_config_apply_per_lib :  ITTAPI function NOT instrumented (not matched by --itt-config option): __itt_notify_sync_releasing

28182 : 0x31701f021ed4cb : 2 : ittapi_config_apply_per_lib :  ITTAPI function not implemented: __itt_memory_read
28182 : 0x31701f021edf5b : 2 : ittapi_config_apply_per_lib :  ITTAPI function not implemented: __itt_memory_write
28182 : 0x31701f021ee97a : 2 : ittapi_config_apply_per_lib :  ITTAPI function not implemented: __itt_memory_update
28182 : 0x31701f021f1504 : 2 : ittapi_config_apply_per_lib :  ITTAPI function not implemented: __itt_state_get
28182 : 0x31701f021f1f3c : 2 : ittapi_config_apply_per_lib :  ITTAPI function not implemented: __itt_state_set
28182 : 0x31701f021f28b3 : 2 : ittapi_config_apply_per_lib :  ITTAPI function not implemented: __itt_obj_mode_set
28182 : 0x31701f021f3283 : 2 : ittapi_config_apply_per_lib :  ITTAPI function not implemented: __itt_thr_mode_set
28182 : 0x31701f021f3ac8 : 2 : ittapi_config_apply_per_lib :  ITTAPI function instrumented: __itt_frame_create
28182 : 0x31701f021f43ea : 2 : ittapi_config_apply_per_lib :  ITTAPI function instrumented: __itt_frame_begin
28182 : 0x31701f021f4cf3 : 2 : ittapi_config_apply_per_lib :  ITTAPI function instrumented: __itt_frame_end
28182 : 0x31701f021f5533 : 2 : ittapi_config_apply_per_lib :  ITTAPI function instrumented: __itt_counter_create
28182 : 0x31701f021f5f1f : 2 : ittapi_config_apply_per_lib :  ITTAPI function not implemented: __itt_counter_destroy
28182 : 0x31701f021f67cd : 2 : ittapi_config_apply_per_lib :  ITTAPI function instrumented: __itt_counter_inc
28182 : 0x31701f021f8940 : 2 : ittapi_config_apply_per_lib :  ITTAPI function instrumented: __itt_counter_inc_delta
28182 : 0x31701f021f9379 : 2 : ittapi_config_apply_per_lib :  ITTAPI function not implemented: __itt_mark_create
28182 : 0x31701f021f9dde : 2 : ittapi_config_apply_per_lib :  ITTAPI function not implemented: __itt_mark
28182 : 0x31701f021fa86a : 2 : ittapi_config_apply_per_lib :  ITTAPI function not implemented: __itt_mark_off
28182 : 0x31701f021fb2c2 : 2 : ittapi_config_apply_per_lib :  ITTAPI function not implemented: __itt_mark_global
28182 : 0x31701f021fbcbc : 2 : ittapi_config_apply_per_lib :  ITTAPI function not implemented: __itt_mark_global_off
28182 : 0x31701f021fc5ab : 2 : ittapi_config_apply_per_lib :  ITTAPI function instrumented: __itt_stack_caller_create
28182 : 0x31701f021fcec9 : 2 : ittapi_config_apply_per_lib :  ITTAPI function instrumented: __itt_stack_caller_destroy
28182 : 0x31701f021fd7ad : 2 : ittapi_config_apply_per_lib :  ITTAPI function instrumented: __itt_stack_callee_enter
28182 : 0x31701f021fe065 : 2 : ittapi_config_apply_per_lib :  ITTAPI function instrumented: __itt_stack_callee_leave
28182 : 0x31701f022002c2 : 2 : ittapi_config_apply_per_lib :  ITTAPI function not implemented: __itt_clock_domain_create
28182 : 0x31701f02200d34 : 2 : ittapi_config_apply_per_lib :  ITTAPI function not implemented: __itt_clock_domain_reset
28182 : 0x31701f0220172a : 2 : ittapi_config_apply_per_lib :  ITTAPI function not implemented: __itt_id_create_ex
28182 : 0x31701f022020ee : 2 : ittapi_config_apply_per_lib :  ITTAPI function not implemented: __itt_id_destroy_ex
28182 : 0x31701f02202ad6 : 2 : ittapi_config_apply_per_lib :  ITTAPI function not implemented: __itt_task_begin_ex
28182 : 0x31701f022034ca : 2 : ittapi_config_apply_per_lib :  ITTAPI function not implemented: __itt_task_begin_fn_ex
28182 : 0x31701f02203e86 : 2 : ittapi_config_apply_per_lib :  ITTAPI function not implemented: __itt_task_end_ex
28182 : 0x31701f02204704 : 2 : ittapi_config_apply_per_lib :  ITTAPI function instrumented: __itt_task_begin_overlapped
28182 : 0x31701f022050c5 : 2 : ittapi_config_apply_per_lib :  ITTAPI function not implemented: __itt_task_begin_overlapped_ex
28182 : 0x31701f02205968 : 2 : ittapi_config_apply_per_lib :  ITTAPI function instrumented: __itt_task_end_overlapped
28182 : 0x31701f02207c0a : 2 : ittapi_config_apply_per_lib :  ITTAPI function not implemented: __itt_task_end_overlapped_ex
28182 : 0x31701f02208632 : 2 : ittapi_config_apply_per_lib :  ITTAPI function not implemented: __itt_marker_ex
28182 : 0x31701f0220906e : 2 : ittapi_config_apply_per_lib :  ITTAPI function not implemented: __itt_metadata_add_with_scope
28182 : 0x31701f02209ad7 : 2 : ittapi_config_apply_per_lib :  ITTAPI function not implemented: __itt_metadata_str_add_with_scope
28182 : 0x31701f0220a52a : 2 : ittapi_config_apply_per_lib :  ITTAPI function not implemented: __itt_relation_add_to_current_ex
28182 : 0x31701f0220aead : 2 : ittapi_config_apply_per_lib :  ITTAPI function not implemented: __itt_relation_add_ex
28182 : 0x31701f0220b92c : 2 : ittapi_config_apply_per_lib :  ITTAPI function not implemented: __itt_track_group_create
28182 : 0x31701f0220c2cb : 2 : ittapi_config_apply_per_lib :  ITTAPI function not implemented: __itt_track_create
28182 : 0x31701f0220ccc8 : 2 : ittapi_config_apply_per_lib :  ITTAPI function not implemented: __itt_set_track
28182 : 0x31701f0220d543 : 2 : ittapi_config_apply_per_lib :  ITTAPI function instrumented: __itt_api_version
28182 : 0x31701f02210090 : 2 : ittapi_config_apply_per_lib :  ITTAPI function not implemented: __itt_av_save