<?xml version="1.0" encoding="utf-8" ?>
<!-- DO NOT EDIT THIS FILE -->

<log version='2.0' source='trc'>
	<msg id='1' display='false' source='trc'>
		<type>PROCESS_START</type>
		<severity>INFO</severity>
		<timestamp>Thu Jul 21 21:04:55 2022</timestamp>
		<arg name='process'>/home/llopis/src/coral-demo-cor23/advisor-roofline/mult-many</arg>
		<arg name='pid'>23695</arg>
	</msg>
	<!-- Instrumentation filter's state:
    Patterns applicability:
        Generic loop pattern.....................: disabled
        Generic loop pattern (with dynamic jumps): disabled
        Known trip value loop pattern............: disabled
        Runtime final value loop pattern.........: disabled
        No initial IV loop pattern...............: disabled
        IV step only loop pattern................: disabled
        No entry loop pattern....................: disabled
    Clustered memory model (CMM) applicability:
        Generic loop pattern.....................: enabled
        Generic loop pattern (with dynamic jumps): enabled
        Known trip value loop pattern............: enabled
        Runtime final value loop pattern.........: enabled
        No initial IV loop pattern...............: enabled
        IV step only loop pattern................: enabled
        No entry loop pattern....................: disabled
 -->
	<!-- Callstack mode:
    filter modules.........: true
    filter routines........: true
    count loops............: false
    count flops............: false
    trace..................: false
    extended trace.........: false
    omp trace..............: false
    jit trace..............: false
    failures trace.........: false
    dump raw...............: false
    dump final.............: false
    dump all...............: false
    stack stitching........: true
    stl profiling..........: true
    aggressive frame switch: true
    unwind frame exit......: true
    analyze child loops....: true
 -->
	<!-- Managed application profiling: -->
	<!-- 	State...................: enabled -->
	<!-- Gpu Profiling: -->
	<!-- 	State: disabled -->
	<!-- Creating caches according to description: 28:32k:8w/256k:8w/2:35840k:20w -->
	<!-- Created cache simulator with the following features: set locker, random set sampler, generic random set mapper, bb attribution, default tag, empty feature with size 36700160 and associativity 20 -->
	<!-- Created cache simulator with the following features: set locker, random set sampler, generic random set mapper, bb attribution, default tag, empty feature with size 36700160 and associativity 20 -->
	<!-- Created cache simulator with the following features: empty feature, random set sampler, fast random set mapper, bb attribution, default tag, empty feature with size 262144 and associativity 8 -->
	<!-- Created cache simulator with the following features: empty feature, random set sampler, fast random set mapper, bb attribution, default tag, empty feature with size 262144 and associativity 8 -->
	<!-- Created cache simulator with the following features: empty feature, random set sampler, fast random set mapper, bb attribution, default tag, empty feature with size 262144 and associativity 8 -->
	<!-- Created cache simulator with the following features: empty feature, random set sampler, fast random set mapper, bb attribution, default tag, empty feature with size 262144 and associativity 8 -->
	<!-- Created cache simulator with the following features: empty feature, random set sampler, fast random set mapper, bb attribution, default tag, empty feature with size 262144 and associativity 8 -->
	<!-- Created cache simulator with the following features: empty feature, random set sampler, fast random set mapper, bb attribution, default tag, empty feature with size 262144 and associativity 8 -->
	<!-- Created cache simulator with the following features: empty feature, random set sampler, fast random set mapper, bb attribution, default tag, empty feature with size 262144 and associativity 8 -->
	<!-- Created cache simulator with the following features: empty feature, random set sampler, fast random set mapper, bb attribution, default tag, empty feature with size 262144 and associativity 8 -->
	<!-- Created cache simulator with the following features: empty feature, random set sampler, fast random set mapper, bb attribution, default tag, empty feature with size 262144 and associativity 8 -->
	<!-- Created cache simulator with the following features: empty feature, random set sampler, fast random set mapper, bb attribution, default tag, empty feature with size 262144 and associativity 8 -->
	<!-- Created cache simulator with the following features: empty feature, random set sampler, fast random set mapper, bb attribution, default tag, empty feature with size 262144 and associativity 8 -->
	<!-- Created cache simulator with the following features: empty feature, random set sampler, fast random set mapper, bb attribution, default tag, empty feature with size 262144 and associativity 8 -->
	<!-- Created cache simulator with the following features: empty feature, random set sampler, fast random set mapper, bb attribution, default tag, empty feature with size 262144 and associativity 8 -->
	<!-- Created cache simulator with the following features: empty feature, random set sampler, fast random set mapper, bb attribution, default tag, empty feature with size 262144 and associativity 8 -->
	<!-- Created cache simulator with the following features: empty feature, random set sampler, fast random set mapper, bb attribution, default tag, empty feature with size 262144 and associativity 8 -->
	<!-- Created cache simulator with the following features: empty feature, random set sampler, fast random set mapper, bb attribution, default tag, empty feature with size 262144 and associativity 8 -->
	<!-- Created cache simulator with the following features: empty feature, random set sampler, fast random set mapper, bb attribution, default tag, empty feature with size 262144 and associativity 8 -->
	<!-- Created cache simulator with the following features: empty feature, random set sampler, fast random set mapper, bb attribution, default tag, empty feature with size 262144 and associativity 8 -->
	<!-- Created cache simulator with the following features: empty feature, random set sampler, fast random set mapper, bb attribution, default tag, empty feature with size 262144 and associativity 8 -->
	<!-- Created cache simulator with the following features: empty feature, random set sampler, fast random set mapper, bb attribution, default tag, empty feature with size 262144 and associativity 8 -->
	<!-- Created cache simulator with the following features: empty feature, random set sampler, fast random set mapper, bb attribution, default tag, empty feature with size 262144 and associativity 8 -->
	<!-- Created cache simulator with the following features: empty feature, random set sampler, fast random set mapper, bb attribution, default tag, empty feature with size 262144 and associativity 8 -->
	<!-- Created cache simulator with the following features: empty feature, random set sampler, fast random set mapper, bb attribution, default tag, empty feature with size 262144 and associativity 8 -->
	<!-- Created cache simulator with the following features: empty feature, random set sampler, fast random set mapper, bb attribution, default tag, empty feature with size 262144 and associativity 8 -->
	<!-- Created cache simulator with the following features: empty feature, random set sampler, fast random set mapper, bb attribution, default tag, empty feature with size 262144 and associativity 8 -->
	<!-- Created cache simulator with the following features: empty feature, random set sampler, fast random set mapper, bb attribution, default tag, empty feature with size 262144 and associativity 8 -->
	<!-- Created cache simulator with the following features: empty feature, random set sampler, fast random set mapper, bb attribution, default tag, empty feature with size 262144 and associativity 8 -->
	<!-- Created cache simulator with the following features: empty feature, random set sampler, fast random set mapper, bb attribution, default tag, empty feature with size 262144 and associativity 8 -->
	<!-- Created cache simulator with the following features: empty feature, random set sampler, fast random set mapper, bb attribution, default tag, empty feature with size 32768 and associativity 8 -->
	<!-- Created cache simulator with the following features: empty feature, random set sampler, fast random set mapper, bb attribution, default tag, empty feature with size 32768 and associativity 8 -->
	<!-- Created cache simulator with the following features: empty feature, random set sampler, fast random set mapper, bb attribution, default tag, empty feature with size 32768 and associativity 8 -->
	<!-- Created cache simulator with the following features: empty feature, random set sampler, fast random set mapper, bb attribution, default tag, empty feature with size 32768 and associativity 8 -->
	<!-- Created cache simulator with the following features: empty feature, random set sampler, fast random set mapper, bb attribution, default tag, empty feature with size 32768 and associativity 8 -->
	<!-- Created cache simulator with the following features: empty feature, random set sampler, fast random set mapper, bb attribution, default tag, empty feature with size 32768 and associativity 8 -->
	<!-- Created cache simulator with the following features: empty feature, random set sampler, fast random set mapper, bb attribution, default tag, empty feature with size 32768 and associativity 8 -->
	<!-- Created cache simulator with the following features: empty feature, random set sampler, fast random set mapper, bb attribution, default tag, empty feature with size 32768 and associativity 8 -->
	<!-- Created cache simulator with the following features: empty feature, random set sampler, fast random set mapper, bb attribution, default tag, empty feature with size 32768 and associativity 8 -->
	<!-- Created cache simulator with the following features: empty feature, random set sampler, fast random set mapper, bb attribution, default tag, empty feature with size 32768 and associativity 8 -->
	<!-- Created cache simulator with the following features: empty feature, random set sampler, fast random set mapper, bb attribution, default tag, empty feature with size 32768 and associativity 8 -->
	<!-- Created cache simulator with the following features: empty feature, random set sampler, fast random set mapper, bb attribution, default tag, empty feature with size 32768 and associativity 8 -->
	<!-- Created cache simulator with the following features: empty feature, random set sampler, fast random set mapper, bb attribution, default tag, empty feature with size 32768 and associativity 8 -->
	<!-- Created cache simulator with the following features: empty feature, random set sampler, fast random set mapper, bb attribution, default tag, empty feature with size 32768 and associativity 8 -->
	<!-- Created cache simulator with the following features: empty feature, random set sampler, fast random set mapper, bb attribution, default tag, empty feature with size 32768 and associativity 8 -->
	<!-- Created cache simulator with the following features: empty feature, random set sampler, fast random set mapper, bb attribution, default tag, empty feature with size 32768 and associativity 8 -->
	<!-- Created cache simulator with the following features: empty feature, random set sampler, fast random set mapper, bb attribution, default tag, empty feature with size 32768 and associativity 8 -->
	<!-- Created cache simulator with the following features: empty feature, random set sampler, fast random set mapper, bb attribution, default tag, empty feature with size 32768 and associativity 8 -->
	<!-- Created cache simulator with the following features: empty feature, random set sampler, fast random set mapper, bb attribution, default tag, empty feature with size 32768 and associativity 8 -->
	<!-- Created cache simulator with the following features: empty feature, random set sampler, fast random set mapper, bb attribution, default tag, empty feature with size 32768 and associativity 8 -->
	<!-- Created cache simulator with the following features: empty feature, random set sampler, fast random set mapper, bb attribution, default tag, empty feature with size 32768 and associativity 8 -->
	<!-- Created cache simulator with the following features: empty feature, random set sampler, fast random set mapper, bb attribution, default tag, empty feature with size 32768 and associativity 8 -->
	<!-- Created cache simulator with the following features: empty feature, random set sampler, fast random set mapper, bb attribution, default tag, empty feature with size 32768 and associativity 8 -->
	<!-- Created cache simulator with the following features: empty feature, random set sampler, fast random set mapper, bb attribution, default tag, empty feature with size 32768 and associativity 8 -->
	<!-- Created cache simulator with the following features: empty feature, random set sampler, fast random set mapper, bb attribution, default tag, empty feature with size 32768 and associativity 8 -->
	<!-- Created cache simulator with the following features: empty feature, random set sampler, fast random set mapper, bb attribution, default tag, empty feature with size 32768 and associativity 8 -->
	<!-- Created cache simulator with the following features: empty feature, random set sampler, fast random set mapper, bb attribution, default tag, empty feature with size 32768 and associativity 8 -->
	<!-- Created cache simulator with the following features: empty feature, random set sampler, fast random set mapper, bb attribution, default tag, empty feature with size 32768 and associativity 8 -->
	<!-- Cache hierarchy created. Status=success -->
	<msg id='2' display='false' source='trc'>
		<type>PROCESS_ANALYSIS_MODE</type>
		<severity>INFO</severity>
		<timestamp>Thu Jul 21 21:04:55 2022</timestamp>
		<arg name='mode'>full</arg>
	</msg>
	<!-- Update image info for [1:0x400000:YN] /home/llopis/src/coral-demo-cor23/advisor-roofline/mult-many -->
	<msg id='3' display='false' source='trc'>
		<type>LOAD_MODULE</type>
		<severity>INFO</severity>
		<timestamp>Thu Jul 21 21:04:55 2022</timestamp>
		<arg name='module'>/home/llopis/src/coral-demo-cor23/advisor-roofline/mult-many</arg>
		<arg name='basement'>0x400000</arg>
		<arg name='ceiling'>0x6057ef</arg>
		<arg name='symtab'>yes</arg>
	</msg>
	<!-- Instrumenting image: id = 1, name = /home/llopis/src/coral-demo-cor23/advisor-roofline/mult-many -->
	<!-- Update image info for [2:0x2B6185896000:YN] /lib64/ld-linux-x86-64.so.2 -->
	<msg id='4' display='false' source='trc'>
		<type>LOAD_MODULE</type>
		<severity>INFO</severity>
		<timestamp>Thu Jul 21 21:04:55 2022</timestamp>
		<arg name='module'>/lib64/ld-linux-x86-64.so.2</arg>
		<arg name='basement'>0x2b6185896000</arg>
		<arg name='ceiling'>0x2b6185ab914f</arg>
		<arg name='symtab'>yes</arg>
	</msg>
	<!-- Instrumentation of /lib64/ld-linux-x86-64.so.2 image skipped because of filter conditions [cs-mode]. -->
	<!-- Update image info for [3:0x7FFC9B867000:NN] [vdso] -->
	<msg id='5' display='false' source='trc'>
		<type>LOAD_MODULE</type>
		<severity>INFO</severity>
		<timestamp>Thu Jul 21 21:04:55 2022</timestamp>
		<arg name='module'>[vdso]</arg>
		<arg name='basement'>0x7ffc9b867000</arg>
		<arg name='ceiling'>0x7ffc9b867e6c</arg>
		<arg name='symtab'>no</arg>
	</msg>
	<!-- Instrumentation of [vdso] image skipped because of filter conditions [cs-mode]. -->
	<!-- Update image info for [4:0x2B619BAC1000:YN] /lib64/libm.so.6 -->
	<msg id='6' display='false' source='trc'>
		<type>LOAD_MODULE</type>
		<severity>INFO</severity>
		<timestamp>Thu Jul 21 21:04:55 2022</timestamp>
		<arg name='module'>/lib64/libm.so.6</arg>
		<arg name='basement'>0x2b619bac1000</arg>
		<arg name='ceiling'>0x2b619bdc2127</arg>
		<arg name='symtab'>yes</arg>
	</msg>
	<!-- Instrumentation of /lib64/libm.so.6 image skipped because of filter conditions [cs-mode]. -->
	<!-- Update image info for [5:0x2B619BDF9000:YN] /ssoft/spack/arvine/v1/opt/spack/linux-rhel7-haswell/gcc-4.8.5/intel-19.0.5-wvfmqbnhon3gjhmctxz4bfs6z7udbgix/compilers_and_libraries_2019.5.281/linux/compiler/lib/intel64/libiomp5.so -->
	<msg id='7' display='false' source='trc'>
		<type>LOAD_MODULE</type>
		<severity>INFO</severity>
		<timestamp>Thu Jul 21 21:04:55 2022</timestamp>
		<arg name='module'>/ssoft/spack/arvine/v1/opt/spack/linux-rhel7-haswell/gcc-4.8.5/intel-19.0.5-wvfmqbnhon3gjhmctxz4bfs6z7udbgix/compilers_and_libraries_2019.5.281/linux/compiler/lib/intel64/libiomp5.so</arg>
		<arg name='basement'>0x2b619bdf9000</arg>
		<arg name='ceiling'>0x2b619c1ed33f</arg>
		<arg name='symtab'>yes</arg>
	</msg>
	<!-- Instrumenting image: id = 5, name = /ssoft/spack/arvine/v1/opt/spack/linux-rhel7-haswell/gcc-4.8.5/intel-19.0.5-wvfmqbnhon3gjhmctxz4bfs6z7udbgix/compilers_and_libraries_2019.5.281/linux/compiler/lib/intel64/libiomp5.so -->
	<!-- skipping routine "_INTERNAL_49_______src_thirdparty_ittnotify_ittnotify_static_c_513db355::__kmp_itt_fsync_acquired_init_3_0", reason cannot build control-flow graph (HasDynamicJumps) -->
	<!-- skipping routine "__kmpc_fork_call", reason cannot build control-flow graph (HasDynamicJumps) -->
	<!-- Update image info for [6:0x2B619C1EE000:YN] /ssoft/spack/arvine/v1/opt/spack/linux-rhel7-haswell/gcc-4.8.5/gcc-8.4.0-fgpbrrd26pxv56imea5tnqj67vxh3a64/lib64/libgcc_s.so.1 -->
	<msg id='8' display='false' source='trc'>
		<type>LOAD_MODULE</type>
		<severity>INFO</severity>
		<timestamp>Thu Jul 21 21:04:55 2022</timestamp>
		<arg name='module'>/ssoft/spack/arvine/v1/opt/spack/linux-rhel7-haswell/gcc-4.8.5/gcc-8.4.0-fgpbrrd26pxv56imea5tnqj67vxh3a64/lib64/libgcc_s.so.1</arg>
		<arg name='basement'>0x2b619c1ee000</arg>
		<arg name='ceiling'>0x2b619c40544f</arg>
		<arg name='symtab'>yes</arg>
	</msg>
	<!-- Instrumentation of /ssoft/spack/arvine/v1/opt/spack/linux-rhel7-haswell/gcc-4.8.5/gcc-8.4.0-fgpbrrd26pxv56imea5tnqj67vxh3a64/lib64/libgcc_s.so.1 image skipped because of filter conditions [cs-mode]. -->
	<!-- Update image info for [7:0x2B619C406000:YN] /lib64/libpthread.so.0 -->
	<msg id='9' display='false' source='trc'>
		<type>LOAD_MODULE</type>
		<severity>INFO</severity>
		<timestamp>Thu Jul 21 21:04:55 2022</timestamp>
		<arg name='module'>/lib64/libpthread.so.0</arg>
		<arg name='basement'>0x2b619c406000</arg>
		<arg name='ceiling'>0x2b619c621487</arg>
		<arg name='symtab'>yes</arg>
	</msg>
	<!-- Instrumentation of /lib64/libpthread.so.0 image skipped because of filter conditions. -->
	<!-- Update image info for [8:0x2B619C622000:YN] /lib64/libc.so.6 -->
	<msg id='10' display='false' source='trc'>
		<type>LOAD_MODULE</type>
		<severity>INFO</severity>
		<timestamp>Thu Jul 21 21:04:55 2022</timestamp>
		<arg name='module'>/lib64/libc.so.6</arg>
		<arg name='basement'>0x2b619c622000</arg>
		<arg name='ceiling'>0x2b619c9ee1df</arg>
		<arg name='symtab'>yes</arg>
	</msg>
	<!-- Instrumentation of /lib64/libc.so.6 image skipped because of filter conditions. -->
	<!-- Update image info for [9:0x2B619C9EF000:YN] /lib64/libdl.so.2 -->
	<msg id='11' display='false' source='trc'>
		<type>LOAD_MODULE</type>
		<severity>INFO</severity>
		<timestamp>Thu Jul 21 21:04:55 2022</timestamp>
		<arg name='module'>/lib64/libdl.so.2</arg>
		<arg name='basement'>0x2b619c9ef000</arg>
		<arg name='ceiling'>0x2b619cbf210f</arg>
		<arg name='symtab'>yes</arg>
	</msg>
	<!-- Instrumentation of /lib64/libdl.so.2 image skipped because of filter conditions [cs-mode]. -->
	<!-- Update image info for [10:0x2B619DA88000:NN] /work/scitas-ge/richart/test_stacks/syrah/v1/opt/spack/linux-rhel7-skylake_avx512/gcc-8.4.0/intel-oneapi-advisor-2021.4.0-any7cfov5s4ujprr7plf7ks7xzoyqljz/advisor/2021.4.0/lib64/runtime/libittnotify.so -->
	<msg id='12' display='false' source='trc'>
		<type>LOAD_MODULE</type>
		<severity>INFO</severity>
		<timestamp>Thu Jul 21 21:04:56 2022</timestamp>
		<arg name='module'>/work/scitas-ge/richart/test_stacks/syrah/v1/opt/spack/linux-rhel7-skylake_avx512/gcc-8.4.0/intel-oneapi-advisor-2021.4.0-any7cfov5s4ujprr7plf7ks7xzoyqljz/advisor/2021.4.0/lib64/runtime/libittnotify.so</arg>
		<arg name='basement'>0x2b619da88000</arg>
		<arg name='ceiling'>0x2b619dc9465f</arg>
		<arg name='symtab'>no</arg>
	</msg>
	<!-- __itt_pause was instrumented -->
	<!-- __itt_resume was instrumented -->
	<!-- __itt_metadata_add was instrumented -->
	<!-- Instrumentation of /work/scitas-ge/richart/test_stacks/syrah/v1/opt/spack/linux-rhel7-skylake_avx512/gcc-8.4.0/intel-oneapi-advisor-2021.4.0-any7cfov5s4ujprr7plf7ks7xzoyqljz/advisor/2021.4.0/lib64/runtime/libittnotify.so image skipped because of filter conditions [cs-mode]. -->
	<msg id='13' display='false' source='trc'>
		<type>UNLOAD_MODULE</type>
		<severity>INFO</severity>
		<timestamp>Thu Jul 21 21:06:04 2022</timestamp>
		<arg name='module'>/home/llopis/src/coral-demo-cor23/advisor-roofline/mult-many</arg>
	</msg>
	<msg id='14' display='false' source='trc'>
		<type>UNLOAD_MODULE</type>
		<severity>INFO</severity>
		<timestamp>Thu Jul 21 21:06:04 2022</timestamp>
		<arg name='module'>/lib64/ld-linux-x86-64.so.2</arg>
	</msg>
	<msg id='15' display='false' source='trc'>
		<type>UNLOAD_MODULE</type>
		<severity>INFO</severity>
		<timestamp>Thu Jul 21 21:06:04 2022</timestamp>
		<arg name='module'>[vdso]</arg>
	</msg>
	<msg id='16' display='false' source='trc'>
		<type>UNLOAD_MODULE</type>
		<severity>INFO</severity>
		<timestamp>Thu Jul 21 21:06:04 2022</timestamp>
		<arg name='module'>/lib64/libm.so.6</arg>
	</msg>
	<msg id='17' display='false' source='trc'>
		<type>UNLOAD_MODULE</type>
		<severity>INFO</severity>
		<timestamp>Thu Jul 21 21:06:04 2022</timestamp>
		<arg name='module'>/ssoft/spack/arvine/v1/opt/spack/linux-rhel7-haswell/gcc-4.8.5/intel-19.0.5-wvfmqbnhon3gjhmctxz4bfs6z7udbgix/compilers_and_libraries_2019.5.281/linux/compiler/lib/intel64/libiomp5.so</arg>
	</msg>
	<msg id='18' display='false' source='trc'>
		<type>UNLOAD_MODULE</type>
		<severity>INFO</severity>
		<timestamp>Thu Jul 21 21:06:04 2022</timestamp>
		<arg name='module'>/ssoft/spack/arvine/v1/opt/spack/linux-rhel7-haswell/gcc-4.8.5/gcc-8.4.0-fgpbrrd26pxv56imea5tnqj67vxh3a64/lib64/libgcc_s.so.1</arg>
	</msg>
	<msg id='19' display='false' source='trc'>
		<type>UNLOAD_MODULE</type>
		<severity>INFO</severity>
		<timestamp>Thu Jul 21 21:06:04 2022</timestamp>
		<arg name='module'>/lib64/libpthread.so.0</arg>
	</msg>
	<msg id='20' display='false' source='trc'>
		<type>UNLOAD_MODULE</type>
		<severity>INFO</severity>
		<timestamp>Thu Jul 21 21:06:04 2022</timestamp>
		<arg name='module'>/lib64/libc.so.6</arg>
	</msg>
	<msg id='21' display='false' source='trc'>
		<type>UNLOAD_MODULE</type>
		<severity>INFO</severity>
		<timestamp>Thu Jul 21 21:06:04 2022</timestamp>
		<arg name='module'>/lib64/libdl.so.2</arg>
	</msg>
	<msg id='22' display='false' source='trc'>
		<type>UNLOAD_MODULE</type>
		<severity>INFO</severity>
		<timestamp>Thu Jul 21 21:06:04 2022</timestamp>
		<arg name='module'>/work/scitas-ge/richart/test_stacks/syrah/v1/opt/spack/linux-rhel7-skylake_avx512/gcc-8.4.0/intel-oneapi-advisor-2021.4.0-any7cfov5s4ujprr7plf7ks7xzoyqljz/advisor/2021.4.0/lib64/runtime/libittnotify.so</arg>
	</msg>
	<msg id='23' display='false' source='trc'>
		<type>PROCESS_FINISH</type>
		<severity>INFO</severity>
		<timestamp>Thu Jul 21 21:06:04 2022</timestamp>
		<arg name='process'>/home/llopis/src/coral-demo-cor23/advisor-roofline/mult-many</arg>
		<arg name='pid'>23695</arg>
		<arg name='exitcode'>0x0</arg>
	</msg>
	<!-- Application exited with code 0 -->
</log>