12 [47188033315968] INFO perfrun.launcher <> - Launcher main begin
14 [47188033315968] INFO perfrun.launcher <> - MessageCatalogInit finished
14 [47188033315968] INFO perfrun.launcher <> - Launcher instance created
14 [47188033315968] INFO perfrun.launcher <> - argc = 7; cmdline = /work/scitas-ge/richart/test_stacks/syrah/v1/opt/spack/linux-rhel7-skylake_avx512/gcc-8.4.0/intel-oneapi-advisor-2021.4.0-any7cfov5s4ujprr7plf7ks7xzoyqljz/advisor/2021.4.0/bin64/advixe-runss --ui-output-format xml --ui-output-fd 8 --option-file /home/llopis/src/coral-demo-cor23/advisor-roofline/roofline-sum-para/e000/hs001/config/runss.options 
70 [47188033315968] INFO perfrun.launcher <> - create msngr2::ICliToolContext
71 [47188033315968] INFO perfrun.launcher <> - create file finder object
71 [47188033315968] INFO perfrun.launcher <> - create a result directory: pattern = /home/llopis/src/coral-demo-cor23/advisor-roofline/roofline-sum-para/e000/hs001 pid = 4294967295
74 [47188033315968] INFO perfrun.sdk <> - checked that the directory /home/llopis/src/coral-demo-cor23/advisor-roofline/roofline-sum-para/e000/hs001 is a local directory
74 [47188033315968] INFO perfrun.sdk <> - the directory /home/llopis/src/coral-demo-cor23/advisor-roofline/roofline-sum-para/e000/hs001 is located on a share or its FS ID is unknown 1196443219
74 [47188033315968] INFO perfrun.sdk <> - checked that the directory /tmp/advixe-tmp-llopis is a local directory
74 [47188033315968] INFO perfrun.sdk <> - the directory /tmp/advixe-tmp-llopis is a local directory with FS type ID 61267
75 [47188033315968] INFO perfrun.launcher <> - Create a local result directory /tmp/advixe-tmp-llopis/advixe-res-28444-36103185551382530 due to the user result path /home/llopis/src/coral-demo-cor23/advisor-roofline/roofline-sum-para/e000/hs001 is located on a share
75 [47188033315968] INFO perfrun.launcher <> - create data directory = /tmp/advixe-tmp-llopis/advixe-res-28444-36103185551382530/data.0
75 [47188033315968] INFO perfrun.launcher <> - create data directory = /home/llopis/src/coral-demo-cor23/advisor-roofline/roofline-sum-para/e000/hs001/data.0
75 [47188033315968] INFO perfrun.launcher <> - Creating the master collection flag
77 [47188033315968] INFO perfrun.launcher <> - Done creating the master collection flag
80 [47188161939200] INFO perfrun.launcher <> - plugin [remoteplug] was disabled because it doesn't support the given collection type.
83 [47188161939200] INFO perfrun.sdk <> - Allocating TMU :/tmp/advixe-tmp-llopis/advixe-res-28444-36103185551382530/data.0/systemcollector-28444-f204.sc
83 [47188161939200] INFO perfrun.launcher <> - plugin [] was disabled because it doesn't support the given collection type.
83 [47188161939200] INFO perfrun.launcher <> - plugin [gpu] was disabled because it doesn't support the given collection type.
83 [47188161939200] INFO perfrun.launcher <> - plugin [] was disabled because it doesn't support the given collection type.
83 [47188161939200] INFO perfrun.launcher <> - plugin [] was disabled because it doesn't support the given collection type.
83 [47188161939200] INFO perfrun.launcher <> - plugin [] was disabled because it doesn't support the given collection type.
83 [47188161939200] INFO perfrun.mrte <> - system-wide mode is 0
83 [47188161939200] INFO perfrun.mrte <> - Getting  mrte profiling environment ...
123 [47188161939200] INFO perfrun.mrte <> - INTEL_MRTE_DATA_DIR=/tmp/advixe-tmp-llopis/advixe-res-28444-36103185551382530/data.0
123 [47188161939200] INFO perfrun.mrte <> - INTEL_MRTE_HOST_NAME=f204
123 [47188161939200] INFO perfrun.mrte <> - Data directory: /tmp/advixe-tmp-llopis/advixe-res-28444-36103185551382530/data.0
123 [47188161939200] INFO perfrun.mrte <> - Mrte plugin is initialized
123 [47188161939200] INFO perfrun.launcher <> - plugin [] was disabled because it doesn't support the given collection type.
123 [47188161939200] INFO perfrun.launcher <> - plugin [] was disabled because it doesn't support the given collection type.
124 [47188161939200] INFO perfrun.launcher <> - plugin [] was disabled because it doesn't support the given collection type.
124 [47188161939200] INFO perfrun.launcher <> - plugin [] was disabled because it doesn't support the given collection type.
124 [47188161939200] INFO perfrun.launcher <> - plugin [] was disabled because it doesn't support the given collection type.
124 [47188161939200] INFO perfrun.launcher <> - plugin [] was disabled because it doesn't support the given collection type.
124 [47188161939200] INFO perfrun.launcher <> - plugin [] was disabled because it doesn't support the given collection type.
124 [47188161939200] INFO perfrun.tpss <> - initialize tpss controller
124 [47188161939200] INFO perfrun.tpss <> - configure collection mode: value = cpu:stack
124 [47188161939200] INFO perfrun.tpss <> - default obj-size-min=1024
124 [47188161939200] INFO perfrun.tpss <> - default hash-table-size=0
124 [47188161939200] INFO perfrun.launcher <> - plugin [] was disabled because it doesn't support the given collection type.
124 [47188161939200] INFO perfrun.launcher <> - plugin [] was disabled because it doesn't support the given collection type.
124 [47188161939200] INFO perfrun.launcher <> - plugin [] was disabled because it doesn't support the given collection type.
124 [47188161939200] INFO perfrun.launcher <> - plugin [] was disabled because it doesn't support the given collection type.
124 [47188161939200] INFO perfrun.launcher <> - plugin [] was disabled because it doesn't support the given collection type.
124 [47188161939200] INFO perfrun.launcher <> - plugin [] was disabled because it doesn't support the given collection type.
124 [47188161939200] INFO perfrun.launcher <> - plugin [] was disabled because it doesn't support the given collection type.
124 [47188161939200] INFO perfrun.launcher <> - plugin [] was disabled because it doesn't support the given collection type.
124 [47188161939200] INFO perfrun.launcher <> - plugin [] was disabled because it doesn't support the given collection type.
124 [47188161939200] INFO perfrun.launcher <> - plugin [] was disabled because it doesn't support the given collection type.
124 [47188033315968] INFO perfrun.launcher <> - set environment variable: LD_LIBRARY_PATH = /work/scitas-ge/richart/test_stacks/syrah/v1/opt/spack/linux-rhel7-skylake_avx512/gcc-8.4.0/intel-oneapi-advisor-2021.4.0-any7cfov5s4ujprr7plf7ks7xzoyqljz/advisor/2021.4.0/lib32/runtime:/work/scitas-ge/richart/test_stacks/syrah/v1/opt/spack/linux-rhel7-skylake_avx512/gcc-8.4.0/intel-oneapi-advisor-2021.4.0-any7cfov5s4ujprr7plf7ks7xzoyqljz/advisor/2021.4.0/lib64/runtime:/ssoft/spack/arvine/v1/opt/spack/linux-rhel7-haswell/gcc-4.8.5/gcc-8.4.0-fgpbrrd26pxv56imea5tnqj67vxh3a64/lib64:/ssoft/spack/arvine/v1/opt/spack/linux-rhel7-haswell/gcc-4.8.5/gcc-8.4.0-fgpbrrd26pxv56imea5tnqj67vxh3a64/lib
124 [47188033315968] INFO perfrun.launcher <> - set environment variable: INTEL_LIBITTNOTIFY32 = /work/scitas-ge/richart/test_stacks/syrah/v1/opt/spack/linux-rhel7-skylake_avx512/gcc-8.4.0/intel-oneapi-advisor-2021.4.0-any7cfov5s4ujprr7plf7ks7xzoyqljz/advisor/2021.4.0/lib32/runtime/libittnotify_collector.so
124 [47188033315968] INFO perfrun.launcher <> - set environment variable: INTEL_LIBITTNOTIFY64 = /work/scitas-ge/richart/test_stacks/syrah/v1/opt/spack/linux-rhel7-skylake_avx512/gcc-8.4.0/intel-oneapi-advisor-2021.4.0-any7cfov5s4ujprr7plf7ks7xzoyqljz/advisor/2021.4.0/lib64/runtime/libittnotify_collector.so
124 [47188033315968] INFO perfrun.launcher <> - set environment variable: INTEL_ITTNOTIFY_GROUPS = 
124 [47188033315968] INFO perfrun.launcher <> - set environment variable: INTEL_JIT_PROFILER32 = /work/scitas-ge/richart/test_stacks/syrah/v1/opt/spack/linux-rhel7-skylake_avx512/gcc-8.4.0/intel-oneapi-advisor-2021.4.0-any7cfov5s4ujprr7plf7ks7xzoyqljz/advisor/2021.4.0/lib32/runtime/libittnotify_collector.so
124 [47188033315968] INFO perfrun.launcher <> - set environment variable: INTEL_JIT_PROFILER64 = /work/scitas-ge/richart/test_stacks/syrah/v1/opt/spack/linux-rhel7-skylake_avx512/gcc-8.4.0/intel-oneapi-advisor-2021.4.0-any7cfov5s4ujprr7plf7ks7xzoyqljz/advisor/2021.4.0/lib64/runtime/libittnotify_collector.so
124 [47188033315968] INFO perfrun.launcher <> - set environment variable: VS_PROFILER = libittnotify_collector.so
124 [47188033315968] INFO perfrun.launcher <> - set environment variable: OMP_TOOL_LIBRARIES = /work/scitas-ge/richart/test_stacks/syrah/v1/opt/spack/linux-rhel7-skylake_avx512/gcc-8.4.0/intel-oneapi-advisor-2021.4.0-any7cfov5s4ujprr7plf7ks7xzoyqljz/advisor/2021.4.0/lib32/runtime/libittnotify_collector.so:/work/scitas-ge/richart/test_stacks/syrah/v1/opt/spack/linux-rhel7-skylake_avx512/gcc-8.4.0/intel-oneapi-advisor-2021.4.0-any7cfov5s4ujprr7plf7ks7xzoyqljz/advisor/2021.4.0/lib64/runtime/libittnotify_collector.so
124 [47188033315968] INFO perfrun.launcher <> - set environment variable: ENABLE_JITPROFILING = 1
124 [47188033315968] INFO perfrun.launcher <> - set environment variable: CL_CONFIG_USE_VTUNE = True
124 [47188033315968] INFO perfrun.launcher <> - set environment variable: KMP_FORKJOIN_FRAMES = 0
124 [47188033315968] INFO perfrun.launcher <> - set environment variable: KMP_FORKJOIN_FRAMES_MODE = 0
125 [47188033315968] INFO perfrun.launcher <> - set environment variable: OMP_TOOL = disabled
125 [47188033315968] INFO perfrun.launcher <> - set environment variable: INTEL_MRTE_DATA_DIR = /tmp/advixe-tmp-llopis/advixe-res-28444-36103185551382530/data.0
125 [47188033315968] INFO perfrun.launcher <> - set environment variable: INTEL_MRTE_HOST_NAME = f204
125 [47188033315968] INFO perfrun.launcher <> - RpcServer: run RPC server to handle requests
125 [47188033315968] INFO perfrun.launcher <> - Launcher: command line to start before modification = ./sum-para
125 [47188033315968] INFO perfrun.launcher <> - Launcher: command line to start after modification = /work/scitas-ge/richart/test_stacks/syrah/v1/opt/spack/linux-rhel7-skylake_avx512/gcc-8.4.0/intel-oneapi-advisor-2021.4.0-any7cfov5s4ujprr7plf7ks7xzoyqljz/advisor/2021.4.0/bin64/pin -error_file /tmp/advixe-tmp-llopis/advixe-res-28444-36103185551382530/data.0/pinerr.tpsslog -detach_reattach -follow_execv -tool_load_option deepbind -t64 /work/scitas-ge/richart/test_stacks/syrah/v1/opt/spack/linux-rhel7-skylake_avx512/gcc-8.4.0/intel-oneapi-advisor-2021.4.0-any7cfov5s4ujprr7plf7ks7xzoyqljz/advisor/2021.4.0/lib64/libtpsstool.so -t /work/scitas-ge/richart/test_stacks/syrah/v1/opt/spack/linux-rhel7-skylake_avx512/gcc-8.4.0/intel-oneapi-advisor-2021.4.0-any7cfov5s4ujprr7plf7ks7xzoyqljz/advisor/2021.4.0/lib32/libtpsstool.so -server_name tpss_ipc.28444 -prd_dir /work/scitas-ge/richart/test_stacks/syrah/v1/opt/spack/linux-rhel7-skylake_avx512/gcc-8.4.0/intel-oneapi-advisor-2021.4.0-any7cfov5s4ujprr7plf7ks7xzoyqljz/advisor/2021.4.0 -- ./sum-para
125 [47188033315968] INFO perfrun.launcher <> - ProcessCreator object was created
126 [47188033315968] INFO perfrun.launcher <> - Launcher: the process was started in suspend mode
130 [47188161939200] WARN perfrun.system <> - Could not do anything with /sys/kernel/debug/kvm: boost::filesystem::status: Permission denied: "/sys/kernel/debug/kvm", at file: vcs/perfrun1/plugins/system/src/trace_writer.cpp:797
130 [47188161939200] WARN perfrun.system <> - Folder "/var/run/libvirt/qemu/"doesn't exist, at file: vcs/perfrun1/plugins/system/src/trace_writer.cpp:810
133 [47188161939200] WARN perfrun.sdk <> - Failed to find xl binary on any of the system paths: /bin, /sbin, /usr/bin, /usr/sbin., at file: vcs/perfrun1/sdk/src/utils.cpp:197
137 [47188161939200] INFO perfrun.vdso <> - Helper runtool '/work/scitas-ge/richart/test_stacks/syrah/v1/opt/spack/linux-rhel7-skylake_avx512/gcc-8.4.0/intel-oneapi-advisor-2021.4.0-any7cfov5s4ujprr7plf7ks7xzoyqljz/advisor/2021.4.0/bin32/advixe-runss -dump-vdso -r /tmp/advixe-tmp-llopis/advixe-res-28444-36103185551382530 --tmp-dir /tmp/advixe-tmp-llopis' returned 1
242 [47188161939200] INFO perfrun.vdso <> - Helper runtool '/work/scitas-ge/richart/test_stacks/syrah/v1/opt/spack/linux-rhel7-skylake_avx512/gcc-8.4.0/intel-oneapi-advisor-2021.4.0-any7cfov5s4ujprr7plf7ks7xzoyqljz/advisor/2021.4.0/bin64/advixe-runss -dump-vdso -r /tmp/advixe-tmp-llopis/advixe-res-28444-36103185551382530 --tmp-dir /tmp/advixe-tmp-llopis' returned 0
242 [47188161939200] INFO perfrun.itt <> - start itt controller for pid #28449
242 [47188161939200] INFO perfrun.tpss <> - start tpss controller for pid #28449
293 [47188033315968] INFO perfrun.launcher <> - Launcher: all plugins were started
293 [47188033315968] INFO perfrun.launcher <> - DirectoryMonitor object was created
293 [47188033315968] INFO perfrun.launcher <> - DirectoryMonitor: a callback was added
293 [47188033315968] INFO perfrun.launcher <> - DirectoryMonitor was started with pingTime = 1000
293 [47188033315968] INFO perfrun.launcher <> - DeadlineTimer is going to be constructed
293 [47188033315968] INFO perfrun.launcher <> - DeadlineTimer: a callback was added
296 [47188033315968] INFO perfrun.launcher <> - Launcher: resume the profiled application and  wait its termination or stop command
3955 [47188033315968] INFO perfrun.launcher <> - Launcher: the profiled application was terminated  with exit code = 0
3965 [47188161939200] INFO perfrun.itt <> - stop itt controller
3965 [47188161939200] INFO perfrun.itt <> - detach itt controller
3965 [47188161939200] INFO perfrun.tpss <> - stop tpss controller
3966 [47188161939200] INFO perfrun.sdk <> - De-allocating TMU: /tmp/advixe-tmp-llopis/advixe-res-28444-36103185551382530/data.0/systemcollector-28444-f204.sc
3966 [47188161939200] INFO perfrun.system <> - closed the system trace file: /tmp/advixe-tmp-llopis/advixe-res-28444-36103185551382530/data.0/systemcollector-28444-f204.sc
3966 [47188033315968] INFO perfrun.launcher <> - Launcher: all plugins were stopped.
3966 [47188033315968] INFO perfrun.launcher <> - DeadlineTimer is going to be destroyed
3966 [47188033315968] INFO perfrun.launcher <> - DeadlineTimer was destroyed
3966 [47188033315968] INFO perfrun.launcher <> - DirectoryMonitor object was destroyed
3966 [47188033315968] WARN perfrun.launcher <> - Stop command is ignored because it is received when collection is already stopped, at file: vcs/perfrun1/launcher/src/command_handler.cpp:212
3986 [47188033315968] INFO perfrun.launcher <> - Application exit code: 0
3986 [47188033315968] INFO perfrun.launcher <> - Exit code: 0
