<?xml version="1.0" encoding="utf-8"?>
<log version="1.0" tool="runtool">

<msg id="1" tool="runtool">
  <type>log-start</type>
  <arg>2022/07/21 17:34:35</arg>
</msg>
<msg id="2" tool="runtool">
  <type>bandwidth-measurement-starts</type>
</msg>
<msg id="3" tool="runtool">
  <type>bandwidth-measurement-done</type>
</msg>
<msg id="4" tool="runtool">
  <type>collector-starts</type>
</msg>
<msg id="5" tool="runtool">
  <type>marker-file</type>
  <arg>/home/llopis/src/coral-demo-cor23/advisor-roofline/roofline-sum-para/e000/trc000/trc000.advixe</arg>
</msg>
<msg id="6" tool="trc">
  <type>PROCESS_START</type>
  <arg>/home/llopis/src/coral-demo-cor23/advisor-roofline/sum-para</arg>
  <arg>28828</arg>
  <severity>INFO</severity>
  <timestamp>Thu Jul 21 17:34:50 2022</timestamp>
</msg>
<msg id="7" tool="trc">
  <type>PROCESS_ANALYSIS_MODE</type>
  <arg>full</arg>
  <severity>INFO</severity>
  <timestamp>Thu Jul 21 17:34:50 2022</timestamp>
</msg>
<msg id="8" tool="trc">
  <type>LOAD_MODULE</type>
  <arg>/home/llopis/src/coral-demo-cor23/advisor-roofline/sum-para</arg>
  <arg>0x400000</arg>
  <arg>0x60105f</arg>
  <arg>yes</arg>
  <severity>INFO</severity>
  <timestamp>Thu Jul 21 17:34:50 2022</timestamp>
</msg>
<msg id="9" tool="trc">
  <type>LOAD_MODULE</type>
  <arg>/lib64/ld-linux-x86-64.so.2</arg>
  <arg>0x2b4555016000</arg>
  <arg>0x2b455523914f</arg>
  <arg>yes</arg>
  <severity>INFO</severity>
  <timestamp>Thu Jul 21 17:34:50 2022</timestamp>
</msg>
<msg id="10" tool="trc">
  <type>LOAD_MODULE</type>
  <arg>[vdso]</arg>
  <arg>0x7ffcc4be7000</arg>
  <arg>0x7ffcc4be7e6c</arg>
  <arg>no</arg>
  <severity>INFO</severity>
  <timestamp>Thu Jul 21 17:34:50 2022</timestamp>
</msg>
<msg id="11" tool="trc">
  <type>LOAD_MODULE</type>
  <arg>/ssoft/spack/arvine/v1/opt/spack/linux-rhel7-haswell/gcc-4.8.5/gcc-8.4.0-fgpbrrd26pxv56imea5tnqj67vxh3a64/lib64/libgomp.so.1</arg>
  <arg>0x2b456b1b0000</arg>
  <arg>0x2b456b3dd62f</arg>
  <arg>yes</arg>
  <severity>INFO</severity>
  <timestamp>Thu Jul 21 17:34:50 2022</timestamp>
</msg>
<msg id="12" tool="trc">
  <type>LOAD_MODULE</type>
  <arg>/lib64/libpthread.so.0</arg>
  <arg>0x2b456b456000</arg>
  <arg>0x2b456b671487</arg>
  <arg>yes</arg>
  <severity>INFO</severity>
  <timestamp>Thu Jul 21 17:34:50 2022</timestamp>
</msg>
<msg id="13" tool="trc">
  <type>LOAD_MODULE</type>
  <arg>/lib64/libc.so.6</arg>
  <arg>0x2b456b676000</arg>
  <arg>0x2b456ba421df</arg>
  <arg>yes</arg>
  <severity>INFO</severity>
  <timestamp>Thu Jul 21 17:34:50 2022</timestamp>
</msg>
<msg id="14" tool="trc">
  <type>LOAD_MODULE</type>
  <arg>/lib64/libdl.so.2</arg>
  <arg>0x2b456ba68000</arg>
  <arg>0x2b456bc6b10f</arg>
  <arg>yes</arg>
  <severity>INFO</severity>
  <timestamp>Thu Jul 21 17:34:50 2022</timestamp>
</msg>
<msg id="15" tool="trc">
  <type>UNLOAD_MODULE</type>
  <arg>/home/llopis/src/coral-demo-cor23/advisor-roofline/sum-para</arg>
  <severity>INFO</severity>
  <timestamp>Thu Jul 21 17:37:37 2022</timestamp>
</msg>
<msg id="16" tool="trc">
  <type>UNLOAD_MODULE</type>
  <arg>/lib64/ld-linux-x86-64.so.2</arg>
  <severity>INFO</severity>
  <timestamp>Thu Jul 21 17:37:37 2022</timestamp>
</msg>
<msg id="17" tool="trc">
  <type>UNLOAD_MODULE</type>
  <arg>[vdso]</arg>
  <severity>INFO</severity>
  <timestamp>Thu Jul 21 17:37:37 2022</timestamp>
</msg>
<msg id="18" tool="trc">
  <type>UNLOAD_MODULE</type>
  <arg>/ssoft/spack/arvine/v1/opt/spack/linux-rhel7-haswell/gcc-4.8.5/gcc-8.4.0-fgpbrrd26pxv56imea5tnqj67vxh3a64/lib64/libgomp.so.1</arg>
  <severity>INFO</severity>
  <timestamp>Thu Jul 21 17:37:37 2022</timestamp>
</msg>
<msg id="19" tool="trc">
  <type>UNLOAD_MODULE</type>
  <arg>/lib64/libpthread.so.0</arg>
  <severity>INFO</severity>
  <timestamp>Thu Jul 21 17:37:37 2022</timestamp>
</msg>
<msg id="20" tool="trc">
  <type>UNLOAD_MODULE</type>
  <arg>/lib64/libc.so.6</arg>
  <severity>INFO</severity>
  <timestamp>Thu Jul 21 17:37:37 2022</timestamp>
</msg>
<msg id="21" tool="trc">
  <type>UNLOAD_MODULE</type>
  <arg>/lib64/libdl.so.2</arg>
  <severity>INFO</severity>
  <timestamp>Thu Jul 21 17:37:37 2022</timestamp>
</msg>
<msg id="22" tool="trc">
  <type>PROCESS_FINISH</type>
  <arg>/home/llopis/src/coral-demo-cor23/advisor-roofline/sum-para</arg>
  <arg>28828</arg>
  <arg>0x0</arg>
  <severity>INFO</severity>
  <timestamp>Thu Jul 21 17:37:37 2022</timestamp>
</msg>
<msg id="23" tool="runtool">
  <type>app-exit-code</type>
  <arg>0</arg>
</msg>
<msg id="24" tool="runtool">
  <type>marker-file</type>
  <arg>/home/llopis/src/coral-demo-cor23/advisor-roofline/roofline-sum-para/e000/trc000/trc000.advixe</arg>
</msg>
<msg id="25" tool="runtool">
  <type>collector-done</type>
</msg>
<msg id="26" tool="runtool">
  <type>log-end</type>
  <arg>2022/07/21 17:37:40</arg>
</msg>

</log>

