
23317 : 0x316e156d232224 : 1 : spill_jit_data :  Jit agent is not initialized
23317 : 0x316e156d2450a0 : 2 : ittapi_config_mask_get :  --itt-config mask to be applied: 183
23317 : 0x316e156d2487de : 2 : ittapi_config_apply_per_lib :  ITTAPI function instrumented: __itt_domain_create
23317 : 0x316e156d2494eb : 2 : ittapi_config_apply_per_lib :  ITTAPI function instrumented: __itt_string_handle_create
23317 : 0x316e156d249e44 : 2 : ittapi_config_apply_per_lib :  ITTAPI function instrumented: __itt_counter_create
23317 : 0x316e156d24a6fa : 2 : ittapi_config_apply_per_lib :  ITTAPI function instrumented: __itt_counter_create_typed
23317 : 0x316e156d24b047 : 2 : ittapi_config_apply_per_lib :  ITTAPI function instrumented: __itt_pause
23317 : 0x316e156d24b961 : 2 : ittapi_config_apply_per_lib :  ITTAPI function instrumented: __itt_resume
23317 : 0x316e156d24c20c : 2 : ittapi_config_apply_per_lib :  ITTAPI function instrumented: __itt_thread_set_name
23317 : 0x316e156d24cba8 : 2 : ittapi_config_apply_per_lib :  ITTAPI function instrumented: __itt_thread_ignore
23317 : 0x316e156d2554a4 : 2 : ittapi_config_apply_per_lib :  ITTAPI function instrumented: __itt_thr_name_set
23317 : 0x316e156d2560f9 : 2 : ittapi_config_apply_per_lib :  ITTAPI function instrumented: __itt_thr_ignore
23317 : 0x316e156d2571da : 2 : ittapi_config_apply_per_lib :  ITTAPI function not implemented: __itt_enable_attach
23317 : 0x316e156d25985b : 2 : ittapi_config_apply_per_lib :  ITTAPI function instrumented: __itt_detach
23317 : 0x316e156d25a122 : 2 : ittapi_config_apply_per_lib :  ITTAPI function NOT instrumented (not matched by --itt-config option): __itt_sync_create

23317 : 0x316e156d25b2bb : 2 : ittapi_config_apply_per_lib :  ITTAPI function NOT instrumented (not matched by --itt-config option): __itt_sync_rename

23317 : 0x316e156d25bb21 : 2 : ittapi_config_apply_per_lib :  ITTAPI function NOT instrumented (not matched by --itt-config option): __itt_sync_destroy

23317 : 0x316e156d25c2cc : 2 : ittapi_config_apply_per_lib :  ITTAPI function NOT instrumented (not matched by --itt-config option): __itt_sync_prepare

23317 : 0x316e156d25ca64 : 2 : ittapi_config_apply_per_lib :  ITTAPI function NOT instrumented (not matched by --itt-config option): __itt_sync_cancel

23317 : 0x316e156d25d1c8 : 2 : ittapi_config_apply_per_lib :  ITTAPI function NOT instrumented (not matched by --itt-config option): __itt_sync_acquired

23317 : 0x316e156d260494 : 2 : ittapi_config_apply_per_lib :  ITTAPI function NOT instrumented (not matched by --itt-config option): __itt_sync_releasing

23317 : 0x316e156d2612b8 : 2 : ittapi_config_apply_per_lib :  ITTAPI function not implemented: __itt_suppress_push
23317 : 0x316e156d261e70 : 2 : ittapi_config_apply_per_lib :  ITTAPI function not implemented: __itt_suppress_pop
23317 : 0x316e156d2629b5 : 2 : ittapi_config_apply_per_lib :  ITTAPI function not implemented: __itt_suppress_mark_range
23317 : 0x316e156d263479 : 2 : ittapi_config_apply_per_lib :  ITTAPI function not implemented: __itt_suppress_clear_range
23317 : 0x316e156d263bc4 : 2 : ittapi_config_apply_per_lib :  ITTAPI function NOT instrumented (not matched by --itt-config option): __itt_sync_prepare

23317 : 0x316e156d26436e : 2 : ittapi_config_apply_per_lib :  ITTAPI function NOT instrumented (not matched by --itt-config option): __itt_sync_cancel

23317 : 0x316e156d264add : 2 : ittapi_config_apply_per_lib :  ITTAPI function NOT instrumented (not matched by --itt-config option): __itt_sync_acquired

23317 : 0x316e156d265271 : 2 : ittapi_config_apply_per_lib :  ITTAPI function NOT instrumented (not matched by --itt-config option): __itt_sync_releasing

23317 : 0x316e156d265bfd : 2 : ittapi_config_apply_per_lib :  ITTAPI function instrumented: __itt_model_site_begin
23317 : 0x316e156d268824 : 2 : ittapi_config_apply_per_lib :  ITTAPI function instrumented: __itt_model_site_end
23317 : 0x316e156d26918f : 2 : ittapi_config_apply_per_lib :  ITTAPI function instrumented: __itt_model_task_begin
23317 : 0x316e156d269a1d : 2 : ittapi_config_apply_per_lib :  ITTAPI function instrumented: __itt_model_task_end
23317 : 0x316e156d26a297 : 2 : ittapi_config_apply_per_lib :  ITTAPI function instrumented: __itt_model_lock_acquire
23317 : 0x316e156d26ab5f : 2 : ittapi_config_apply_per_lib :  ITTAPI function instrumented: __itt_model_lock_release
23317 : 0x316e156d26b623 : 2 : ittapi_config_apply_per_lib :  ITTAPI function not implemented: __itt_model_record_allocation
23317 : 0x316e156d26c121 : 2 : ittapi_config_apply_per_lib :  ITTAPI function not implemented: __itt_model_record_deallocation
23317 : 0x316e156d26cbe6 : 2 : ittapi_config_apply_per_lib :  ITTAPI function not implemented: __itt_model_induction_uses
23317 : 0x316e156d26d658 : 2 : ittapi_config_apply_per_lib :  ITTAPI function not implemented: __itt_model_reduction_uses
23317 : 0x316e156d26e09a : 2 : ittapi_config_apply_per_lib :  ITTAPI function not implemented: __itt_model_observe_uses
23317 : 0x316e156d271d09 : 2 : ittapi_config_apply_per_lib :  ITTAPI function not implemented: __itt_model_clear_uses
23317 : 0x316e156d272731 : 2 : ittapi_config_apply_per_lib :  ITTAPI function instrumented: __itt_model_site_beginA
23317 : 0x316e156d272fee : 2 : ittapi_config_apply_per_lib :  ITTAPI function instrumented: __itt_model_site_beginAL
23317 : 0x316e156d273888 : 2 : ittapi_config_apply_per_lib :  ITTAPI function instrumented: __itt_model_task_beginA
23317 : 0x316e156d274104 : 2 : ittapi_config_apply_per_lib :  ITTAPI function instrumented: __itt_model_task_beginAL
23317 : 0x316e156d274946 : 2 : ittapi_config_apply_per_lib :  ITTAPI function instrumented: __itt_model_iteration_taskA
23317 : 0x316e156d2751ad : 2 : ittapi_config_apply_per_lib :  ITTAPI function instrumented: __itt_model_iteration_taskAL
23317 : 0x316e156d2759e3 : 2 : ittapi_config_apply_per_lib :  ITTAPI function instrumented: __itt_model_site_end_2
23317 : 0x316e156d27622b : 2 : ittapi_config_apply_per_lib :  ITTAPI function instrumented: __itt_model_task_end_2
23317 : 0x316e156d276a5f : 2 : ittapi_config_apply_per_lib :  ITTAPI function instrumented: __itt_model_lock_acquire_2
23317 : 0x316e156d278d7a : 2 : ittapi_config_apply_per_lib :  ITTAPI function instrumented: __itt_model_lock_release_2
23317 : 0x316e156d27966d : 2 : ittapi_config_apply_per_lib :  ITTAPI function instrumented: __itt_model_aggregate_task
23317 : 0x316e156d279ec5 : 2 : ittapi_config_apply_per_lib :  ITTAPI function instrumented: __itt_model_disable_push
23317 : 0x316e156d27a6e8 : 2 : ittapi_config_apply_per_lib :  ITTAPI function instrumented: __itt_model_disable_pop
23317 : 0x316e156d27af1e : 2 : ittapi_config_apply_per_lib :  ITTAPI function instrumented: __itt_heap_function_create
23317 : 0x316e156d27b795 : 2 : ittapi_config_apply_per_lib :  ITTAPI function instrumented: __itt_heap_allocate_begin
23317 : 0x316e156d27c021 : 2 : ittapi_config_apply_per_lib :  ITTAPI function instrumented: __itt_heap_allocate_end
23317 : 0x316e156d27c89c : 2 : ittapi_config_apply_per_lib :  ITTAPI function instrumented: __itt_heap_free_begin
23317 : 0x316e156d27d0f8 : 2 : ittapi_config_apply_per_lib :  ITTAPI function instrumented: __itt_heap_free_end
23317 : 0x316e156d27d963 : 2 : ittapi_config_apply_per_lib :  ITTAPI function instrumented: __itt_heap_reallocate_begin
23317 : 0x316e156d27fa38 : 2 : ittapi_config_apply_per_lib :  ITTAPI function instrumented: __itt_heap_reallocate_end
23317 : 0x316e156d280585 : 2 : ittapi_config_apply_per_lib :  ITTAPI function not implemented: __itt_heap_internal_access_begin
23317 : 0x316e156d281002 : 2 : ittapi_config_apply_per_lib :  ITTAPI function not implemented: __itt_heap_internal_access_end
23317 : 0x316e156d281a89 : 2 : ittapi_config_apply_per_lib :  ITTAPI function not implemented: __itt_heap_record_memory_growth_begin
23317 : 0x316e156d2824d6 : 2 : ittapi_config_apply_per_lib :  ITTAPI function not implemented: __itt_heap_record_memory_growth_end
23317 : 0x316e156d282e92 : 2 : ittapi_config_apply_per_lib :  ITTAPI function not implemented: __itt_heap_reset_detection
23317 : 0x316e156d28388b : 2 : ittapi_config_apply_per_lib :  ITTAPI function not implemented: __itt_heap_record
23317 : 0x316e156d28425b : 2 : ittapi_config_apply_per_lib :  ITTAPI function not implemented: __itt_id_create
23317 : 0x316e156d284c4c : 2 : ittapi_config_apply_per_lib :  ITTAPI function not implemented: __itt_id_destroy
23317 : 0x316e156d2854fb : 2 : ittapi_config_apply_per_lib :  ITTAPI function instrumented: __itt_get_timestamp
23317 : 0x316e156d2889d4 : 2 : ittapi_config_apply_per_lib :  ITTAPI function not implemented: __itt_region_begin
23317 : 0x316e156d289469 : 2 : ittapi_config_apply_per_lib :  ITTAPI function not implemented: __itt_region_end
23317 : 0x316e156d289d72 : 2 : ittapi_config_apply_per_lib :  ITTAPI function instrumented: __itt_frame_begin_v3
23317 : 0x316e156d28a607 : 2 : ittapi_config_apply_per_lib :  ITTAPI function instrumented: __itt_frame_end_v3
23317 : 0x316e156d28aee8 : 2 : ittapi_config_apply_per_lib :  ITTAPI function instrumented: __itt_frame_submit_v3
23317 : 0x316e156d28b8d5 : 2 : ittapi_config_apply_per_lib :  ITTAPI function not implemented: __itt_task_group
23317 : 0x316e156d28c168 : 2 : ittapi_config_apply_per_lib :  ITTAPI function instrumented: __itt_task_begin
23317 : 0x316e156d28ca58 : 2 : ittapi_config_apply_per_lib :  ITTAPI function instrumented: __itt_task_begin_fn
23317 : 0x316e156d28d32a : 2 : ittapi_config_apply_per_lib :  ITTAPI function instrumented: __itt_task_end
23317 : 0x316e156d28dd78 : 2 : ittapi_config_apply_per_lib :  ITTAPI function not implemented: __itt_counter_inc_v3
23317 : 0x316e156d2901a4 : 2 : ittapi_config_apply_per_lib :  ITTAPI function not implemented: __itt_counter_inc_delta_v3
23317 : 0x316e156d290c86 : 2 : ittapi_config_apply_per_lib :  ITTAPI function not implemented: __itt_counter_dec_v3
23317 : 0x316e156d291712 : 2 : ittapi_config_apply_per_lib :  ITTAPI function not implemented: __itt_counter_dec_delta_v3
23317 : 0x316e156d29215c : 2 : ittapi_config_apply_per_lib :  ITTAPI function not implemented: __itt_marker
23317 : 0x316e156d2929f5 : 2 : ittapi_config_apply_per_lib :  ITTAPI function instrumented: __itt_metadata_add
23317 : 0x316e156d29342c : 2 : ittapi_config_apply_per_lib :  ITTAPI function not implemented: __itt_metadata_str_add
23317 : 0x316e156d293df4 : 2 : ittapi_config_apply_per_lib :  ITTAPI function not implemented: __itt_relation_add_to_current
23317 : 0x316e156d2947a8 : 2 : ittapi_config_apply_per_lib :  ITTAPI function not implemented: __itt_relation_add
23317 : 0x316e156d295022 : 2 : ittapi_config_apply_per_lib :  ITTAPI function instrumented: __itt_event_create
23317 : 0x316e156d295896 : 2 : ittapi_config_apply_per_lib :  ITTAPI function instrumented: __itt_event_start
23317 : 0x316e156d297a9e : 2 : ittapi_config_apply_per_lib :  ITTAPI function instrumented: __itt_event_end
23317 : 0x316e156d298285 : 2 : ittapi_config_apply_per_lib :  ITTAPI function NOT instrumented (not matched by --itt-config option): __itt_sync_set_name

23317 : 0x316e156d298a40 : 2 : ittapi_config_apply_per_lib :  ITTAPI function NOT instrumented (not matched by --itt-config option): __itt_notify_sync_name

23317 : 0x316e156d2991fa : 2 : ittapi_config_apply_per_lib :  ITTAPI function NOT instrumented (not matched by --itt-config option): __itt_notify_sync_prepare

23317 : 0x316e156d29999d : 2 : ittapi_config_apply_per_lib :  ITTAPI function NOT instrumented (not matched by --itt-config option): __itt_notify_sync_cancel

23317 : 0x316e156d29a134 : 2 : ittapi_config_apply_per_lib :  ITTAPI function NOT instrumented (not matched by --itt-config option): __itt_notify_sync_acquired

23317 : 0x316e156d29a891 : 2 : ittapi_config_apply_per_lib :  ITTAPI function NOT instrumented (not matched by --itt-config option): __itt_notify_sync_releasing

23317 : 0x316e156d29b2eb : 2 : ittapi_config_apply_per_lib :  ITTAPI function not implemented: __itt_memory_read
23317 : 0x316e156d29bcff : 2 : ittapi_config_apply_per_lib :  ITTAPI function not implemented: __itt_memory_write
23317 : 0x316e156d29c6cf : 2 : ittapi_config_apply_per_lib :  ITTAPI function not implemented: __itt_memory_update
23317 : 0x316e156d29e99d : 2 : ittapi_config_apply_per_lib :  ITTAPI function not implemented: __itt_state_get
23317 : 0x316e156d29f3ff : 2 : ittapi_config_apply_per_lib :  ITTAPI function not implemented: __itt_state_set
23317 : 0x316e156d29fddc : 2 : ittapi_config_apply_per_lib :  ITTAPI function not implemented: __itt_obj_mode_set
23317 : 0x316e156d2a0758 : 2 : ittapi_config_apply_per_lib :  ITTAPI function not implemented: __itt_thr_mode_set
23317 : 0x316e156d2a0f61 : 2 : ittapi_config_apply_per_lib :  ITTAPI function instrumented: __itt_frame_create
23317 : 0x316e156d2a17fb : 2 : ittapi_config_apply_per_lib :  ITTAPI function instrumented: __itt_frame_begin
23317 : 0x316e156d2a208c : 2 : ittapi_config_apply_per_lib :  ITTAPI function instrumented: __itt_frame_end
23317 : 0x316e156d2a2a39 : 2 : ittapi_config_apply_per_lib :  ITTAPI function not implemented: __itt_counter_destroy
23317 : 0x316e156d2a3320 : 2 : ittapi_config_apply_per_lib :  ITTAPI function instrumented: __itt_counter_inc
23317 : 0x316e156d2a3bea : 2 : ittapi_config_apply_per_lib :  ITTAPI function instrumented: __itt_counter_inc_delta
23317 : 0x316e156d2a6bf9 : 2 : ittapi_config_apply_per_lib :  ITTAPI function instrumented: __itt_counter_dec
23317 : 0x316e156d2a75cf : 2 : ittapi_config_apply_per_lib :  ITTAPI function instrumented: __itt_counter_dec_delta
23317 : 0x316e156d2a7e04 : 2 : ittapi_config_apply_per_lib :  ITTAPI function instrumented: __itt_counter_set_value
23317 : 0x316e156d2a87bb : 2 : ittapi_config_apply_per_lib :  ITTAPI function not implemented: __itt_counter_set_value_ex
23317 : 0x316e156d2a91b1 : 2 : ittapi_config_apply_per_lib :  ITTAPI function not implemented: __itt_mark_create
23317 : 0x316e156d2a9b77 : 2 : ittapi_config_apply_per_lib :  ITTAPI function not implemented: __itt_mark
23317 : 0x316e156d2aa5e9 : 2 : ittapi_config_apply_per_lib :  ITTAPI function not implemented: __itt_mark_off
23317 : 0x316e156d2aaf70 : 2 : ittapi_config_apply_per_lib :  ITTAPI function not implemented: __itt_mark_global
23317 : 0x316e156d2ab913 : 2 : ittapi_config_apply_per_lib :  ITTAPI function not implemented: __itt_mark_global_off
23317 : 0x316e156d2ac1f3 : 2 : ittapi_config_apply_per_lib :  ITTAPI function instrumented: __itt_stack_caller_create
23317 : 0x316e156d2ae489 : 2 : ittapi_config_apply_per_lib :  ITTAPI function instrumented: __itt_stack_caller_destroy
23317 : 0x316e156d2aedf3 : 2 : ittapi_config_apply_per_lib :  ITTAPI function instrumented: __itt_stack_callee_enter
23317 : 0x316e156d2af66d : 2 : ittapi_config_apply_per_lib :  ITTAPI function instrumented: __itt_stack_callee_leave
23317 : 0x316e156d2b004c : 2 : ittapi_config_apply_per_lib :  ITTAPI function not implemented: __itt_clock_domain_create
23317 : 0x316e156d2b0a6e : 2 : ittapi_config_apply_per_lib :  ITTAPI function not implemented: __itt_clock_domain_reset
23317 : 0x316e156d2b13e7 : 2 : ittapi_config_apply_per_lib :  ITTAPI function not implemented: __itt_id_create_ex
23317 : 0x316e156d2b1d74 : 2 : ittapi_config_apply_per_lib :  ITTAPI function not implemented: __itt_id_destroy_ex
23317 : 0x316e156d2b26e8 : 2 : ittapi_config_apply_per_lib :  ITTAPI function not implemented: __itt_task_begin_ex
23317 : 0x316e156d2b3095 : 2 : ittapi_config_apply_per_lib :  ITTAPI function not implemented: __itt_task_begin_fn_ex
23317 : 0x316e156d2b3a37 : 2 : ittapi_config_apply_per_lib :  ITTAPI function not implemented: __itt_task_end_ex
23317 : 0x316e156d2b5b1d : 2 : ittapi_config_apply_per_lib :  ITTAPI function instrumented: __itt_task_begin_overlapped
23317 : 0x316e156d2b65b4 : 2 : ittapi_config_apply_per_lib :  ITTAPI function not implemented: __itt_task_begin_overlapped_ex
23317 : 0x316e156d2b6e5e : 2 : ittapi_config_apply_per_lib :  ITTAPI function instrumented: __itt_task_end_overlapped
23317 : 0x316e156d2b78c0 : 2 : ittapi_config_apply_per_lib :  ITTAPI function not implemented: __itt_task_end_overlapped_ex
23317 : 0x316e156d2b82af : 2 : ittapi_config_apply_per_lib :  ITTAPI function not implemented: __itt_marker_ex
23317 : 0x316e156d2b8d25 : 2 : ittapi_config_apply_per_lib :  ITTAPI function not implemented: __itt_metadata_add_with_scope
23317 : 0x316e156d2b977a : 2 : ittapi_config_apply_per_lib :  ITTAPI function not implemented: __itt_metadata_str_add_with_scope
23317 : 0x316e156d2ba195 : 2 : ittapi_config_apply_per_lib :  ITTAPI function not implemented: __itt_relation_add_to_current_ex
23317 : 0x316e156d2bab00 : 2 : ittapi_config_apply_per_lib :  ITTAPI function not implemented: __itt_relation_add_ex
23317 : 0x316e156d2bb4c3 : 2 : ittapi_config_apply_per_lib :  ITTAPI function not implemented: __itt_track_group_create
23317 : 0x316e156d2be391 : 2 : ittapi_config_apply_per_lib :  ITTAPI function not implemented: __itt_track_create
23317 : 0x316e156d2bedba : 2 : ittapi_config_apply_per_lib :  ITTAPI function not implemented: __itt_set_track
23317 : 0x316e156d2bf66a : 2 : ittapi_config_apply_per_lib :  ITTAPI function instrumented: __itt_api_version
23317 : 0x316e156d2c0008 : 2 : ittapi_config_apply_per_lib :  ITTAPI function not implemented: __itt_av_save
23317 : 0x316e156d2c08c0 : 2 : ittapi_config_apply_per_lib :  ITTAPI function instrumented: __itt_module_load
23317 : 0x316e156d362dcf : 2 : ittapi_config_mask_get :  --itt-config mask to be applied: 183
23317 : 0x316e156d36402d : 2 : ittapi_config_apply_per_lib :  ITTAPI function instrumented: __itt_domain_create
23317 : 0x316e156d36498f : 2 : ittapi_config_apply_per_lib :  ITTAPI function instrumented: __itt_string_handle_create
23317 : 0x316e156d3652bd : 2 : ittapi_config_apply_per_lib :  ITTAPI function instrumented: __itt_pause
23317 : 0x316e156d365b84 : 2 : ittapi_config_apply_per_lib :  ITTAPI function instrumented: __itt_resume
23317 : 0x316e156d369eee : 2 : ittapi_config_apply_per_lib :  ITTAPI function instrumented: __itt_thread_set_name
23317 : 0x316e156d36a933 : 2 : ittapi_config_apply_per_lib :  ITTAPI function instrumented: __itt_thread_ignore
23317 : 0x316e156d36b233 : 2 : ittapi_config_apply_per_lib :  ITTAPI function instrumented: __itt_thr_name_set
23317 : 0x316e156d36bad2 : 2 : ittapi_config_apply_per_lib :  ITTAPI function instrumented: __itt_thr_ignore
23317 : 0x316e156d36c8ac : 2 : ittapi_config_apply_per_lib :  ITTAPI function not implemented: __itt_enable_attach
23317 : 0x316e156d36d27c : 2 : ittapi_config_apply_per_lib :  ITTAPI function instrumented: __itt_detach
23317 : 0x316e156d36da4e : 2 : ittapi_config_apply_per_lib :  ITTAPI function NOT instrumented (not matched by --itt-config option): __itt_sync_create

23317 : 0x316e156d36e274 : 2 : ittapi_config_apply_per_lib :  ITTAPI function NOT instrumented (not matched by --itt-config option): __itt_sync_rename

23317 : 0x316e156d36e9d5 : 2 : ittapi_config_apply_per_lib :  ITTAPI function NOT instrumented (not matched by --itt-config option): __itt_sync_destroy

23317 : 0x316e156d36f133 : 2 : ittapi_config_apply_per_lib :  ITTAPI function NOT instrumented (not matched by --itt-config option): __itt_sync_prepare

23317 : 0x316e156d3713fb : 2 : ittapi_config_apply_per_lib :  ITTAPI function NOT instrumented (not matched by --itt-config option): __itt_sync_cancel

23317 : 0x316e156d371b78 : 2 : ittapi_config_apply_per_lib :  ITTAPI function NOT instrumented (not matched by --itt-config option): __itt_sync_acquired

23317 : 0x316e156d372326 : 2 : ittapi_config_apply_per_lib :  ITTAPI function NOT instrumented (not matched by --itt-config option): __itt_sync_releasing

23317 : 0x316e156d372e6b : 2 : ittapi_config_apply_per_lib :  ITTAPI function not implemented: __itt_suppress_push
23317 : 0x316e156d373994 : 2 : ittapi_config_apply_per_lib :  ITTAPI function not implemented: __itt_suppress_pop
23317 : 0x316e156d3743b7 : 2 : ittapi_config_apply_per_lib :  ITTAPI function not implemented: __itt_suppress_mark_range
23317 : 0x316e156d374df2 : 2 : ittapi_config_apply_per_lib :  ITTAPI function not implemented: __itt_suppress_clear_range
23317 : 0x316e156d37553a : 2 : ittapi_config_apply_per_lib :  ITTAPI function NOT instrumented (not matched by --itt-config option): __itt_sync_prepare

23317 : 0x316e156d375ce5 : 2 : ittapi_config_apply_per_lib :  ITTAPI function NOT instrumented (not matched by --itt-config option): __itt_sync_cancel

23317 : 0x316e156d37643b : 2 : ittapi_config_apply_per_lib :  ITTAPI function NOT instrumented (not matched by --itt-config option): __itt_sync_acquired

23317 : 0x316e156d379675 : 2 : ittapi_config_apply_per_lib :  ITTAPI function NOT instrumented (not matched by --itt-config option): __itt_sync_releasing

23317 : 0x316e156d37a0fe : 2 : ittapi_config_apply_per_lib :  ITTAPI function instrumented: __itt_model_site_begin
23317 : 0x316e156d37a9c0 : 2 : ittapi_config_apply_per_lib :  ITTAPI function instrumented: __itt_model_site_end
23317 : 0x316e156d37b2aa : 2 : ittapi_config_apply_per_lib :  ITTAPI function instrumented: __itt_model_task_begin
23317 : 0x316e156d37bafd : 2 : ittapi_config_apply_per_lib :  ITTAPI function instrumented: __itt_model_task_end
23317 : 0x316e156d37c392 : 2 : ittapi_config_apply_per_lib :  ITTAPI function instrumented: __itt_model_lock_acquire
23317 : 0x316e156d37cbdc : 2 : ittapi_config_apply_per_lib :  ITTAPI function instrumented: __itt_model_lock_release
23317 : 0x316e156d37d665 : 2 : ittapi_config_apply_per_lib :  ITTAPI function not implemented: __itt_model_record_allocation
23317 : 0x316e156d37e0ce : 2 : ittapi_config_apply_per_lib :  ITTAPI function not implemented: __itt_model_record_deallocation
23317 : 0x316e156d37eaf7 : 2 : ittapi_config_apply_per_lib :  ITTAPI function not implemented: __itt_model_induction_uses
23317 : 0x316e156d381026 : 2 : ittapi_config_apply_per_lib :  ITTAPI function not implemented: __itt_model_reduction_uses
23317 : 0x316e156d381aed : 2 : ittapi_config_apply_per_lib :  ITTAPI function not implemented: __itt_model_observe_uses
23317 : 0x316e156d3824e3 : 2 : ittapi_config_apply_per_lib :  ITTAPI function not implemented: __itt_model_clear_uses
23317 : 0x316e156d382dac : 2 : ittapi_config_apply_per_lib :  ITTAPI function instrumented: __itt_model_site_beginA
23317 : 0x316e156d383622 : 2 : ittapi_config_apply_per_lib :  ITTAPI function instrumented: __itt_model_site_beginAL
23317 : 0x316e156d383eaa : 2 : ittapi_config_apply_per_lib :  ITTAPI function instrumented: __itt_model_task_beginA
23317 : 0x316e156d384726 : 2 : ittapi_config_apply_per_lib :  ITTAPI function instrumented: __itt_model_task_beginAL
23317 : 0x316e156d384f81 : 2 : ittapi_config_apply_per_lib :  ITTAPI function instrumented: __itt_model_iteration_taskA
23317 : 0x316e156d3857f0 : 2 : ittapi_config_apply_per_lib :  ITTAPI function instrumented: __itt_model_iteration_taskAL
23317 : 0x316e156d386034 : 2 : ittapi_config_apply_per_lib :  ITTAPI function instrumented: __itt_model_site_end_2
23317 : 0x316e156d388234 : 2 : ittapi_config_apply_per_lib :  ITTAPI function instrumented: __itt_model_task_end_2
23317 : 0x316e156d388b44 : 2 : ittapi_config_apply_per_lib :  ITTAPI function instrumented: __itt_model_lock_acquire_2
23317 : 0x316e156d3893d9 : 2 : ittapi_config_apply_per_lib :  ITTAPI function instrumented: __itt_model_lock_release_2
23317 : 0x316e156d389bf9 : 2 : ittapi_config_apply_per_lib :  ITTAPI function instrumented: __itt_model_aggregate_task
23317 : 0x316e156d38a404 : 2 : ittapi_config_apply_per_lib :  ITTAPI function instrumented: __itt_model_disable_push
23317 : 0x316e156d38ac18 : 2 : ittapi_config_apply_per_lib :  ITTAPI function instrumented: __itt_model_disable_pop
23317 : 0x316e156d38b435 : 2 : ittapi_config_apply_per_lib :  ITTAPI function instrumented: __itt_heap_function_create
23317 : 0x316e156d38bc71 : 2 : ittapi_config_apply_per_lib :  ITTAPI function instrumented: __itt_heap_allocate_begin
23317 : 0x316e156d38c4f4 : 2 : ittapi_config_apply_per_lib :  ITTAPI function instrumented: __itt_heap_allocate_end
23317 : 0x316e156d38cd72 : 2 : ittapi_config_apply_per_lib :  ITTAPI function instrumented: __itt_heap_free_begin
23317 : 0x316e156d38ee16 : 2 : ittapi_config_apply_per_lib :  ITTAPI function instrumented: __itt_heap_free_end
23317 : 0x316e156d38f6bf : 2 : ittapi_config_apply_per_lib :  ITTAPI function instrumented: __itt_heap_reallocate_begin
23317 : 0x316e156d38ff0c : 2 : ittapi_config_apply_per_lib :  ITTAPI function instrumented: __itt_heap_reallocate_end
23317 : 0x316e156d3909db : 2 : ittapi_config_apply_per_lib :  ITTAPI function not implemented: __itt_heap_internal_access_begin
23317 : 0x316e156d39144b : 2 : ittapi_config_apply_per_lib :  ITTAPI function not implemented: __itt_heap_internal_access_end
23317 : 0x316e156d391eb5 : 2 : ittapi_config_apply_per_lib :  ITTAPI function not implemented: __itt_heap_record_memory_growth_begin
23317 : 0x316e156d392958 : 2 : ittapi_config_apply_per_lib :  ITTAPI function not implemented: __itt_heap_record_memory_growth_end
23317 : 0x316e156d393397 : 2 : ittapi_config_apply_per_lib :  ITTAPI function not implemented: __itt_heap_reset_detection
23317 : 0x316e156d393db8 : 2 : ittapi_config_apply_per_lib :  ITTAPI function not implemented: __itt_heap_record
23317 : 0x316e156d3947d0 : 2 : ittapi_config_apply_per_lib :  ITTAPI function not implemented: __itt_id_create
23317 : 0x316e156d3978be : 2 : ittapi_config_apply_per_lib :  ITTAPI function not implemented: __itt_id_destroy
23317 : 0x316e156d39825e : 2 : ittapi_config_apply_per_lib :  ITTAPI function instrumented: __itt_get_timestamp
23317 : 0x316e156d398c7b : 2 : ittapi_config_apply_per_lib :  ITTAPI function not implemented: __itt_region_begin
23317 : 0x316e156d3996a6 : 2 : ittapi_config_apply_per_lib :  ITTAPI function not implemented: __itt_region_end
23317 : 0x316e156d399f82 : 2 : ittapi_config_apply_per_lib :  ITTAPI function instrumented: __itt_frame_begin_v3
23317 : 0x316e156d39a819 : 2 : ittapi_config_apply_per_lib :  ITTAPI function instrumented: __itt_frame_end_v3
23317 : 0x316e156d39b10b : 2 : ittapi_config_apply_per_lib :  ITTAPI function instrumented: __itt_frame_submit_v3
23317 : 0x316e156d39bafb : 2 : ittapi_config_apply_per_lib :  ITTAPI function not implemented: __itt_task_group
23317 : 0x316e156d39c38e : 2 : ittapi_config_apply_per_lib :  ITTAPI function instrumented: __itt_task_begin
23317 : 0x316e156d39cc2e : 2 : ittapi_config_apply_per_lib :  ITTAPI function instrumented: __itt_task_begin_fn
23317 : 0x316e156d39ee80 : 2 : ittapi_config_apply_per_lib :  ITTAPI function instrumented: __itt_task_end
23317 : 0x316e156d39f978 : 2 : ittapi_config_apply_per_lib :  ITTAPI function not implemented: __itt_counter_inc_v3
23317 : 0x316e156d3a03d9 : 2 : ittapi_config_apply_per_lib :  ITTAPI function not implemented: __itt_counter_inc_delta_v3
23317 : 0x316e156d3a0de7 : 2 : ittapi_config_apply_per_lib :  ITTAPI function not implemented: __itt_marker
23317 : 0x316e156d3a166b : 2 : ittapi_config_apply_per_lib :  ITTAPI function instrumented: __itt_metadata_add
23317 : 0x316e156d3a20c3 : 2 : ittapi_config_apply_per_lib :  ITTAPI function not implemented: __itt_metadata_str_add
23317 : 0x316e156d3a2ab6 : 2 : ittapi_config_apply_per_lib :  ITTAPI function not implemented: __itt_relation_add_to_current
23317 : 0x316e156d3a3496 : 2 : ittapi_config_apply_per_lib :  ITTAPI function not implemented: __itt_relation_add
23317 : 0x316e156d3a3cf7 : 2 : ittapi_config_apply_per_lib :  ITTAPI function instrumented: __itt_event_create
23317 : 0x316e156d3a4561 : 2 : ittapi_config_apply_per_lib :  ITTAPI function instrumented: __itt_event_start
23317 : 0x316e156d3a68c3 : 2 : ittapi_config_apply_per_lib :  ITTAPI function instrumented: __itt_event_end
23317 : 0x316e156d3a7060 : 2 : ittapi_config_apply_per_lib :  ITTAPI function NOT instrumented (not matched by --itt-config option): __itt_sync_set_name

23317 : 0x316e156d3a77e6 : 2 : ittapi_config_apply_per_lib :  ITTAPI function NOT instrumented (not matched by --itt-config option): __itt_notify_sync_name

23317 : 0x316e156d3a7f9d : 2 : ittapi_config_apply_per_lib :  ITTAPI function NOT instrumented (not matched by --itt-config option): __itt_notify_sync_prepare

23317 : 0x316e156d3a876d : 2 : ittapi_config_apply_per_lib :  ITTAPI function NOT instrumented (not matched by --itt-config option): __itt_notify_sync_cancel

23317 : 0x316e156d3a8ee9 : 2 : ittapi_config_apply_per_lib :  ITTAPI function NOT instrumented (not matched by --itt-config option): __itt_notify_sync_acquired

23317 : 0x316e156d3a965f : 2 : ittapi_config_apply_per_lib :  ITTAPI function NOT instrumented (not matched by --itt-config option): __itt_notify_sync_releasing

23317 : 0x316e156d3aa0d6 : 2 : ittapi_config_apply_per_lib :  ITTAPI function not implemented: __itt_memory_read
23317 : 0x316e156d3aab11 : 2 : ittapi_config_apply_per_lib :  ITTAPI function not implemented: __itt_memory_write
23317 : 0x316e156d3ab517 : 2 : ittapi_config_apply_per_lib :  ITTAPI function not implemented: __itt_memory_update
23317 : 0x316e156d3ae58a : 2 : ittapi_config_apply_per_lib :  ITTAPI function not implemented: __itt_state_get
23317 : 0x316e156d3aefdb : 2 : ittapi_config_apply_per_lib :  ITTAPI function not implemented: __itt_state_set
23317 : 0x316e156d3af997 : 2 : ittapi_config_apply_per_lib :  ITTAPI function not implemented: __itt_obj_mode_set
23317 : 0x316e156d3b039d : 2 : ittapi_config_apply_per_lib :  ITTAPI function not implemented: __itt_thr_mode_set
23317 : 0x316e156d3b0bc8 : 2 : ittapi_config_apply_per_lib :  ITTAPI function instrumented: __itt_frame_create
23317 : 0x316e156d3b1451 : 2 : ittapi_config_apply_per_lib :  ITTAPI function instrumented: __itt_frame_begin
23317 : 0x316e156d3b1d20 : 2 : ittapi_config_apply_per_lib :  ITTAPI function instrumented: __itt_frame_end
23317 : 0x316e156d3b2584 : 2 : ittapi_config_apply_per_lib :  ITTAPI function instrumented: __itt_counter_create
23317 : 0x316e156d3b2f5a : 2 : ittapi_config_apply_per_lib :  ITTAPI function not implemented: __itt_counter_destroy
23317 : 0x316e156d3b3825 : 2 : ittapi_config_apply_per_lib :  ITTAPI function instrumented: __itt_counter_inc
23317 : 0x316e156d3b5b57 : 2 : ittapi_config_apply_per_lib :  ITTAPI function instrumented: __itt_counter_inc_delta
23317 : 0x316e156d3b65b4 : 2 : ittapi_config_apply_per_lib :  ITTAPI function not implemented: __itt_mark_create
23317 : 0x316e156d3b6fe2 : 2 : ittapi_config_apply_per_lib :  ITTAPI function not implemented: __itt_mark
23317 : 0x316e156d3b7a44 : 2 : ittapi_config_apply_per_lib :  ITTAPI function not implemented: __itt_mark_off
23317 : 0x316e156d3b8433 : 2 : ittapi_config_apply_per_lib :  ITTAPI function not implemented: __itt_mark_global
23317 : 0x316e156d3b8dfe : 2 : ittapi_config_apply_per_lib :  ITTAPI function not implemented: __itt_mark_global_off
23317 : 0x316e156d3b96f2 : 2 : ittapi_config_apply_per_lib :  ITTAPI function instrumented: __itt_stack_caller_create
23317 : 0x316e156d3b9fb7 : 2 : ittapi_config_apply_per_lib :  ITTAPI function instrumented: __itt_stack_caller_destroy
23317 : 0x316e156d3ba877 : 2 : ittapi_config_apply_per_lib :  ITTAPI function instrumented: __itt_stack_callee_enter
23317 : 0x316e156d3bb12c : 2 : ittapi_config_apply_per_lib :  ITTAPI function instrumented: __itt_stack_callee_leave
23317 : 0x316e156d3bd494 : 2 : ittapi_config_apply_per_lib :  ITTAPI function not implemented: __itt_clock_domain_create
23317 : 0x316e156d3bdf43 : 2 : ittapi_config_apply_per_lib :  ITTAPI function not implemented: __itt_clock_domain_reset
23317 : 0x316e156d3be8bd : 2 : ittapi_config_apply_per_lib :  ITTAPI function not implemented: __itt_id_create_ex
23317 : 0x316e156d3bf2a5 : 2 : ittapi_config_apply_per_lib :  ITTAPI function not implemented: __itt_id_destroy_ex
23317 : 0x316e156d3bfcb1 : 2 : ittapi_config_apply_per_lib :  ITTAPI function not implemented: __itt_task_begin_ex
23317 : 0x316e156d3c06ab : 2 : ittapi_config_apply_per_lib :  ITTAPI function not implemented: __itt_task_begin_fn_ex
23317 : 0x316e156d3c1095 : 2 : ittapi_config_apply_per_lib :  ITTAPI function not implemented: __itt_task_end_ex
23317 : 0x316e156d3c1909 : 2 : ittapi_config_apply_per_lib :  ITTAPI function instrumented: __itt_task_begin_overlapped
23317 : 0x316e156d3c22ed : 2 : ittapi_config_apply_per_lib :  ITTAPI function not implemented: __itt_task_begin_overlapped_ex
23317 : 0x316e156d3c2b9c : 2 : ittapi_config_apply_per_lib :  ITTAPI function instrumented: __itt_task_end_overlapped
23317 : 0x316e156d3c4f22 : 2 : ittapi_config_apply_per_lib :  ITTAPI function not implemented: __itt_task_end_overlapped_ex
23317 : 0x316e156d3c598d : 2 : ittapi_config_apply_per_lib :  ITTAPI function not implemented: __itt_marker_ex
23317 : 0x316e156d3c63c6 : 2 : ittapi_config_apply_per_lib :  ITTAPI function not implemented: __itt_metadata_add_with_scope
23317 : 0x316e156d3c6e2f : 2 : ittapi_config_apply_per_lib :  ITTAPI function not implemented: __itt_metadata_str_add_with_scope
23317 : 0x316e156d3c788e : 2 : ittapi_config_apply_per_lib :  ITTAPI function not implemented: __itt_relation_add_to_current_ex
23317 : 0x316e156d3c8250 : 2 : ittapi_config_apply_per_lib :  ITTAPI function not implemented: __itt_relation_add_ex
23317 : 0x316e156d3c8c56 : 2 : ittapi_config_apply_per_lib :  ITTAPI function not implemented: __itt_track_group_create
23317 : 0x316e156d3c9610 : 2 : ittapi_config_apply_per_lib :  ITTAPI function not implemented: __itt_track_create
23317 : 0x316e156d3c9fbf : 2 : ittapi_config_apply_per_lib :  ITTAPI function not implemented: __itt_set_track
23317 : 0x316e156d3ca84f : 2 : ittapi_config_apply_per_lib :  ITTAPI function instrumented: __itt_api_version
23317 : 0x316e156d3cd772 : 2 : ittapi_config_apply_per_lib :  ITTAPI function not implemented: __itt_av_save