<?xml version="1.0" encoding="utf-8"?>
<log version="1.0" tool="runtool">

<msg id="1" tool="runtool">
  <type>log-start</type>
  <arg>2022/07/21 21:43:12</arg>
</msg>
<msg id="2" tool="runtool">
  <type>collector-starts</type>
</msg>
<msg id="3" tool="runtool">
  <type>marker-file</type>
  <arg>/home/llopis/src/coral-demo-cor23/advisor-roofline/profile-mult-many-aos/e000/dp000/dp000.advixe</arg>
</msg>
<msg id="4" tool="tc">
  <type>START</type>
  <severity>INFO</severity>
  <timestamp>Thu Jul 21 21:43:13 2022</timestamp>
</msg>
<msg id="5" tool="tc">
  <type>EXEC_OF_INTEREST</type>
  <arg>/home/llopis/src/coral-demo-cor23/advisor-roofline/mult-many-aos</arg>
  <arg>28846</arg>
  <severity>INFO</severity>
  <timestamp>Thu Jul 21 21:43:13 2022</timestamp>
</msg>
<msg id="6" tool="tc">
  <type>LOAD_MODULE</type>
  <arg>/home/llopis/src/coral-demo-cor23/advisor-roofline/mult-many-aos</arg>
  <arg>0x400000</arg>
  <arg>0x6057ef</arg>
  <arg>2</arg>
  <severity>INFO</severity>
  <timestamp>Thu Jul 21 21:43:13 2022</timestamp>
</msg>
<msg id="7" tool="tc">
  <type>LOAD_MODULE</type>
  <arg>/lib64/ld-linux-x86-64.so.2</arg>
  <arg>0x2b60e69c9000</arg>
  <arg>0x2b60e6bec14f</arg>
  <arg>3</arg>
  <severity>INFO</severity>
  <timestamp>Thu Jul 21 21:43:13 2022</timestamp>
</msg>
<msg id="8" tool="tc">
  <type>LOAD_MODULE</type>
  <arg>[vdso]</arg>
  <arg>0x7ffd273c3000</arg>
  <arg>0x7ffd273c3e6c</arg>
  <arg>4</arg>
  <severity>INFO</severity>
  <timestamp>Thu Jul 21 21:43:13 2022</timestamp>
</msg>
<msg id="9" tool="tc">
  <type>LOAD_MODULE</type>
  <arg>/lib64/libm.so.6</arg>
  <arg>0x2b60fd378000</arg>
  <arg>0x2b60fd679127</arg>
  <arg>5</arg>
  <severity>INFO</severity>
  <timestamp>Thu Jul 21 21:43:13 2022</timestamp>
</msg>
<msg id="10" tool="tc">
  <type>LOAD_MODULE</type>
  <arg>/ssoft/spack/arvine/v1/opt/spack/linux-rhel7-haswell/gcc-4.8.5/intel-19.0.5-wvfmqbnhon3gjhmctxz4bfs6z7udbgix/compilers_and_libraries_2019.5.281/linux/compiler/lib/intel64/libiomp5.so</arg>
  <arg>0x2b60fd6d4000</arg>
  <arg>0x2b60fdac833f</arg>
  <arg>6</arg>
  <severity>INFO</severity>
  <timestamp>Thu Jul 21 21:43:13 2022</timestamp>
</msg>
<msg id="11" tool="tc">
  <type>LOAD_MODULE</type>
  <arg>/ssoft/spack/arvine/v1/opt/spack/linux-rhel7-haswell/gcc-4.8.5/gcc-8.4.0-fgpbrrd26pxv56imea5tnqj67vxh3a64/lib64/libgcc_s.so.1</arg>
  <arg>0x2b60fdaca000</arg>
  <arg>0x2b60fdce144f</arg>
  <arg>7</arg>
  <severity>INFO</severity>
  <timestamp>Thu Jul 21 21:43:13 2022</timestamp>
</msg>
<msg id="12" tool="tc">
  <type>LOAD_MODULE</type>
  <arg>/lib64/libpthread.so.0</arg>
  <arg>0x2b60fdce8000</arg>
  <arg>0x2b60fdf03487</arg>
  <arg>8</arg>
  <severity>INFO</severity>
  <timestamp>Thu Jul 21 21:43:13 2022</timestamp>
</msg>
<msg id="13" tool="tc">
  <type>LOAD_MODULE</type>
  <arg>/lib64/libc.so.6</arg>
  <arg>0x2b60fdf04000</arg>
  <arg>0x2b60fe2d01df</arg>
  <arg>9</arg>
  <severity>INFO</severity>
  <timestamp>Thu Jul 21 21:43:13 2022</timestamp>
</msg>
<msg id="14" tool="tc">
  <type>LOAD_MODULE</type>
  <arg>/lib64/libdl.so.2</arg>
  <arg>0x2b60fe2ee000</arg>
  <arg>0x2b60fe4f110f</arg>
  <arg>10</arg>
  <severity>INFO</severity>
  <timestamp>Thu Jul 21 21:43:13 2022</timestamp>
</msg>
<msg id="15" tool="tc">
  <type>LOAD_MODULE</type>
  <arg>/work/scitas-ge/richart/test_stacks/syrah/v1/opt/spack/linux-rhel7-skylake_avx512/gcc-8.4.0/intel-oneapi-advisor-2021.4.0-any7cfov5s4ujprr7plf7ks7xzoyqljz/advisor/2021.4.0/lib64/runtime/libittnotify.so</arg>
  <arg>0x2b60ffe1f000</arg>
  <arg>0x2b610002b65f</arg>
  <arg>11</arg>
  <severity>INFO</severity>
  <timestamp>Thu Jul 21 21:43:14 2022</timestamp>
</msg>
<msg id="16" tool="tc">
  <type>UNLOAD_MODULE</type>
  <arg>/home/llopis/src/coral-demo-cor23/advisor-roofline/mult-many-aos</arg>
  <arg>2</arg>
  <severity>INFO</severity>
  <timestamp>Thu Jul 21 21:43:19 2022</timestamp>
</msg>
<msg id="17" tool="tc">
  <type>UNLOAD_MODULE</type>
  <arg>/lib64/ld-linux-x86-64.so.2</arg>
  <arg>3</arg>
  <severity>INFO</severity>
  <timestamp>Thu Jul 21 21:43:19 2022</timestamp>
</msg>
<msg id="18" tool="tc">
  <type>UNLOAD_MODULE</type>
  <arg>[vdso]</arg>
  <arg>4</arg>
  <severity>INFO</severity>
  <timestamp>Thu Jul 21 21:43:19 2022</timestamp>
</msg>
<msg id="19" tool="tc">
  <type>UNLOAD_MODULE</type>
  <arg>/lib64/libm.so.6</arg>
  <arg>5</arg>
  <severity>INFO</severity>
  <timestamp>Thu Jul 21 21:43:19 2022</timestamp>
</msg>
<msg id="20" tool="tc">
  <type>UNLOAD_MODULE</type>
  <arg>/ssoft/spack/arvine/v1/opt/spack/linux-rhel7-haswell/gcc-4.8.5/intel-19.0.5-wvfmqbnhon3gjhmctxz4bfs6z7udbgix/compilers_and_libraries_2019.5.281/linux/compiler/lib/intel64/libiomp5.so</arg>
  <arg>6</arg>
  <severity>INFO</severity>
  <timestamp>Thu Jul 21 21:43:19 2022</timestamp>
</msg>
<msg id="21" tool="tc">
  <type>UNLOAD_MODULE</type>
  <arg>/ssoft/spack/arvine/v1/opt/spack/linux-rhel7-haswell/gcc-4.8.5/gcc-8.4.0-fgpbrrd26pxv56imea5tnqj67vxh3a64/lib64/libgcc_s.so.1</arg>
  <arg>7</arg>
  <severity>INFO</severity>
  <timestamp>Thu Jul 21 21:43:19 2022</timestamp>
</msg>
<msg id="22" tool="tc">
  <type>UNLOAD_MODULE</type>
  <arg>/lib64/libpthread.so.0</arg>
  <arg>8</arg>
  <severity>INFO</severity>
  <timestamp>Thu Jul 21 21:43:19 2022</timestamp>
</msg>
<msg id="23" tool="tc">
  <type>UNLOAD_MODULE</type>
  <arg>/lib64/libc.so.6</arg>
  <arg>9</arg>
  <severity>INFO</severity>
  <timestamp>Thu Jul 21 21:43:19 2022</timestamp>
</msg>
<msg id="24" tool="tc">
  <type>UNLOAD_MODULE</type>
  <arg>/lib64/libdl.so.2</arg>
  <arg>10</arg>
  <severity>INFO</severity>
  <timestamp>Thu Jul 21 21:43:19 2022</timestamp>
</msg>
<msg id="25" tool="tc">
  <type>UNLOAD_MODULE</type>
  <arg>/work/scitas-ge/richart/test_stacks/syrah/v1/opt/spack/linux-rhel7-skylake_avx512/gcc-8.4.0/intel-oneapi-advisor-2021.4.0-any7cfov5s4ujprr7plf7ks7xzoyqljz/advisor/2021.4.0/lib64/runtime/libittnotify.so</arg>
  <arg>11</arg>
  <severity>INFO</severity>
  <timestamp>Thu Jul 21 21:43:19 2022</timestamp>
</msg>
<msg id="26" tool="tc">
  <type>PROCESS_TERMINATE</type>
  <arg>/home/llopis/src/coral-demo-cor23/advisor-roofline/mult-many-aos</arg>
  <arg>28846</arg>
  <severity>INFO</severity>
  <timestamp>Thu Jul 21 21:43:19 2022</timestamp>
</msg>
<msg id="27" tool="tc">
  <type>NO_ANNOTATIONS</type>
  <severity>WARNING</severity>
  <timestamp>Thu Jul 21 21:43:19 2022</timestamp>
</msg>
<msg id="28" tool="tc">
  <type>ANALYSIS_COMPLETE</type>
  <severity>INFO</severity>
  <timestamp>Thu Jul 21 21:43:19 2022</timestamp>
</msg>
<msg id="29" tool="tc">
  <type>STOP</type>
  <severity>INFO</severity>
  <timestamp>Thu Jul 21 21:43:19 2022</timestamp>
</msg>
<msg id="30" tool="runtool">
  <type>app-exit-code</type>
  <arg>0</arg>
</msg>
<msg id="31" tool="runtool">
  <type>marker-file</type>
  <arg>/home/llopis/src/coral-demo-cor23/advisor-roofline/profile-mult-many-aos/e000/dp000/dp000.advixe</arg>
</msg>
<msg id="32" tool="runtool">
  <type>collector-done</type>
</msg>
<msg id="33" tool="runtool">
  <type>log-end</type>
  <arg>2022/07/21 21:43:23</arg>
</msg>

</log>

